{"/Users/macbook/Documents/apm2/AperiodicMinesweepr/src/geometry.js": {"path":"/Users/macbook/Documents/apm2/AperiodicMinesweepr/src/geometry.js","statementMap":{"0":{"start":{"line":1,"column":11},"end":{"line":1,"column":29}},"1":{"start":{"line":2,"column":12},"end":{"line":2,"column":30}},"2":{"start":{"line":3,"column":14},"end":{"line":3,"column":32}},"3":{"start":{"line":5,"column":29},"end":{"line":5,"column":385}},"4":{"start":{"line":6,"column":34},"end":{"line":6,"column":282}},"5":{"start":{"line":11,"column":20},"end":{"line":25,"column":1}},"6":{"start":{"line":30,"column":2},"end":{"line":30,"column":24}},"7":{"start":{"line":34,"column":2},"end":{"line":34,"column":34}},"8":{"start":{"line":39,"column":14},"end":{"line":39,"column":39}},"9":{"start":{"line":40,"column":2},"end":{"line":47,"column":4}},"10":{"start":{"line":52,"column":2},"end":{"line":60,"column":4}},"11":{"start":{"line":64,"column":16},"end":{"line":64,"column":51}},"12":{"start":{"line":66,"column":22},"end":{"line":66,"column":64}},"13":{"start":{"line":68,"column":22},"end":{"line":71,"column":4}},"14":{"start":{"line":73,"column":2},"end":{"line":77,"column":44}},"15":{"start":{"line":77,"column":15},"end":{"line":77,"column":42}},"16":{"start":{"line":82,"column":2},"end":{"line":82,"column":40}},"17":{"start":{"line":86,"column":2},"end":{"line":86,"column":40}},"18":{"start":{"line":91,"column":12},"end":{"line":91,"column":20}},"19":{"start":{"line":92,"column":12},"end":{"line":92,"column":20}},"20":{"start":{"line":93,"column":2},"end":{"line":93,"column":29}},"21":{"start":{"line":97,"column":24},"end":{"line":97,"column":25}},"22":{"start":{"line":98,"column":2},"end":{"line":98,"column":26}},"23":{"start":{"line":103,"column":2},"end":{"line":103,"column":30}},"24":{"start":{"line":107,"column":2},"end":{"line":107,"column":67}},"25":{"start":{"line":112,"column":2},"end":{"line":112,"column":76}},"26":{"start":{"line":117,"column":2},"end":{"line":117,"column":64}},"27":{"start":{"line":122,"column":2},"end":{"line":122,"column":54}},"28":{"start":{"line":127,"column":12},"end":{"line":127,"column":73}},"29":{"start":{"line":129,"column":4},"end":{"line":129,"column":71}},"30":{"start":{"line":132,"column":2},"end":{"line":132,"column":66}},"31":{"start":{"line":136,"column":0},"end":{"line":154,"column":1}},"32":{"start":{"line":137,"column":2},"end":{"line":153,"column":4}}},"fnMap":{"0":{"name":"pt","decl":{"start":{"line":29,"column":9},"end":{"line":29,"column":11}},"loc":{"start":{"line":29,"column":18},"end":{"line":31,"column":1}},"line":29},"1":{"name":"hexPt","decl":{"start":{"line":33,"column":9},"end":{"line":33,"column":14}},"loc":{"start":{"line":33,"column":21},"end":{"line":35,"column":1}},"line":33},"2":{"name":"inv","decl":{"start":{"line":38,"column":9},"end":{"line":38,"column":12}},"loc":{"start":{"line":38,"column":16},"end":{"line":48,"column":1}},"line":38},"3":{"name":"mul","decl":{"start":{"line":51,"column":9},"end":{"line":51,"column":12}},"loc":{"start":{"line":51,"column":19},"end":{"line":61,"column":1}},"line":51},"4":{"name":"matrixTo","decl":{"start":{"line":63,"column":9},"end":{"line":63,"column":17}},"loc":{"start":{"line":63,"column":24},"end":{"line":78,"column":1}},"line":63},"5":{"name":"(anonymous_5)","decl":{"start":{"line":77,"column":8},"end":{"line":77,"column":9}},"loc":{"start":{"line":77,"column":15},"end":{"line":77,"column":42}},"line":77},"6":{"name":"padd","decl":{"start":{"line":81,"column":9},"end":{"line":81,"column":13}},"loc":{"start":{"line":81,"column":20},"end":{"line":83,"column":1}},"line":81},"7":{"name":"psub","decl":{"start":{"line":85,"column":9},"end":{"line":85,"column":13}},"loc":{"start":{"line":85,"column":20},"end":{"line":87,"column":1}},"line":85},"8":{"name":"trot","decl":{"start":{"line":90,"column":9},"end":{"line":90,"column":13}},"loc":{"start":{"line":90,"column":19},"end":{"line":94,"column":1}},"line":90},"9":{"name":"getRotation","decl":{"start":{"line":96,"column":9},"end":{"line":96,"column":20}},"loc":{"start":{"line":96,"column":24},"end":{"line":99,"column":1}},"line":96},"10":{"name":"ttrans","decl":{"start":{"line":102,"column":9},"end":{"line":102,"column":15}},"loc":{"start":{"line":102,"column":24},"end":{"line":104,"column":1}},"line":102},"11":{"name":"rotAbout","decl":{"start":{"line":106,"column":9},"end":{"line":106,"column":17}},"loc":{"start":{"line":106,"column":26},"end":{"line":108,"column":1}},"line":106},"12":{"name":"transPt","decl":{"start":{"line":111,"column":9},"end":{"line":111,"column":16}},"loc":{"start":{"line":111,"column":23},"end":{"line":113,"column":1}},"line":111},"13":{"name":"matchSeg","decl":{"start":{"line":116,"column":9},"end":{"line":116,"column":17}},"loc":{"start":{"line":116,"column":24},"end":{"line":118,"column":1}},"line":116},"14":{"name":"matchTwo","decl":{"start":{"line":121,"column":9},"end":{"line":121,"column":17}},"loc":{"start":{"line":121,"column":34},"end":{"line":123,"column":1}},"line":121},"15":{"name":"intersect","decl":{"start":{"line":126,"column":9},"end":{"line":126,"column":18}},"loc":{"start":{"line":126,"column":35},"end":{"line":133,"column":1}},"line":126}},"branchMap":{"0":{"loc":{"start":{"line":136,"column":0},"end":{"line":154,"column":1}},"type":"if","locations":[{"start":{"line":136,"column":0},"end":{"line":154,"column":1}},{"start":{},"end":{}}],"line":136},"1":{"loc":{"start":{"line":136,"column":4},"end":{"line":136,"column":51}},"type":"binary-expr","locations":[{"start":{"line":136,"column":4},"end":{"line":136,"column":33}},{"start":{"line":136,"column":37},"end":{"line":136,"column":51}}],"line":136}},"s":{"0":1,"1":1,"2":1,"3":1,"4":1,"5":1,"6":42,"7":14,"8":3,"9":3,"10":7,"11":1,"12":1,"13":1,"14":1,"15":9,"16":1,"17":1,"18":2,"19":2,"20":2,"21":1,"22":1,"23":5,"24":1,"25":10,"26":3,"27":1,"28":1,"29":1,"30":1,"31":1,"32":1},"f":{"0":42,"1":14,"2":3,"3":7,"4":1,"5":9,"6":1,"7":1,"8":2,"9":1,"10":5,"11":1,"12":10,"13":3,"14":1,"15":1},"b":{"0":[1,0],"1":[1,1]},"_coverageSchema":"1a1c01bbd47fc00a2c39e90264f33305004495a9","hash":"4354bcd611b93133b835b112a9358b108e081dbc"}
,"/Users/macbook/Documents/apm2/AperiodicMinesweepr/src/hat.js": {"path":"/Users/macbook/Documents/apm2/AperiodicMinesweepr/src/hat.js","statementMap":{"0":{"start":{"line":3,"column":16},"end":{"line":3,"column":37}},"1":{"start":{"line":4,"column":25},"end":{"line":4,"column":43}},"2":{"start":{"line":5,"column":18},"end":{"line":5,"column":20}},"3":{"start":{"line":6,"column":15},"end":{"line":6,"column":16}},"4":{"start":{"line":10,"column":14},"end":{"line":10,"column":16}},"5":{"start":{"line":12,"column":24},"end":{"line":12,"column":50}},"6":{"start":{"line":13,"column":21},"end":{"line":17,"column":1}},"7":{"start":{"line":18,"column":31},"end":{"line":18,"column":32}},"8":{"start":{"line":19,"column":22},"end":{"line":19,"column":81}},"9":{"start":{"line":37,"column":19},"end":{"line":37,"column":23}},"10":{"start":{"line":38,"column":20},"end":{"line":38,"column":24}},"11":{"start":{"line":40,"column":15},"end":{"line":40,"column":20}},"12":{"start":{"line":41,"column":15},"end":{"line":41,"column":20}},"13":{"start":{"line":42,"column":21},"end":{"line":42,"column":26}},"14":{"start":{"line":43,"column":20},"end":{"line":43,"column":25}},"15":{"start":{"line":44,"column":15},"end":{"line":44,"column":20}},"16":{"start":{"line":45,"column":12},"end":{"line":45,"column":16}},"17":{"start":{"line":46,"column":17},"end":{"line":46,"column":20}},"18":{"start":{"line":47,"column":21},"end":{"line":47,"column":24}},"19":{"start":{"line":48,"column":17},"end":{"line":48,"column":19}},"20":{"start":{"line":50,"column":19},"end":{"line":50,"column":20}},"21":{"start":{"line":51,"column":18},"end":{"line":51,"column":19}},"22":{"start":{"line":52,"column":23},"end":{"line":52,"column":25}},"23":{"start":{"line":55,"column":17},"end":{"line":55,"column":18}},"24":{"start":{"line":58,"column":13},"end":{"line":58,"column":15}},"25":{"start":{"line":65,"column":2},"end":{"line":65,"column":39}},"26":{"start":{"line":65,"column":15},"end":{"line":65,"column":39}},"27":{"start":{"line":67,"column":2},"end":{"line":71,"column":3}},"28":{"start":{"line":68,"column":4},"end":{"line":70,"column":34}},"29":{"start":{"line":69,"column":6},"end":{"line":69,"column":27}},"30":{"start":{"line":70,"column":11},"end":{"line":70,"column":34}},"31":{"start":{"line":72,"column":2},"end":{"line":72,"column":24}},"32":{"start":{"line":77,"column":21},"end":{"line":77,"column":61}},"33":{"start":{"line":78,"column":2},"end":{"line":95,"column":3}},"34":{"start":{"line":79,"column":2},"end":{"line":85,"column":4}},"35":{"start":{"line":88,"column":4},"end":{"line":94,"column":6}},"36":{"start":{"line":99,"column":21},"end":{"line":99,"column":61}},"37":{"start":{"line":100,"column":16},"end":{"line":100,"column":88}},"38":{"start":{"line":101,"column":19},"end":{"line":101,"column":38}},"39":{"start":{"line":102,"column":19},"end":{"line":102,"column":38}},"40":{"start":{"line":103,"column":2},"end":{"line":109,"column":4}},"41":{"start":{"line":110,"column":2},"end":{"line":124,"column":3}},"42":{"start":{"line":111,"column":4},"end":{"line":111,"column":30}},"43":{"start":{"line":112,"column":32},"end":{"line":117,"column":5}},"44":{"start":{"line":118,"column":4},"end":{"line":118,"column":55}},"45":{"start":{"line":119,"column":15},"end":{"line":119,"column":55}},"46":{"start":{"line":120,"column":4},"end":{"line":120,"column":24}},"47":{"start":{"line":121,"column":4},"end":{"line":121,"column":20}},"48":{"start":{"line":122,"column":4},"end":{"line":122,"column":16}},"49":{"start":{"line":123,"column":4},"end":{"line":123,"column":44}},"50":{"start":{"line":127,"column":2},"end":{"line":127,"column":9}},"51":{"start":{"line":128,"column":15},"end":{"line":128,"column":33}},"52":{"start":{"line":130,"column":2},"end":{"line":130,"column":15}},"53":{"start":{"line":131,"column":2},"end":{"line":131,"column":23}},"54":{"start":{"line":132,"column":2},"end":{"line":132,"column":18}},"55":{"start":{"line":134,"column":2},"end":{"line":134,"column":15}},"56":{"start":{"line":136,"column":2},"end":{"line":139,"column":3}},"57":{"start":{"line":137,"column":15},"end":{"line":137,"column":62}},"58":{"start":{"line":138,"column":4},"end":{"line":138,"column":23}},"59":{"start":{"line":141,"column":2},"end":{"line":141,"column":18}},"60":{"start":{"line":142,"column":2},"end":{"line":153,"column":3}},"61":{"start":{"line":143,"column":4},"end":{"line":143,"column":30}},"62":{"start":{"line":144,"column":23},"end":{"line":144,"column":113}},"63":{"start":{"line":145,"column":4},"end":{"line":149,"column":5}},"64":{"start":{"line":146,"column":6},"end":{"line":146,"column":14}},"65":{"start":{"line":148,"column":6},"end":{"line":148,"column":16}},"66":{"start":{"line":150,"column":15},"end":{"line":150,"column":55}},"67":{"start":{"line":151,"column":4},"end":{"line":151,"column":16}},"68":{"start":{"line":152,"column":4},"end":{"line":152,"column":44}},"69":{"start":{"line":154,"column":2},"end":{"line":165,"column":3}},"70":{"start":{"line":156,"column":23},"end":{"line":156,"column":63}},"71":{"start":{"line":157,"column":4},"end":{"line":157,"column":16}},"72":{"start":{"line":158,"column":4},"end":{"line":158,"column":15}},"73":{"start":{"line":159,"column":4},"end":{"line":163,"column":6}},"74":{"start":{"line":164,"column":4},"end":{"line":164,"column":19}},"75":{"start":{"line":166,"column":2},"end":{"line":166,"column":8}},"76":{"start":{"line":171,"column":2},"end":{"line":171,"column":45}},"77":{"start":{"line":172,"column":2},"end":{"line":172,"column":45}},"78":{"start":{"line":177,"column":2},"end":{"line":177,"column":16}},"79":{"start":{"line":178,"column":2},"end":{"line":178,"column":21}},"80":{"start":{"line":179,"column":2},"end":{"line":179,"column":22}},"81":{"start":{"line":180,"column":2},"end":{"line":180,"column":22}},"82":{"start":{"line":181,"column":2},"end":{"line":181,"column":16}},"83":{"start":{"line":185,"column":14},"end":{"line":185,"column":27}},"84":{"start":{"line":186,"column":2},"end":{"line":186,"column":30}},"85":{"start":{"line":187,"column":2},"end":{"line":187,"column":30}},"86":{"start":{"line":191,"column":18},"end":{"line":191,"column":37}},"87":{"start":{"line":192,"column":2},"end":{"line":219,"column":5}},"88":{"start":{"line":194,"column":29},"end":{"line":194,"column":148}},"89":{"start":{"line":195,"column":6},"end":{"line":195,"column":46}},"90":{"start":{"line":196,"column":6},"end":{"line":196,"column":40}},"91":{"start":{"line":199,"column":25},"end":{"line":201,"column":53}},"92":{"start":{"line":202,"column":25},"end":{"line":202,"column":65}},"93":{"start":{"line":203,"column":6},"end":{"line":203,"column":44}},"94":{"start":{"line":206,"column":27},"end":{"line":210,"column":7}},"95":{"start":{"line":211,"column":33},"end":{"line":211,"column":111}},"96":{"start":{"line":213,"column":6},"end":{"line":213,"column":85}},"97":{"start":{"line":215,"column":20},"end":{"line":215,"column":38}},"98":{"start":{"line":216,"column":6},"end":{"line":218,"column":9}},"99":{"start":{"line":217,"column":10},"end":{"line":217,"column":67}},"100":{"start":{"line":223,"column":26},"end":{"line":223,"column":54}},"101":{"start":{"line":224,"column":2},"end":{"line":224,"column":32}},"102":{"start":{"line":226,"column":23},"end":{"line":226,"column":61}},"103":{"start":{"line":227,"column":2},"end":{"line":227,"column":29}},"104":{"start":{"line":228,"column":2},"end":{"line":230,"column":5}},"105":{"start":{"line":229,"column":7},"end":{"line":229,"column":48}},"106":{"start":{"line":232,"column":28},"end":{"line":232,"column":56}},"107":{"start":{"line":233,"column":2},"end":{"line":233,"column":34}},"108":{"start":{"line":235,"column":25},"end":{"line":235,"column":65}},"109":{"start":{"line":236,"column":2},"end":{"line":236,"column":31}},"110":{"start":{"line":238,"column":2},"end":{"line":241,"column":5}},"111":{"start":{"line":239,"column":6},"end":{"line":239,"column":51}},"112":{"start":{"line":240,"column":6},"end":{"line":240,"column":27}},"113":{"start":{"line":243,"column":22},"end":{"line":243,"column":52}},"114":{"start":{"line":244,"column":2},"end":{"line":244,"column":28}},"115":{"start":{"line":245,"column":2},"end":{"line":247,"column":5}},"116":{"start":{"line":246,"column":6},"end":{"line":246,"column":27}},"117":{"start":{"line":249,"column":17},"end":{"line":249,"column":28}},"118":{"start":{"line":250,"column":2},"end":{"line":250,"column":23}},"119":{"start":{"line":251,"column":2},"end":{"line":251,"column":33}},"120":{"start":{"line":254,"column":23},"end":{"line":254,"column":63}},"121":{"start":{"line":255,"column":2},"end":{"line":255,"column":29}},"122":{"start":{"line":256,"column":2},"end":{"line":256,"column":37}},"123":{"start":{"line":259,"column":21},"end":{"line":259,"column":43}},"124":{"start":{"line":260,"column":2},"end":{"line":260,"column":27}},"125":{"start":{"line":261,"column":2},"end":{"line":267,"column":5}},"126":{"start":{"line":262,"column":4},"end":{"line":262,"column":37}},"127":{"start":{"line":263,"column":4},"end":{"line":263,"column":39}},"128":{"start":{"line":264,"column":4},"end":{"line":264,"column":45}},"129":{"start":{"line":265,"column":4},"end":{"line":265,"column":49}},"130":{"start":{"line":266,"column":4},"end":{"line":266,"column":25}},"131":{"start":{"line":270,"column":21},"end":{"line":270,"column":43}},"132":{"start":{"line":271,"column":2},"end":{"line":271,"column":27}},"133":{"start":{"line":272,"column":2},"end":{"line":278,"column":5}},"134":{"start":{"line":273,"column":4},"end":{"line":273,"column":37}},"135":{"start":{"line":274,"column":4},"end":{"line":274,"column":39}},"136":{"start":{"line":275,"column":4},"end":{"line":275,"column":45}},"137":{"start":{"line":276,"column":4},"end":{"line":276,"column":49}},"138":{"start":{"line":277,"column":4},"end":{"line":277,"column":25}},"139":{"start":{"line":281,"column":20},"end":{"line":281,"column":41}},"140":{"start":{"line":282,"column":2},"end":{"line":282,"column":26}},"141":{"start":{"line":283,"column":2},"end":{"line":289,"column":5}},"142":{"start":{"line":284,"column":4},"end":{"line":284,"column":37}},"143":{"start":{"line":285,"column":4},"end":{"line":285,"column":39}},"144":{"start":{"line":286,"column":4},"end":{"line":286,"column":45}},"145":{"start":{"line":287,"column":4},"end":{"line":287,"column":49}},"146":{"start":{"line":288,"column":4},"end":{"line":288,"column":25}},"147":{"start":{"line":292,"column":19},"end":{"line":292,"column":39}},"148":{"start":{"line":293,"column":2},"end":{"line":293,"column":25}},"149":{"start":{"line":294,"column":2},"end":{"line":300,"column":5}},"150":{"start":{"line":295,"column":4},"end":{"line":295,"column":37}},"151":{"start":{"line":296,"column":4},"end":{"line":296,"column":39}},"152":{"start":{"line":297,"column":4},"end":{"line":297,"column":45}},"153":{"start":{"line":298,"column":4},"end":{"line":298,"column":49}},"154":{"start":{"line":299,"column":4},"end":{"line":299,"column":25}},"155":{"start":{"line":304,"column":18},"end":{"line":304,"column":71}},"156":{"start":{"line":306,"column":19},"end":{"line":310,"column":3}},"157":{"start":{"line":311,"column":2},"end":{"line":311,"column":25}},"158":{"start":{"line":312,"column":2},"end":{"line":312,"column":63}},"159":{"start":{"line":314,"column":2},"end":{"line":314,"column":22}},"160":{"start":{"line":319,"column":2},"end":{"line":319,"column":29}},"161":{"start":{"line":319,"column":22},"end":{"line":319,"column":29}},"162":{"start":{"line":321,"column":21},"end":{"line":321,"column":29}},"163":{"start":{"line":322,"column":20},"end":{"line":322,"column":66}},"164":{"start":{"line":324,"column":16},"end":{"line":324,"column":44}},"165":{"start":{"line":325,"column":16},"end":{"line":325,"column":32}},"166":{"start":{"line":327,"column":2},"end":{"line":327,"column":48}},"167":{"start":{"line":328,"column":2},"end":{"line":328,"column":48}},"168":{"start":{"line":330,"column":2},"end":{"line":330,"column":52}},"169":{"start":{"line":334,"column":2},"end":{"line":334,"column":24}},"170":{"start":{"line":335,"column":2},"end":{"line":335,"column":25}},"171":{"start":{"line":339,"column":2},"end":{"line":339,"column":24}},"172":{"start":{"line":340,"column":2},"end":{"line":340,"column":10}},"173":{"start":{"line":343,"column":2},"end":{"line":343,"column":23}},"174":{"start":{"line":348,"column":15},"end":{"line":348,"column":39}},"175":{"start":{"line":349,"column":2},"end":{"line":349,"column":25}},"176":{"start":{"line":351,"column":2},"end":{"line":351,"column":36}},"177":{"start":{"line":352,"column":2},"end":{"line":364,"column":5}},"178":{"start":{"line":353,"column":4},"end":{"line":353,"column":45}},"179":{"start":{"line":354,"column":4},"end":{"line":354,"column":14}},"180":{"start":{"line":355,"column":4},"end":{"line":355,"column":14}},"181":{"start":{"line":356,"column":4},"end":{"line":356,"column":44}},"182":{"start":{"line":357,"column":4},"end":{"line":357,"column":33}},"183":{"start":{"line":358,"column":4},"end":{"line":358,"column":20}},"184":{"start":{"line":359,"column":4},"end":{"line":359,"column":19}},"185":{"start":{"line":360,"column":4},"end":{"line":360,"column":15}},"186":{"start":{"line":361,"column":4},"end":{"line":361,"column":16}},"187":{"start":{"line":362,"column":4},"end":{"line":362,"column":17}},"188":{"start":{"line":363,"column":4},"end":{"line":363,"column":11}},"189":{"start":{"line":366,"column":2},"end":{"line":366,"column":47}},"190":{"start":{"line":368,"column":2},"end":{"line":383,"column":5}},"191":{"start":{"line":369,"column":4},"end":{"line":382,"column":5}},"192":{"start":{"line":370,"column":6},"end":{"line":376,"column":7}},"193":{"start":{"line":370,"column":18},"end":{"line":370,"column":19}},"194":{"start":{"line":371,"column":22},"end":{"line":371,"column":46}},"195":{"start":{"line":372,"column":8},"end":{"line":372,"column":42}},"196":{"start":{"line":373,"column":20},"end":{"line":373,"column":61}},"197":{"start":{"line":374,"column":8},"end":{"line":374,"column":40}},"198":{"start":{"line":375,"column":8},"end":{"line":375,"column":16}},"199":{"start":{"line":377,"column":18},"end":{"line":377,"column":59}},"200":{"start":{"line":378,"column":6},"end":{"line":378,"column":38}},"201":{"start":{"line":379,"column":6},"end":{"line":379,"column":19}},"202":{"start":{"line":380,"column":6},"end":{"line":380,"column":19}},"203":{"start":{"line":381,"column":6},"end":{"line":381,"column":13}},"204":{"start":{"line":385,"column":2},"end":{"line":385,"column":58}},"205":{"start":{"line":386,"column":2},"end":{"line":386,"column":39}},"206":{"start":{"line":388,"column":2},"end":{"line":388,"column":54}},"207":{"start":{"line":389,"column":2},"end":{"line":389,"column":39}},"208":{"start":{"line":392,"column":2},"end":{"line":392,"column":46}},"209":{"start":{"line":393,"column":2},"end":{"line":396,"column":5}},"210":{"start":{"line":394,"column":4},"end":{"line":394,"column":23}},"211":{"start":{"line":395,"column":4},"end":{"line":395,"column":11}},"212":{"start":{"line":399,"column":23},"end":{"line":399,"column":104}},"213":{"start":{"line":400,"column":2},"end":{"line":406,"column":5}},"214":{"start":{"line":402,"column":4},"end":{"line":402,"column":89}},"215":{"start":{"line":403,"column":4},"end":{"line":403,"column":82}},"216":{"start":{"line":404,"column":4},"end":{"line":404,"column":93}},"217":{"start":{"line":408,"column":2},"end":{"line":408,"column":27}},"218":{"start":{"line":409,"column":2},"end":{"line":409,"column":33}},"219":{"start":{"line":410,"column":2},"end":{"line":410,"column":31}},"220":{"start":{"line":411,"column":2},"end":{"line":411,"column":31}},"221":{"start":{"line":412,"column":2},"end":{"line":412,"column":25}},"222":{"start":{"line":413,"column":2},"end":{"line":413,"column":32}},"223":{"start":{"line":419,"column":15},"end":{"line":419,"column":28}},"224":{"start":{"line":420,"column":2},"end":{"line":420,"column":25}},"225":{"start":{"line":422,"column":2},"end":{"line":422,"column":40}},"226":{"start":{"line":423,"column":2},"end":{"line":423,"column":41}},"227":{"start":{"line":424,"column":2},"end":{"line":424,"column":36}},"228":{"start":{"line":426,"column":2},"end":{"line":426,"column":40}},"229":{"start":{"line":427,"column":2},"end":{"line":429,"column":5}},"230":{"start":{"line":428,"column":6},"end":{"line":428,"column":37}},"231":{"start":{"line":431,"column":2},"end":{"line":431,"column":34}},"232":{"start":{"line":432,"column":2},"end":{"line":434,"column":5}},"233":{"start":{"line":433,"column":6},"end":{"line":433,"column":34}},"234":{"start":{"line":436,"column":2},"end":{"line":436,"column":37}},"235":{"start":{"line":437,"column":2},"end":{"line":437,"column":38}},"236":{"start":{"line":438,"column":2},"end":{"line":438,"column":33}},"237":{"start":{"line":440,"column":2},"end":{"line":440,"column":30}},"238":{"start":{"line":441,"column":2},"end":{"line":441,"column":26}},"239":{"start":{"line":442,"column":2},"end":{"line":442,"column":29}},"240":{"start":{"line":443,"column":2},"end":{"line":443,"column":27}},"241":{"start":{"line":451,"column":4},"end":{"line":451,"column":16}},"242":{"start":{"line":454,"column":23},"end":{"line":454,"column":31}},"243":{"start":{"line":455,"column":22},"end":{"line":455,"column":68}},"244":{"start":{"line":456,"column":4},"end":{"line":456,"column":50}},"245":{"start":{"line":464,"column":18},"end":{"line":464,"column":55}},"246":{"start":{"line":465,"column":2},"end":{"line":468,"column":5}},"247":{"start":{"line":466,"column":4},"end":{"line":468,"column":5}},"248":{"start":{"line":467,"column":6},"end":{"line":467,"column":52}},"249":{"start":{"line":473,"column":2},"end":{"line":473,"column":28}},"250":{"start":{"line":475,"column":2},"end":{"line":475,"column":17}},"251":{"start":{"line":476,"column":2},"end":{"line":476,"column":27}},"252":{"start":{"line":477,"column":17},"end":{"line":480,"column":3}},"253":{"start":{"line":481,"column":2},"end":{"line":481,"column":56}},"254":{"start":{"line":483,"column":2},"end":{"line":483,"column":92}},"255":{"start":{"line":483,"column":72},"end":{"line":483,"column":90}},"256":{"start":{"line":485,"column":2},"end":{"line":485,"column":43}},"257":{"start":{"line":486,"column":2},"end":{"line":486,"column":12}},"258":{"start":{"line":487,"column":2},"end":{"line":487,"column":12}},"259":{"start":{"line":489,"column":2},"end":{"line":489,"column":32}},"260":{"start":{"line":490,"column":2},"end":{"line":490,"column":28}},"261":{"start":{"line":491,"column":2},"end":{"line":491,"column":30}},"262":{"start":{"line":492,"column":2},"end":{"line":492,"column":30}},"263":{"start":{"line":493,"column":2},"end":{"line":493,"column":34}},"264":{"start":{"line":494,"column":2},"end":{"line":494,"column":36}},"265":{"start":{"line":495,"column":2},"end":{"line":495,"column":30}},"266":{"start":{"line":496,"column":2},"end":{"line":496,"column":32}},"267":{"start":{"line":499,"column":2},"end":{"line":499,"column":32}},"268":{"start":{"line":500,"column":2},"end":{"line":500,"column":40}},"269":{"start":{"line":501,"column":2},"end":{"line":501,"column":38}},"270":{"start":{"line":502,"column":2},"end":{"line":502,"column":38}},"271":{"start":{"line":505,"column":2},"end":{"line":505,"column":16}},"272":{"start":{"line":507,"column":2},"end":{"line":507,"column":24}},"273":{"start":{"line":508,"column":2},"end":{"line":510,"column":5}},"274":{"start":{"line":509,"column":4},"end":{"line":509,"column":11}},"275":{"start":{"line":511,"column":2},"end":{"line":511,"column":38}},"276":{"start":{"line":512,"column":2},"end":{"line":515,"column":3}},"277":{"start":{"line":513,"column":12},"end":{"line":513,"column":27}},"278":{"start":{"line":514,"column":4},"end":{"line":514,"column":21}},"279":{"start":{"line":516,"column":2},"end":{"line":516,"column":22}},"280":{"start":{"line":517,"column":2},"end":{"line":517,"column":23}},"281":{"start":{"line":521,"column":2},"end":{"line":521,"column":18}},"282":{"start":{"line":522,"column":2},"end":{"line":522,"column":35}},"283":{"start":{"line":524,"column":2},"end":{"line":524,"column":9}},"284":{"start":{"line":526,"column":2},"end":{"line":528,"column":3}},"285":{"start":{"line":527,"column":4},"end":{"line":527,"column":37}},"286":{"start":{"line":530,"column":22},"end":{"line":535,"column":3}},"287":{"start":{"line":536,"column":2},"end":{"line":545,"column":3}},"288":{"start":{"line":537,"column":4},"end":{"line":544,"column":5}},"289":{"start":{"line":538,"column":6},"end":{"line":540,"column":40}},"290":{"start":{"line":539,"column":8},"end":{"line":539,"column":33}},"291":{"start":{"line":540,"column":15},"end":{"line":540,"column":39}},"292":{"start":{"line":543,"column":6},"end":{"line":543,"column":22}},"293":{"start":{"line":549,"column":2},"end":{"line":551,"column":3}},"294":{"start":{"line":550,"column":4},"end":{"line":550,"column":23}},"295":{"start":{"line":552,"column":2},"end":{"line":552,"column":8}},"296":{"start":{"line":553,"column":2},"end":{"line":553,"column":16}},"297":{"start":{"line":556,"column":2},"end":{"line":572,"column":3}},"298":{"start":{"line":558,"column":24},"end":{"line":563,"column":5}},"299":{"start":{"line":564,"column":4},"end":{"line":569,"column":5}},"300":{"start":{"line":565,"column":6},"end":{"line":565,"column":22}},"301":{"start":{"line":566,"column":6},"end":{"line":568,"column":7}},"302":{"start":{"line":567,"column":8},"end":{"line":567,"column":33}},"303":{"start":{"line":576,"column":2},"end":{"line":576,"column":19}},"304":{"start":{"line":577,"column":2},"end":{"line":577,"column":40}},"305":{"start":{"line":580,"column":2},"end":{"line":585,"column":4}},"306":{"start":{"line":588,"column":16},"end":{"line":591,"column":3}},"307":{"start":{"line":592,"column":2},"end":{"line":592,"column":15}},"308":{"start":{"line":596,"column":22},"end":{"line":596,"column":55}},"309":{"start":{"line":597,"column":23},"end":{"line":597,"column":58}},"310":{"start":{"line":598,"column":2},"end":{"line":598,"column":42}},"311":{"start":{"line":601,"column":2},"end":{"line":601,"column":60}},"312":{"start":{"line":601,"column":53},"end":{"line":601,"column":60}},"313":{"start":{"line":603,"column":2},"end":{"line":603,"column":19}},"314":{"start":{"line":604,"column":2},"end":{"line":604,"column":43}},"315":{"start":{"line":606,"column":16},"end":{"line":606,"column":48}},"316":{"start":{"line":607,"column":18},"end":{"line":607,"column":50}},"317":{"start":{"line":608,"column":2},"end":{"line":616,"column":3}},"318":{"start":{"line":609,"column":4},"end":{"line":612,"column":5}},"319":{"start":{"line":610,"column":6},"end":{"line":610,"column":32}},"320":{"start":{"line":611,"column":6},"end":{"line":611,"column":28}},"321":{"start":{"line":613,"column":6},"end":{"line":613,"column":29}},"322":{"start":{"line":614,"column":6},"end":{"line":614,"column":38}},"323":{"start":{"line":615,"column":6},"end":{"line":615,"column":15}},"324":{"start":{"line":618,"column":2},"end":{"line":618,"column":9}},"325":{"start":{"line":622,"column":2},"end":{"line":622,"column":60}},"326":{"start":{"line":622,"column":53},"end":{"line":622,"column":60}},"327":{"start":{"line":624,"column":23},"end":{"line":624,"column":77}},"328":{"start":{"line":625,"column":24},"end":{"line":625,"column":25}},"329":{"start":{"line":627,"column":2},"end":{"line":640,"column":3}},"330":{"start":{"line":628,"column":6},"end":{"line":628,"column":22}},"331":{"start":{"line":631,"column":6},"end":{"line":635,"column":7}},"332":{"start":{"line":632,"column":10},"end":{"line":632,"column":39}},"333":{"start":{"line":633,"column":10},"end":{"line":633,"column":30}},"334":{"start":{"line":634,"column":10},"end":{"line":634,"column":19}},"335":{"start":{"line":637,"column":20},"end":{"line":637,"column":62}},"336":{"start":{"line":638,"column":6},"end":{"line":638,"column":40}},"337":{"start":{"line":639,"column":6},"end":{"line":639,"column":58}},"338":{"start":{"line":642,"column":2},"end":{"line":642,"column":9}},"339":{"start":{"line":643,"column":2},"end":{"line":643,"column":15}},"340":{"start":{"line":647,"column":2},"end":{"line":647,"column":60}},"341":{"start":{"line":647,"column":53},"end":{"line":647,"column":60}},"342":{"start":{"line":649,"column":2},"end":{"line":654,"column":6}},"343":{"start":{"line":650,"column":4},"end":{"line":654,"column":3}},"344":{"start":{"line":651,"column":6},"end":{"line":651,"column":53}},"345":{"start":{"line":652,"column":9},"end":{"line":654,"column":3}},"346":{"start":{"line":653,"column":6},"end":{"line":653,"column":52}},"347":{"start":{"line":656,"column":2},"end":{"line":656,"column":19}},"348":{"start":{"line":657,"column":2},"end":{"line":657,"column":31}},"349":{"start":{"line":658,"column":2},"end":{"line":658,"column":23}},"350":{"start":{"line":660,"column":2},"end":{"line":660,"column":9}},"351":{"start":{"line":663,"column":0},"end":{"line":667,"column":1}},"352":{"start":{"line":664,"column":2},"end":{"line":666,"column":4}}},"fnMap":{"0":{"name":"decideColour","decl":{"start":{"line":63,"column":9},"end":{"line":63,"column":21}},"loc":{"start":{"line":63,"column":28},"end":{"line":73,"column":1}},"line":63},"1":{"name":"drawSpriteAt","decl":{"start":{"line":76,"column":9},"end":{"line":76,"column":21}},"loc":{"start":{"line":76,"column":37},"end":{"line":96,"column":1}},"line":76},"2":{"name":"drawShapeIMG","decl":{"start":{"line":97,"column":9},"end":{"line":97,"column":21}},"loc":{"start":{"line":97,"column":40},"end":{"line":125,"column":1}},"line":97},"3":{"name":"drawShape","decl":{"start":{"line":126,"column":9},"end":{"line":126,"column":18}},"loc":{"start":{"line":126,"column":40},"end":{"line":167,"column":1}},"line":126},"4":{"name":"preload","decl":{"start":{"line":170,"column":9},"end":{"line":170,"column":16}},"loc":{"start":{"line":170,"column":18},"end":{"line":173,"column":1}},"line":170},"5":{"name":"setupPanels","decl":{"start":{"line":176,"column":9},"end":{"line":176,"column":20}},"loc":{"start":{"line":176,"column":23},"end":{"line":182,"column":1}},"line":176},"6":{"name":"setupColourSelect","decl":{"start":{"line":184,"column":9},"end":{"line":184,"column":26}},"loc":{"start":{"line":184,"column":29},"end":{"line":188,"column":1}},"line":184},"7":{"name":"changeButtonColour","decl":{"start":{"line":190,"column":9},"end":{"line":190,"column":27}},"loc":{"start":{"line":190,"column":30},"end":{"line":220,"column":1}},"line":190},"8":{"name":"(anonymous_8)","decl":{"start":{"line":192,"column":18},"end":{"line":192,"column":19}},"loc":{"start":{"line":192,"column":25},"end":{"line":219,"column":3}},"line":192},"9":{"name":"(anonymous_9)","decl":{"start":{"line":216,"column":20},"end":{"line":216,"column":21}},"loc":{"start":{"line":216,"column":28},"end":{"line":218,"column":7}},"line":216},"10":{"name":"populateColourSelect","decl":{"start":{"line":222,"column":9},"end":{"line":222,"column":29}},"loc":{"start":{"line":222,"column":37},"end":{"line":301,"column":1}},"line":222},"11":{"name":"(anonymous_11)","decl":{"start":{"line":228,"column":28},"end":{"line":228,"column":29}},"loc":{"start":{"line":228,"column":34},"end":{"line":230,"column":3}},"line":228},"12":{"name":"(anonymous_12)","decl":{"start":{"line":238,"column":30},"end":{"line":238,"column":31}},"loc":{"start":{"line":238,"column":36},"end":{"line":241,"column":3}},"line":238},"13":{"name":"(anonymous_13)","decl":{"start":{"line":245,"column":27},"end":{"line":245,"column":28}},"loc":{"start":{"line":245,"column":33},"end":{"line":247,"column":3}},"line":245},"14":{"name":"(anonymous_14)","decl":{"start":{"line":261,"column":26},"end":{"line":261,"column":27}},"loc":{"start":{"line":261,"column":32},"end":{"line":267,"column":3}},"line":261},"15":{"name":"(anonymous_15)","decl":{"start":{"line":272,"column":26},"end":{"line":272,"column":27}},"loc":{"start":{"line":272,"column":32},"end":{"line":278,"column":3}},"line":272},"16":{"name":"(anonymous_16)","decl":{"start":{"line":283,"column":25},"end":{"line":283,"column":26}},"loc":{"start":{"line":283,"column":31},"end":{"line":289,"column":3}},"line":283},"17":{"name":"(anonymous_17)","decl":{"start":{"line":294,"column":24},"end":{"line":294,"column":25}},"loc":{"start":{"line":294,"column":30},"end":{"line":300,"column":3}},"line":294},"18":{"name":"saveGameEntry","decl":{"start":{"line":303,"column":9},"end":{"line":303,"column":22}},"loc":{"start":{"line":303,"column":59},"end":{"line":315,"column":1}},"line":303},"19":{"name":"updateTimer","decl":{"start":{"line":318,"column":9},"end":{"line":318,"column":20}},"loc":{"start":{"line":318,"column":23},"end":{"line":331,"column":1}},"line":318},"20":{"name":"stopTimer","decl":{"start":{"line":333,"column":9},"end":{"line":333,"column":18}},"loc":{"start":{"line":333,"column":21},"end":{"line":336,"column":1}},"line":333},"21":{"name":"resetTimer","decl":{"start":{"line":338,"column":9},"end":{"line":338,"column":19}},"loc":{"start":{"line":338,"column":22},"end":{"line":341,"column":1}},"line":338},"22":{"name":"startTimer","decl":{"start":{"line":342,"column":9},"end":{"line":342,"column":19}},"loc":{"start":{"line":342,"column":21},"end":{"line":344,"column":1}},"line":342},"23":{"name":"setupHeader","decl":{"start":{"line":347,"column":9},"end":{"line":347,"column":20}},"loc":{"start":{"line":347,"column":23},"end":{"line":414,"column":1}},"line":347},"24":{"name":"(anonymous_24)","decl":{"start":{"line":352,"column":25},"end":{"line":352,"column":26}},"loc":{"start":{"line":352,"column":31},"end":{"line":364,"column":3}},"line":352},"25":{"name":"(anonymous_25)","decl":{"start":{"line":368,"column":31},"end":{"line":368,"column":32}},"loc":{"start":{"line":368,"column":37},"end":{"line":383,"column":3}},"line":368},"26":{"name":"(anonymous_26)","decl":{"start":{"line":393,"column":23},"end":{"line":393,"column":24}},"loc":{"start":{"line":393,"column":29},"end":{"line":396,"column":3}},"line":393},"27":{"name":"(anonymous_27)","decl":{"start":{"line":400,"column":30},"end":{"line":400,"column":31}},"loc":{"start":{"line":400,"column":36},"end":{"line":406,"column":3}},"line":400},"28":{"name":"setupFooter","decl":{"start":{"line":418,"column":9},"end":{"line":418,"column":20}},"loc":{"start":{"line":418,"column":22},"end":{"line":445,"column":1}},"line":418},"29":{"name":"(anonymous_29)","decl":{"start":{"line":427,"column":27},"end":{"line":427,"column":28}},"loc":{"start":{"line":427,"column":33},"end":{"line":429,"column":3}},"line":427},"30":{"name":"(anonymous_30)","decl":{"start":{"line":432,"column":24},"end":{"line":432,"column":25}},"loc":{"start":{"line":432,"column":30},"end":{"line":434,"column":3}},"line":432},"31":{"name":"handleGameOver","decl":{"start":{"line":448,"column":9},"end":{"line":448,"column":23}},"loc":{"start":{"line":448,"column":38},"end":{"line":460,"column":1}},"line":448},"32":{"name":"handleFirstClick","decl":{"start":{"line":462,"column":9},"end":{"line":462,"column":25}},"loc":{"start":{"line":462,"column":40},"end":{"line":469,"column":1}},"line":462},"33":{"name":"setup","decl":{"start":{"line":472,"column":9},"end":{"line":472,"column":14}},"loc":{"start":{"line":472,"column":17},"end":{"line":518,"column":1}},"line":472},"34":{"name":"(anonymous_34)","decl":{"start":{"line":483,"column":67},"end":{"line":483,"column":68}},"loc":{"start":{"line":483,"column":72},"end":{"line":483,"column":90}},"line":483},"35":{"name":"(anonymous_35)","decl":{"start":{"line":508,"column":21},"end":{"line":508,"column":22}},"loc":{"start":{"line":508,"column":33},"end":{"line":510,"column":3}},"line":508},"36":{"name":"draw","decl":{"start":{"line":520,"column":9},"end":{"line":520,"column":13}},"loc":{"start":{"line":520,"column":16},"end":{"line":573,"column":1}},"line":520},"37":{"name":"updateScore","decl":{"start":{"line":575,"column":9},"end":{"line":575,"column":20}},"loc":{"start":{"line":575,"column":31},"end":{"line":578,"column":1}},"line":575},"38":{"name":"isOnCanvas","decl":{"start":{"line":579,"column":9},"end":{"line":579,"column":19}},"loc":{"start":{"line":579,"column":26},"end":{"line":586,"column":1}},"line":579},"39":{"name":"translateMousePt","decl":{"start":{"line":587,"column":9},"end":{"line":587,"column":25}},"loc":{"start":{"line":587,"column":30},"end":{"line":593,"column":1}},"line":587},"40":{"name":"windowResized","decl":{"start":{"line":595,"column":9},"end":{"line":595,"column":22}},"loc":{"start":{"line":595,"column":25},"end":{"line":599,"column":1}},"line":595},"41":{"name":"mousePressed","decl":{"start":{"line":600,"column":9},"end":{"line":600,"column":21}},"loc":{"start":{"line":600,"column":24},"end":{"line":619,"column":1}},"line":600},"42":{"name":"mouseDragged","decl":{"start":{"line":621,"column":9},"end":{"line":621,"column":21}},"loc":{"start":{"line":621,"column":24},"end":{"line":644,"column":1}},"line":621},"43":{"name":"mouseReleased","decl":{"start":{"line":646,"column":9},"end":{"line":646,"column":22}},"loc":{"start":{"line":646,"column":25},"end":{"line":661,"column":1}},"line":646}},"branchMap":{"0":{"loc":{"start":{"line":65,"column":2},"end":{"line":65,"column":39}},"type":"if","locations":[{"start":{"line":65,"column":2},"end":{"line":65,"column":39}},{"start":{},"end":{}}],"line":65},"1":{"loc":{"start":{"line":67,"column":2},"end":{"line":71,"column":3}},"type":"if","locations":[{"start":{"line":67,"column":2},"end":{"line":71,"column":3}},{"start":{},"end":{}}],"line":67},"2":{"loc":{"start":{"line":68,"column":4},"end":{"line":70,"column":34}},"type":"if","locations":[{"start":{"line":68,"column":4},"end":{"line":70,"column":34}},{"start":{"line":70,"column":11},"end":{"line":70,"column":34}}],"line":68},"3":{"loc":{"start":{"line":76,"column":27},"end":{"line":76,"column":36}},"type":"default-arg","locations":[{"start":{"line":76,"column":32},"end":{"line":76,"column":36}}],"line":76},"4":{"loc":{"start":{"line":78,"column":2},"end":{"line":95,"column":3}},"type":"if","locations":[{"start":{"line":78,"column":2},"end":{"line":95,"column":3}},{"start":{"line":87,"column":7},"end":{"line":95,"column":3}}],"line":78},"5":{"loc":{"start":{"line":97,"column":27},"end":{"line":97,"column":38}},"type":"default-arg","locations":[{"start":{"line":97,"column":34},"end":{"line":97,"column":38}}],"line":97},"6":{"loc":{"start":{"line":100,"column":16},"end":{"line":100,"column":88}},"type":"cond-expr","locations":[{"start":{"line":100,"column":25},"end":{"line":100,"column":55}},{"start":{"line":100,"column":58},"end":{"line":100,"column":88}}],"line":100},"7":{"loc":{"start":{"line":110,"column":2},"end":{"line":124,"column":3}},"type":"if","locations":[{"start":{"line":110,"column":2},"end":{"line":124,"column":3}},{"start":{},"end":{}}],"line":110},"8":{"loc":{"start":{"line":110,"column":6},"end":{"line":110,"column":47}},"type":"binary-expr","locations":[{"start":{"line":110,"column":6},"end":{"line":110,"column":22}},{"start":{"line":110,"column":26},"end":{"line":110,"column":47}}],"line":110},"9":{"loc":{"start":{"line":126,"column":25},"end":{"line":126,"column":38}},"type":"default-arg","locations":[{"start":{"line":126,"column":33},"end":{"line":126,"column":38}}],"line":126},"10":{"loc":{"start":{"line":142,"column":2},"end":{"line":153,"column":3}},"type":"if","locations":[{"start":{"line":142,"column":2},"end":{"line":153,"column":3}},{"start":{},"end":{}}],"line":142},"11":{"loc":{"start":{"line":145,"column":4},"end":{"line":149,"column":5}},"type":"if","locations":[{"start":{"line":145,"column":4},"end":{"line":149,"column":5}},{"start":{"line":147,"column":11},"end":{"line":149,"column":5}}],"line":145},"12":{"loc":{"start":{"line":154,"column":2},"end":{"line":165,"column":3}},"type":"if","locations":[{"start":{"line":154,"column":2},"end":{"line":165,"column":3}},{"start":{},"end":{}}],"line":154},"13":{"loc":{"start":{"line":202,"column":25},"end":{"line":202,"column":65}},"type":"cond-expr","locations":[{"start":{"line":202,"column":44},"end":{"line":202,"column":53}},{"start":{"line":202,"column":56},"end":{"line":202,"column":65}}],"line":202},"14":{"loc":{"start":{"line":304,"column":18},"end":{"line":304,"column":71}},"type":"binary-expr","locations":[{"start":{"line":304,"column":18},"end":{"line":304,"column":65}},{"start":{"line":304,"column":69},"end":{"line":304,"column":71}}],"line":304},"15":{"loc":{"start":{"line":319,"column":2},"end":{"line":319,"column":29}},"type":"if","locations":[{"start":{"line":319,"column":2},"end":{"line":319,"column":29}},{"start":{},"end":{}}],"line":319},"16":{"loc":{"start":{"line":369,"column":4},"end":{"line":382,"column":5}},"type":"if","locations":[{"start":{"line":369,"column":4},"end":{"line":382,"column":5}},{"start":{},"end":{}}],"line":369},"17":{"loc":{"start":{"line":466,"column":4},"end":{"line":468,"column":5}},"type":"if","locations":[{"start":{"line":466,"column":4},"end":{"line":468,"column":5}},{"start":{},"end":{}}],"line":466},"18":{"loc":{"start":{"line":466,"column":8},"end":{"line":466,"column":58}},"type":"binary-expr","locations":[{"start":{"line":466,"column":8},"end":{"line":466,"column":29}},{"start":{"line":466,"column":33},"end":{"line":466,"column":58}}],"line":466},"19":{"loc":{"start":{"line":526,"column":2},"end":{"line":528,"column":3}},"type":"if","locations":[{"start":{"line":526,"column":2},"end":{"line":528,"column":3}},{"start":{},"end":{}}],"line":526},"20":{"loc":{"start":{"line":537,"column":4},"end":{"line":544,"column":5}},"type":"if","locations":[{"start":{"line":537,"column":4},"end":{"line":544,"column":5}},{"start":{"line":542,"column":11},"end":{"line":544,"column":5}}],"line":537},"21":{"loc":{"start":{"line":538,"column":6},"end":{"line":540,"column":40}},"type":"if","locations":[{"start":{"line":538,"column":6},"end":{"line":540,"column":40}},{"start":{"line":540,"column":13},"end":{"line":540,"column":40}}],"line":538},"22":{"loc":{"start":{"line":538,"column":10},"end":{"line":538,"column":59}},"type":"binary-expr","locations":[{"start":{"line":538,"column":10},"end":{"line":538,"column":26}},{"start":{"line":538,"column":30},"end":{"line":538,"column":59}}],"line":538},"23":{"loc":{"start":{"line":556,"column":2},"end":{"line":572,"column":3}},"type":"if","locations":[{"start":{"line":556,"column":2},"end":{"line":572,"column":3}},{"start":{},"end":{}}],"line":556},"24":{"loc":{"start":{"line":566,"column":6},"end":{"line":568,"column":7}},"type":"if","locations":[{"start":{"line":566,"column":6},"end":{"line":568,"column":7}},{"start":{},"end":{}}],"line":566},"25":{"loc":{"start":{"line":581,"column":4},"end":{"line":584,"column":15}},"type":"binary-expr","locations":[{"start":{"line":581,"column":4},"end":{"line":581,"column":10}},{"start":{"line":582,"column":4},"end":{"line":582,"column":14}},{"start":{"line":583,"column":4},"end":{"line":583,"column":10}},{"start":{"line":584,"column":4},"end":{"line":584,"column":15}}],"line":581},"26":{"loc":{"start":{"line":601,"column":2},"end":{"line":601,"column":60}},"type":"if","locations":[{"start":{"line":601,"column":2},"end":{"line":601,"column":60}},{"start":{},"end":{}}],"line":601},"27":{"loc":{"start":{"line":601,"column":6},"end":{"line":601,"column":51}},"type":"binary-expr","locations":[{"start":{"line":601,"column":6},"end":{"line":601,"column":33}},{"start":{"line":601,"column":37},"end":{"line":601,"column":51}}],"line":601},"28":{"loc":{"start":{"line":608,"column":2},"end":{"line":616,"column":3}},"type":"if","locations":[{"start":{"line":608,"column":2},"end":{"line":616,"column":3}},{"start":{},"end":{}}],"line":608},"29":{"loc":{"start":{"line":608,"column":6},"end":{"line":608,"column":37}},"type":"binary-expr","locations":[{"start":{"line":608,"column":6},"end":{"line":608,"column":13}},{"start":{"line":608,"column":17},"end":{"line":608,"column":37}}],"line":608},"30":{"loc":{"start":{"line":609,"column":4},"end":{"line":612,"column":5}},"type":"if","locations":[{"start":{"line":609,"column":4},"end":{"line":612,"column":5}},{"start":{},"end":{}}],"line":609},"31":{"loc":{"start":{"line":622,"column":2},"end":{"line":622,"column":60}},"type":"if","locations":[{"start":{"line":622,"column":2},"end":{"line":622,"column":60}},{"start":{},"end":{}}],"line":622},"32":{"loc":{"start":{"line":622,"column":6},"end":{"line":622,"column":51}},"type":"binary-expr","locations":[{"start":{"line":622,"column":6},"end":{"line":622,"column":33}},{"start":{"line":622,"column":37},"end":{"line":622,"column":51}}],"line":622},"33":{"loc":{"start":{"line":627,"column":2},"end":{"line":640,"column":3}},"type":"if","locations":[{"start":{"line":627,"column":2},"end":{"line":640,"column":3}},{"start":{},"end":{}}],"line":627},"34":{"loc":{"start":{"line":631,"column":6},"end":{"line":635,"column":7}},"type":"if","locations":[{"start":{"line":631,"column":6},"end":{"line":635,"column":7}},{"start":{},"end":{}}],"line":631},"35":{"loc":{"start":{"line":647,"column":2},"end":{"line":647,"column":60}},"type":"if","locations":[{"start":{"line":647,"column":2},"end":{"line":647,"column":60}},{"start":{},"end":{}}],"line":647},"36":{"loc":{"start":{"line":647,"column":6},"end":{"line":647,"column":51}},"type":"binary-expr","locations":[{"start":{"line":647,"column":6},"end":{"line":647,"column":33}},{"start":{"line":647,"column":37},"end":{"line":647,"column":51}}],"line":647},"37":{"loc":{"start":{"line":649,"column":2},"end":{"line":654,"column":6}},"type":"if","locations":[{"start":{"line":649,"column":2},"end":{"line":654,"column":6}},{"start":{},"end":{}}],"line":649},"38":{"loc":{"start":{"line":649,"column":6},"end":{"line":649,"column":31}},"type":"binary-expr","locations":[{"start":{"line":649,"column":6},"end":{"line":649,"column":18}},{"start":{"line":649,"column":22},"end":{"line":649,"column":31}}],"line":649},"39":{"loc":{"start":{"line":650,"column":4},"end":{"line":654,"column":3}},"type":"if","locations":[{"start":{"line":650,"column":4},"end":{"line":654,"column":3}},{"start":{"line":652,"column":9},"end":{"line":654,"column":3}}],"line":650},"40":{"loc":{"start":{"line":652,"column":9},"end":{"line":654,"column":3}},"type":"if","locations":[{"start":{"line":652,"column":9},"end":{"line":654,"column":3}},{"start":{},"end":{}}],"line":652},"41":{"loc":{"start":{"line":663,"column":0},"end":{"line":667,"column":1}},"type":"if","locations":[{"start":{"line":663,"column":0},"end":{"line":667,"column":1}},{"start":{},"end":{}}],"line":663},"42":{"loc":{"start":{"line":663,"column":4},"end":{"line":663,"column":51}},"type":"binary-expr","locations":[{"start":{"line":663,"column":4},"end":{"line":663,"column":33}},{"start":{"line":663,"column":37},"end":{"line":663,"column":51}}],"line":663}},"s":{"0":1,"1":1,"2":1,"3":1,"4":1,"5":1,"6":1,"7":1,"8":1,"9":1,"10":1,"11":1,"12":1,"13":1,"14":1,"15":1,"16":1,"17":1,"18":1,"19":1,"20":1,"21":1,"22":1,"23":1,"24":1,"25":3,"26":0,"27":3,"28":2,"29":1,"30":1,"31":1,"32":0,"33":0,"34":0,"35":0,"36":0,"37":0,"38":0,"39":0,"40":0,"41":0,"42":0,"43":0,"44":0,"45":0,"46":0,"47":0,"48":0,"49":0,"50":0,"51":0,"52":0,"53":0,"54":0,"55":0,"56":0,"57":0,"58":0,"59":0,"60":0,"61":0,"62":0,"63":0,"64":0,"65":0,"66":0,"67":0,"68":0,"69":0,"70":0,"71":0,"72":0,"73":0,"74":0,"75":0,"76":0,"77":0,"78":0,"79":0,"80":0,"81":0,"82":0,"83":0,"84":0,"85":0,"86":0,"87":0,"88":0,"89":0,"90":0,"91":0,"92":0,"93":0,"94":0,"95":0,"96":0,"97":0,"98":0,"99":0,"100":0,"101":0,"102":0,"103":0,"104":0,"105":0,"106":0,"107":0,"108":0,"109":0,"110":0,"111":0,"112":0,"113":0,"114":0,"115":0,"116":0,"117":0,"118":0,"119":0,"120":0,"121":0,"122":0,"123":0,"124":0,"125":0,"126":0,"127":0,"128":0,"129":0,"130":0,"131":0,"132":0,"133":0,"134":0,"135":0,"136":0,"137":0,"138":0,"139":0,"140":0,"141":0,"142":0,"143":0,"144":0,"145":0,"146":0,"147":0,"148":0,"149":0,"150":0,"151":0,"152":0,"153":0,"154":0,"155":0,"156":0,"157":0,"158":0,"159":0,"160":0,"161":0,"162":0,"163":0,"164":0,"165":0,"166":0,"167":0,"168":0,"169":0,"170":0,"171":0,"172":0,"173":0,"174":0,"175":0,"176":0,"177":0,"178":0,"179":0,"180":0,"181":0,"182":0,"183":0,"184":0,"185":0,"186":0,"187":0,"188":0,"189":0,"190":0,"191":0,"192":0,"193":0,"194":0,"195":0,"196":0,"197":0,"198":0,"199":0,"200":0,"201":0,"202":0,"203":0,"204":0,"205":0,"206":0,"207":0,"208":0,"209":0,"210":0,"211":0,"212":0,"213":0,"214":0,"215":0,"216":0,"217":0,"218":0,"219":0,"220":0,"221":0,"222":0,"223":0,"224":0,"225":0,"226":0,"227":0,"228":0,"229":0,"230":0,"231":0,"232":0,"233":0,"234":0,"235":0,"236":0,"237":0,"238":0,"239":0,"240":0,"241":0,"242":0,"243":0,"244":0,"245":0,"246":0,"247":0,"248":0,"249":0,"250":0,"251":0,"252":0,"253":0,"254":0,"255":0,"256":0,"257":0,"258":0,"259":0,"260":0,"261":0,"262":0,"263":0,"264":0,"265":0,"266":0,"267":0,"268":0,"269":0,"270":0,"271":0,"272":0,"273":0,"274":0,"275":0,"276":0,"277":0,"278":0,"279":0,"280":0,"281":0,"282":0,"283":0,"284":0,"285":0,"286":0,"287":0,"288":0,"289":0,"290":0,"291":0,"292":0,"293":0,"294":0,"295":0,"296":0,"297":0,"298":0,"299":0,"300":0,"301":0,"302":0,"303":0,"304":0,"305":0,"306":0,"307":0,"308":0,"309":0,"310":0,"311":0,"312":0,"313":0,"314":0,"315":0,"316":0,"317":0,"318":0,"319":0,"320":0,"321":0,"322":0,"323":0,"324":0,"325":0,"326":0,"327":0,"328":0,"329":0,"330":0,"331":0,"332":0,"333":0,"334":0,"335":0,"336":0,"337":0,"338":0,"339":0,"340":0,"341":0,"342":0,"343":0,"344":0,"345":0,"346":0,"347":0,"348":0,"349":0,"350":0,"351":1,"352":1},"f":{"0":3,"1":0,"2":0,"3":0,"4":0,"5":0,"6":0,"7":0,"8":0,"9":0,"10":0,"11":0,"12":0,"13":0,"14":0,"15":0,"16":0,"17":0,"18":0,"19":0,"20":0,"21":0,"22":0,"23":0,"24":0,"25":0,"26":0,"27":0,"28":0,"29":0,"30":0,"31":0,"32":0,"33":0,"34":0,"35":0,"36":0,"37":0,"38":0,"39":0,"40":0,"41":0,"42":0,"43":0},"b":{"0":[0,3],"1":[2,1],"2":[1,1],"3":[0],"4":[0,0],"5":[0],"6":[0,0],"7":[0,0],"8":[0,0],"9":[0],"10":[0,0],"11":[0,0],"12":[0,0],"13":[0,0],"14":[0,0],"15":[0,0],"16":[0,0],"17":[0,0],"18":[0,0],"19":[0,0],"20":[0,0],"21":[0,0],"22":[0,0],"23":[0,0],"24":[0,0],"25":[0,0,0,0],"26":[0,0],"27":[0,0],"28":[0,0],"29":[0,0],"30":[0,0],"31":[0,0],"32":[0,0],"33":[0,0],"34":[0,0],"35":[0,0],"36":[0,0],"37":[0,0],"38":[0,0],"39":[0,0],"40":[0,0],"41":[1,0],"42":[1,1]},"_coverageSchema":"1a1c01bbd47fc00a2c39e90264f33305004495a9","hash":"10b653f1fa48e6eb1c9784522080a4d577e85cef"}
,"/Users/macbook/Documents/apm2/AperiodicMinesweepr/src/tiles.js": {"path":"/Users/macbook/Documents/apm2/AperiodicMinesweepr/src/tiles.js","statementMap":{"0":{"start":{"line":1,"column":20},"end":{"line":1,"column":49}},"1":{"start":{"line":4,"column":27},"end":{"line":4,"column":31}},"2":{"start":{"line":7,"column":4},"end":{"line":7,"column":25}},"3":{"start":{"line":8,"column":4},"end":{"line":8,"column":23}},"4":{"start":{"line":9,"column":4},"end":{"line":9,"column":23}},"5":{"start":{"line":10,"column":4},"end":{"line":10,"column":25}},"6":{"start":{"line":11,"column":4},"end":{"line":11,"column":44}},"7":{"start":{"line":12,"column":4},"end":{"line":12,"column":29}},"8":{"start":{"line":13,"column":4},"end":{"line":13,"column":33}},"9":{"start":{"line":14,"column":4},"end":{"line":14,"column":25}},"10":{"start":{"line":19,"column":4},"end":{"line":19,"column":24}},"11":{"start":{"line":22,"column":4},"end":{"line":22,"column":24}},"12":{"start":{"line":25,"column":4},"end":{"line":25,"column":22}},"13":{"start":{"line":28,"column":4},"end":{"line":28,"column":32}},"14":{"start":{"line":31,"column":4},"end":{"line":31,"column":28}},"15":{"start":{"line":32,"column":4},"end":{"line":32,"column":33}},"16":{"start":{"line":35,"column":4},"end":{"line":35,"column":25}},"17":{"start":{"line":38,"column":4},"end":{"line":38,"column":33}},"18":{"start":{"line":47,"column":4},"end":{"line":47,"column":24}},"19":{"start":{"line":48,"column":4},"end":{"line":48,"column":26}},"20":{"start":{"line":49,"column":4},"end":{"line":49,"column":30}},"21":{"start":{"line":50,"column":4},"end":{"line":50,"column":24}},"22":{"start":{"line":51,"column":4},"end":{"line":51,"column":27}},"23":{"start":{"line":56,"column":4},"end":{"line":56,"column":28}},"24":{"start":{"line":61,"column":18},"end":{"line":61,"column":43}},"25":{"start":{"line":62,"column":4},"end":{"line":62,"column":31}},"26":{"start":{"line":66,"column":18},"end":{"line":66,"column":44}},"27":{"start":{"line":68,"column":4},"end":{"line":70,"column":5}},"28":{"start":{"line":69,"column":8},"end":{"line":69,"column":29}},"29":{"start":{"line":74,"column":14},"end":{"line":74,"column":15}},"30":{"start":{"line":75,"column":15},"end":{"line":75,"column":25}},"31":{"start":{"line":77,"column":4},"end":{"line":86,"column":5}},"32":{"start":{"line":78,"column":18},"end":{"line":78,"column":46}},"33":{"start":{"line":79,"column":25},"end":{"line":79,"column":53}},"34":{"start":{"line":81,"column":6},"end":{"line":85,"column":7}},"35":{"start":{"line":82,"column":8},"end":{"line":82,"column":22}},"36":{"start":{"line":84,"column":8},"end":{"line":84,"column":19}},"37":{"start":{"line":87,"column":4},"end":{"line":87,"column":15}},"38":{"start":{"line":91,"column":14},"end":{"line":91,"column":15}},"39":{"start":{"line":92,"column":15},"end":{"line":92,"column":25}},"40":{"start":{"line":94,"column":4},"end":{"line":106,"column":5}},"41":{"start":{"line":95,"column":20},"end":{"line":95,"column":48}},"42":{"start":{"line":96,"column":27},"end":{"line":96,"column":55}},"43":{"start":{"line":98,"column":8},"end":{"line":105,"column":9}},"44":{"start":{"line":100,"column":12},"end":{"line":100,"column":23}},"45":{"start":{"line":101,"column":15},"end":{"line":105,"column":9}},"46":{"start":{"line":102,"column":12},"end":{"line":102,"column":26}},"47":{"start":{"line":104,"column":12},"end":{"line":104,"column":23}},"48":{"start":{"line":109,"column":4},"end":{"line":109,"column":14}},"49":{"start":{"line":115,"column":15},"end":{"line":115,"column":22}},"50":{"start":{"line":116,"column":25},"end":{"line":121,"column":5}},"51":{"start":{"line":122,"column":18},"end":{"line":122,"column":22}},"52":{"start":{"line":123,"column":16},"end":{"line":123,"column":24}},"53":{"start":{"line":124,"column":4},"end":{"line":133,"column":5}},"54":{"start":{"line":125,"column":17},"end":{"line":125,"column":57}},"55":{"start":{"line":126,"column":17},"end":{"line":126,"column":30}},"56":{"start":{"line":127,"column":17},"end":{"line":127,"column":30}},"57":{"start":{"line":128,"column":23},"end":{"line":128,"column":40}},"58":{"start":{"line":129,"column":6},"end":{"line":132,"column":7}},"59":{"start":{"line":130,"column":8},"end":{"line":130,"column":25}},"60":{"start":{"line":131,"column":8},"end":{"line":131,"column":23}},"61":{"start":{"line":134,"column":4},"end":{"line":134,"column":19}},"62":{"start":{"line":138,"column":4},"end":{"line":138,"column":79}},"63":{"start":{"line":142,"column":17},"end":{"line":142,"column":26}},"64":{"start":{"line":143,"column":4},"end":{"line":147,"column":5}},"65":{"start":{"line":144,"column":22},"end":{"line":144,"column":51}},"66":{"start":{"line":145,"column":6},"end":{"line":145,"column":52}},"67":{"start":{"line":145,"column":30},"end":{"line":145,"column":52}},"68":{"start":{"line":146,"column":6},"end":{"line":146,"column":33}},"69":{"start":{"line":148,"column":4},"end":{"line":148,"column":16}},"70":{"start":{"line":152,"column":14},"end":{"line":152,"column":44}},"71":{"start":{"line":153,"column":14},"end":{"line":153,"column":44}},"72":{"start":{"line":154,"column":4},"end":{"line":154,"column":23}},"73":{"start":{"line":158,"column":29},"end":{"line":158,"column":51}},"74":{"start":{"line":159,"column":21},"end":{"line":159,"column":30}},"75":{"start":{"line":160,"column":17},"end":{"line":160,"column":55}},"76":{"start":{"line":162,"column":4},"end":{"line":179,"column":5}},"77":{"start":{"line":163,"column":22},"end":{"line":163,"column":52}},"78":{"start":{"line":165,"column":6},"end":{"line":178,"column":7}},"79":{"start":{"line":165,"column":20},"end":{"line":165,"column":22}},"80":{"start":{"line":166,"column":8},"end":{"line":177,"column":9}},"81":{"start":{"line":166,"column":22},"end":{"line":166,"column":24}},"82":{"start":{"line":167,"column":30},"end":{"line":169,"column":12}},"83":{"start":{"line":170,"column":10},"end":{"line":176,"column":11}},"84":{"start":{"line":171,"column":12},"end":{"line":175,"column":13}},"85":{"start":{"line":172,"column":14},"end":{"line":174,"column":15}},"86":{"start":{"line":173,"column":16},"end":{"line":173,"column":28}},"87":{"start":{"line":180,"column":4},"end":{"line":180,"column":17}},"88":{"start":{"line":184,"column":12},"end":{"line":184,"column":52}},"89":{"start":{"line":185,"column":25},"end":{"line":190,"column":5}},"90":{"start":{"line":192,"column":21},"end":{"line":195,"column":5}},"91":{"start":{"line":193,"column":6},"end":{"line":193,"column":28}},"92":{"start":{"line":196,"column":20},"end":{"line":196,"column":22}},"93":{"start":{"line":197,"column":4},"end":{"line":206,"column":5}},"94":{"start":{"line":198,"column":22},"end":{"line":201,"column":7}},"95":{"start":{"line":199,"column":8},"end":{"line":199,"column":34}},"96":{"start":{"line":203,"column":6},"end":{"line":205,"column":7}},"97":{"start":{"line":204,"column":8},"end":{"line":204,"column":33}},"98":{"start":{"line":207,"column":4},"end":{"line":207,"column":21}},"99":{"start":{"line":211,"column":14},"end":{"line":211,"column":15}},"100":{"start":{"line":212,"column":15},"end":{"line":212,"column":25}},"101":{"start":{"line":213,"column":26},"end":{"line":213,"column":27}},"102":{"start":{"line":215,"column":4},"end":{"line":228,"column":5}},"103":{"start":{"line":216,"column":18},"end":{"line":216,"column":46}},"104":{"start":{"line":217,"column":19},"end":{"line":217,"column":27}},"105":{"start":{"line":219,"column":32},"end":{"line":219,"column":72}},"106":{"start":{"line":221,"column":6},"end":{"line":227,"column":7}},"107":{"start":{"line":222,"column":8},"end":{"line":222,"column":22}},"108":{"start":{"line":223,"column":8},"end":{"line":223,"column":26}},"109":{"start":{"line":225,"column":8},"end":{"line":225,"column":19}},"110":{"start":{"line":226,"column":8},"end":{"line":226,"column":26}},"111":{"start":{"line":229,"column":4},"end":{"line":229,"column":15}},"112":{"start":{"line":233,"column":4},"end":{"line":274,"column":5}},"113":{"start":{"line":234,"column":6},"end":{"line":246,"column":7}},"114":{"start":{"line":236,"column":8},"end":{"line":236,"column":92}},"115":{"start":{"line":236,"column":70},"end":{"line":236,"column":90}},"116":{"start":{"line":237,"column":8},"end":{"line":239,"column":9}},"117":{"start":{"line":238,"column":10},"end":{"line":238,"column":31}},"118":{"start":{"line":242,"column":8},"end":{"line":242,"column":37}},"119":{"start":{"line":243,"column":8},"end":{"line":245,"column":9}},"120":{"start":{"line":244,"column":10},"end":{"line":244,"column":31}},"121":{"start":{"line":248,"column":6},"end":{"line":248,"column":27}},"122":{"start":{"line":251,"column":6},"end":{"line":273,"column":5}},"123":{"start":{"line":252,"column":6},"end":{"line":272,"column":7}},"124":{"start":{"line":254,"column":8},"end":{"line":254,"column":29}},"125":{"start":{"line":257,"column":8},"end":{"line":257,"column":31}},"126":{"start":{"line":258,"column":29},"end":{"line":258,"column":54}},"127":{"start":{"line":259,"column":24},"end":{"line":259,"column":76}},"128":{"start":{"line":259,"column":56},"end":{"line":259,"column":68}},"129":{"start":{"line":260,"column":8},"end":{"line":271,"column":9}},"130":{"start":{"line":262,"column":10},"end":{"line":262,"column":25}},"131":{"start":{"line":263,"column":10},"end":{"line":267,"column":11}},"132":{"start":{"line":264,"column":12},"end":{"line":266,"column":13}},"133":{"start":{"line":265,"column":14},"end":{"line":265,"column":46}},"134":{"start":{"line":270,"column":10},"end":{"line":270,"column":34}},"135":{"start":{"line":277,"column":4},"end":{"line":277,"column":39}},"136":{"start":{"line":281,"column":19},"end":{"line":281,"column":21}},"137":{"start":{"line":282,"column":21},"end":{"line":282,"column":48}},"138":{"start":{"line":284,"column":4},"end":{"line":296,"column":5}},"139":{"start":{"line":284,"column":17},"end":{"line":284,"column":27}},"140":{"start":{"line":285,"column":19},"end":{"line":285,"column":25}},"141":{"start":{"line":287,"column":32},"end":{"line":287,"column":72}},"142":{"start":{"line":289,"column":6},"end":{"line":291,"column":7}},"143":{"start":{"line":290,"column":8},"end":{"line":290,"column":14}},"144":{"start":{"line":293,"column":6},"end":{"line":295,"column":7}},"145":{"start":{"line":294,"column":8},"end":{"line":294,"column":26}},"146":{"start":{"line":298,"column":4},"end":{"line":298,"column":18}},"147":{"start":{"line":304,"column":4},"end":{"line":306,"column":5}},"148":{"start":{"line":305,"column":6},"end":{"line":305,"column":45}},"149":{"start":{"line":307,"column":4},"end":{"line":307,"column":43}},"150":{"start":{"line":311,"column":4},"end":{"line":311,"column":26}},"151":{"start":{"line":315,"column":4},"end":{"line":315,"column":24}},"152":{"start":{"line":316,"column":4},"end":{"line":316,"column":26}},"153":{"start":{"line":317,"column":4},"end":{"line":317,"column":27}},"154":{"start":{"line":322,"column":0},"end":{"line":324,"column":1}},"155":{"start":{"line":323,"column":2},"end":{"line":323,"column":39}}},"fnMap":{"0":{"name":"(anonymous_0)","decl":{"start":{"line":6,"column":2},"end":{"line":6,"column":3}},"loc":{"start":{"line":6,"column":35},"end":{"line":16,"column":3}},"line":6},"1":{"name":"(anonymous_1)","decl":{"start":{"line":18,"column":2},"end":{"line":18,"column":3}},"loc":{"start":{"line":18,"column":15},"end":{"line":20,"column":3}},"line":18},"2":{"name":"(anonymous_2)","decl":{"start":{"line":21,"column":2},"end":{"line":21,"column":3}},"loc":{"start":{"line":21,"column":15},"end":{"line":23,"column":3}},"line":21},"3":{"name":"(anonymous_3)","decl":{"start":{"line":24,"column":2},"end":{"line":24,"column":3}},"loc":{"start":{"line":24,"column":15},"end":{"line":26,"column":3}},"line":24},"4":{"name":"(anonymous_4)","decl":{"start":{"line":27,"column":2},"end":{"line":27,"column":3}},"loc":{"start":{"line":27,"column":26},"end":{"line":29,"column":3}},"line":27},"5":{"name":"(anonymous_5)","decl":{"start":{"line":30,"column":2},"end":{"line":30,"column":3}},"loc":{"start":{"line":30,"column":19},"end":{"line":33,"column":3}},"line":30},"6":{"name":"(anonymous_6)","decl":{"start":{"line":34,"column":2},"end":{"line":34,"column":3}},"loc":{"start":{"line":34,"column":20},"end":{"line":36,"column":3}},"line":34},"7":{"name":"(anonymous_7)","decl":{"start":{"line":37,"column":2},"end":{"line":37,"column":3}},"loc":{"start":{"line":37,"column":18},"end":{"line":39,"column":3}},"line":37},"8":{"name":"(anonymous_8)","decl":{"start":{"line":46,"column":2},"end":{"line":46,"column":3}},"loc":{"start":{"line":46,"column":16},"end":{"line":52,"column":3}},"line":46},"9":{"name":"(anonymous_9)","decl":{"start":{"line":54,"column":2},"end":{"line":54,"column":3}},"loc":{"start":{"line":54,"column":23},"end":{"line":57,"column":3}},"line":54},"10":{"name":"(anonymous_10)","decl":{"start":{"line":59,"column":2},"end":{"line":59,"column":3}},"loc":{"start":{"line":59,"column":31},"end":{"line":63,"column":3}},"line":59},"11":{"name":"(anonymous_11)","decl":{"start":{"line":65,"column":2},"end":{"line":65,"column":3}},"loc":{"start":{"line":65,"column":35},"end":{"line":71,"column":3}},"line":65},"12":{"name":"(anonymous_12)","decl":{"start":{"line":73,"column":2},"end":{"line":73,"column":3}},"loc":{"start":{"line":73,"column":37},"end":{"line":88,"column":3}},"line":73},"13":{"name":"(anonymous_13)","decl":{"start":{"line":90,"column":2},"end":{"line":90,"column":3}},"loc":{"start":{"line":90,"column":39},"end":{"line":110,"column":1}},"line":90},"14":{"name":"(anonymous_14)","decl":{"start":{"line":114,"column":2},"end":{"line":114,"column":3}},"loc":{"start":{"line":114,"column":46},"end":{"line":135,"column":3}},"line":114},"15":{"name":"(anonymous_15)","decl":{"start":{"line":137,"column":2},"end":{"line":137,"column":3}},"loc":{"start":{"line":137,"column":34},"end":{"line":139,"column":3}},"line":137},"16":{"name":"(anonymous_16)","decl":{"start":{"line":141,"column":2},"end":{"line":141,"column":3}},"loc":{"start":{"line":141,"column":38},"end":{"line":149,"column":3}},"line":141},"17":{"name":"(anonymous_17)","decl":{"start":{"line":151,"column":2},"end":{"line":151,"column":3}},"loc":{"start":{"line":151,"column":30},"end":{"line":155,"column":3}},"line":151},"18":{"name":"(anonymous_18)","decl":{"start":{"line":157,"column":2},"end":{"line":157,"column":3}},"loc":{"start":{"line":157,"column":40},"end":{"line":181,"column":3}},"line":157},"19":{"name":"(anonymous_19)","decl":{"start":{"line":183,"column":2},"end":{"line":183,"column":3}},"loc":{"start":{"line":183,"column":23},"end":{"line":208,"column":3}},"line":183},"20":{"name":"(anonymous_20)","decl":{"start":{"line":192,"column":37},"end":{"line":192,"column":38}},"loc":{"start":{"line":193,"column":6},"end":{"line":193,"column":28}},"line":193},"21":{"name":"(anonymous_21)","decl":{"start":{"line":198,"column":38},"end":{"line":198,"column":39}},"loc":{"start":{"line":199,"column":8},"end":{"line":199,"column":34}},"line":199},"22":{"name":"(anonymous_22)","decl":{"start":{"line":210,"column":2},"end":{"line":210,"column":3}},"loc":{"start":{"line":210,"column":40},"end":{"line":230,"column":3}},"line":210},"23":{"name":"(anonymous_23)","decl":{"start":{"line":232,"column":2},"end":{"line":232,"column":3}},"loc":{"start":{"line":232,"column":44},"end":{"line":275,"column":3}},"line":232},"24":{"name":"(anonymous_24)","decl":{"start":{"line":236,"column":55},"end":{"line":236,"column":56}},"loc":{"start":{"line":236,"column":70},"end":{"line":236,"column":90}},"line":236},"25":{"name":"(anonymous_25)","decl":{"start":{"line":259,"column":46},"end":{"line":259,"column":47}},"loc":{"start":{"line":259,"column":56},"end":{"line":259,"column":68}},"line":259},"26":{"name":"(anonymous_26)","decl":{"start":{"line":276,"column":2},"end":{"line":276,"column":3}},"loc":{"start":{"line":276,"column":18},"end":{"line":278,"column":3}},"line":276},"27":{"name":"(anonymous_27)","decl":{"start":{"line":280,"column":2},"end":{"line":280,"column":3}},"loc":{"start":{"line":280,"column":57},"end":{"line":299,"column":3}},"line":280},"28":{"name":"(anonymous_28)","decl":{"start":{"line":303,"column":2},"end":{"line":303,"column":3}},"loc":{"start":{"line":303,"column":24},"end":{"line":308,"column":3}},"line":303},"29":{"name":"(anonymous_29)","decl":{"start":{"line":310,"column":2},"end":{"line":310,"column":3}},"loc":{"start":{"line":310,"column":13},"end":{"line":312,"column":3}},"line":310},"30":{"name":"(anonymous_30)","decl":{"start":{"line":314,"column":2},"end":{"line":314,"column":3}},"loc":{"start":{"line":314,"column":10},"end":{"line":318,"column":3}},"line":314}},"branchMap":{"0":{"loc":{"start":{"line":30,"column":10},"end":{"line":30,"column":17}},"type":"default-arg","locations":[{"start":{"line":30,"column":16},"end":{"line":30,"column":17}}],"line":30},"1":{"loc":{"start":{"line":59,"column":11},"end":{"line":59,"column":29}},"type":"default-arg","locations":[{"start":{"line":59,"column":15},"end":{"line":59,"column":29}}],"line":59},"2":{"loc":{"start":{"line":65,"column":15},"end":{"line":65,"column":33}},"type":"default-arg","locations":[{"start":{"line":65,"column":19},"end":{"line":65,"column":33}}],"line":65},"3":{"loc":{"start":{"line":68,"column":4},"end":{"line":70,"column":5}},"type":"if","locations":[{"start":{"line":68,"column":4},"end":{"line":70,"column":5}},{"start":{},"end":{}}],"line":68},"4":{"loc":{"start":{"line":73,"column":17},"end":{"line":73,"column":35}},"type":"default-arg","locations":[{"start":{"line":73,"column":21},"end":{"line":73,"column":35}}],"line":73},"5":{"loc":{"start":{"line":81,"column":6},"end":{"line":85,"column":7}},"type":"if","locations":[{"start":{"line":81,"column":6},"end":{"line":85,"column":7}},{"start":{"line":83,"column":13},"end":{"line":85,"column":7}}],"line":81},"6":{"loc":{"start":{"line":90,"column":19},"end":{"line":90,"column":37}},"type":"default-arg","locations":[{"start":{"line":90,"column":23},"end":{"line":90,"column":37}}],"line":90},"7":{"loc":{"start":{"line":98,"column":8},"end":{"line":105,"column":9}},"type":"if","locations":[{"start":{"line":98,"column":8},"end":{"line":105,"column":9}},{"start":{"line":101,"column":15},"end":{"line":105,"column":9}}],"line":98},"8":{"loc":{"start":{"line":101,"column":15},"end":{"line":105,"column":9}},"type":"if","locations":[{"start":{"line":101,"column":15},"end":{"line":105,"column":9}},{"start":{"line":103,"column":15},"end":{"line":105,"column":9}}],"line":101},"9":{"loc":{"start":{"line":114,"column":26},"end":{"line":114,"column":44}},"type":"default-arg","locations":[{"start":{"line":114,"column":30},"end":{"line":114,"column":44}}],"line":114},"10":{"loc":{"start":{"line":129,"column":6},"end":{"line":132,"column":7}},"type":"if","locations":[{"start":{"line":129,"column":6},"end":{"line":132,"column":7}},{"start":{},"end":{}}],"line":129},"11":{"loc":{"start":{"line":145,"column":6},"end":{"line":145,"column":52}},"type":"if","locations":[{"start":{"line":145,"column":6},"end":{"line":145,"column":52}},{"start":{},"end":{}}],"line":145},"12":{"loc":{"start":{"line":170,"column":10},"end":{"line":176,"column":11}},"type":"if","locations":[{"start":{"line":170,"column":10},"end":{"line":176,"column":11}},{"start":{},"end":{}}],"line":170},"13":{"loc":{"start":{"line":172,"column":14},"end":{"line":174,"column":15}},"type":"if","locations":[{"start":{"line":172,"column":14},"end":{"line":174,"column":15}},{"start":{},"end":{}}],"line":172},"14":{"loc":{"start":{"line":203,"column":6},"end":{"line":205,"column":7}},"type":"if","locations":[{"start":{"line":203,"column":6},"end":{"line":205,"column":7}},{"start":{},"end":{}}],"line":203},"15":{"loc":{"start":{"line":210,"column":20},"end":{"line":210,"column":38}},"type":"default-arg","locations":[{"start":{"line":210,"column":24},"end":{"line":210,"column":38}}],"line":210},"16":{"loc":{"start":{"line":221,"column":6},"end":{"line":227,"column":7}},"type":"if","locations":[{"start":{"line":221,"column":6},"end":{"line":227,"column":7}},{"start":{"line":224,"column":13},"end":{"line":227,"column":7}}],"line":221},"17":{"loc":{"start":{"line":232,"column":26},"end":{"line":232,"column":42}},"type":"default-arg","locations":[{"start":{"line":232,"column":37},"end":{"line":232,"column":42}}],"line":232},"18":{"loc":{"start":{"line":233,"column":4},"end":{"line":274,"column":5}},"type":"if","locations":[{"start":{"line":233,"column":4},"end":{"line":274,"column":5}},{"start":{"line":249,"column":11},"end":{"line":274,"column":5}}],"line":233},"19":{"loc":{"start":{"line":234,"column":6},"end":{"line":246,"column":7}},"type":"if","locations":[{"start":{"line":234,"column":6},"end":{"line":246,"column":7}},{"start":{"line":240,"column":13},"end":{"line":246,"column":7}}],"line":234},"20":{"loc":{"start":{"line":237,"column":8},"end":{"line":239,"column":9}},"type":"if","locations":[{"start":{"line":237,"column":8},"end":{"line":239,"column":9}},{"start":{},"end":{}}],"line":237},"21":{"loc":{"start":{"line":243,"column":8},"end":{"line":245,"column":9}},"type":"if","locations":[{"start":{"line":243,"column":8},"end":{"line":245,"column":9}},{"start":{},"end":{}}],"line":243},"22":{"loc":{"start":{"line":251,"column":6},"end":{"line":273,"column":5}},"type":"if","locations":[{"start":{"line":251,"column":6},"end":{"line":273,"column":5}},{"start":{},"end":{}}],"line":251},"23":{"loc":{"start":{"line":252,"column":6},"end":{"line":272,"column":7}},"type":"if","locations":[{"start":{"line":252,"column":6},"end":{"line":272,"column":7}},{"start":{"line":255,"column":13},"end":{"line":272,"column":7}}],"line":252},"24":{"loc":{"start":{"line":260,"column":8},"end":{"line":271,"column":9}},"type":"if","locations":[{"start":{"line":260,"column":8},"end":{"line":271,"column":9}},{"start":{"line":268,"column":15},"end":{"line":271,"column":9}}],"line":260},"25":{"loc":{"start":{"line":264,"column":12},"end":{"line":266,"column":13}},"type":"if","locations":[{"start":{"line":264,"column":12},"end":{"line":266,"column":13}},{"start":{},"end":{}}],"line":264},"26":{"loc":{"start":{"line":280,"column":37},"end":{"line":280,"column":55}},"type":"default-arg","locations":[{"start":{"line":280,"column":41},"end":{"line":280,"column":55}}],"line":280},"27":{"loc":{"start":{"line":289,"column":6},"end":{"line":291,"column":7}},"type":"if","locations":[{"start":{"line":289,"column":6},"end":{"line":291,"column":7}},{"start":{},"end":{}}],"line":289},"28":{"loc":{"start":{"line":293,"column":6},"end":{"line":295,"column":7}},"type":"if","locations":[{"start":{"line":293,"column":6},"end":{"line":295,"column":7}},{"start":{},"end":{}}],"line":293},"29":{"loc":{"start":{"line":293,"column":10},"end":{"line":293,"column":66}},"type":"binary-expr","locations":[{"start":{"line":293,"column":10},"end":{"line":293,"column":36}},{"start":{"line":293,"column":40},"end":{"line":293,"column":66}}],"line":293},"30":{"loc":{"start":{"line":304,"column":4},"end":{"line":306,"column":5}},"type":"if","locations":[{"start":{"line":304,"column":4},"end":{"line":306,"column":5}},{"start":{},"end":{}}],"line":304},"31":{"loc":{"start":{"line":322,"column":0},"end":{"line":324,"column":1}},"type":"if","locations":[{"start":{"line":322,"column":0},"end":{"line":324,"column":1}},{"start":{},"end":{}}],"line":322},"32":{"loc":{"start":{"line":322,"column":4},"end":{"line":322,"column":51}},"type":"binary-expr","locations":[{"start":{"line":322,"column":4},"end":{"line":322,"column":33}},{"start":{"line":322,"column":37},"end":{"line":322,"column":51}}],"line":322}},"s":{"0":1,"1":1,"2":44,"3":44,"4":44,"5":44,"6":44,"7":44,"8":44,"9":44,"10":0,"11":0,"12":4,"13":4,"14":4,"15":4,"16":0,"17":5,"18":64,"19":64,"20":64,"21":64,"22":64,"23":2,"24":20,"25":20,"26":1,"27":1,"28":1,"29":20,"30":20,"31":20,"32":14,"33":14,"34":14,"35":12,"36":2,"37":20,"38":2,"39":2,"40":2,"41":2,"42":2,"43":2,"44":1,"45":1,"46":1,"47":0,"48":1,"49":1,"50":1,"51":1,"52":1,"53":1,"54":2,"55":2,"56":2,"57":2,"58":2,"59":1,"60":1,"61":1,"62":1,"63":2,"64":2,"65":0,"66":0,"67":0,"68":0,"69":2,"70":0,"71":0,"72":0,"73":2,"74":2,"75":2,"76":2,"77":0,"78":0,"79":0,"80":0,"81":0,"82":0,"83":0,"84":0,"85":0,"86":0,"87":2,"88":1,"89":1,"90":1,"91":0,"92":1,"93":1,"94":2,"95":0,"96":2,"97":0,"98":1,"99":1,"100":1,"101":1,"102":1,"103":2,"104":2,"105":2,"106":2,"107":0,"108":0,"109":2,"110":2,"111":1,"112":6,"113":2,"114":1,"115":1,"116":1,"117":1,"118":1,"119":1,"120":1,"121":2,"122":4,"123":3,"124":1,"125":2,"126":2,"127":2,"128":1,"129":2,"130":1,"131":1,"132":0,"133":0,"134":1,"135":1,"136":1,"137":1,"138":1,"139":1,"140":3,"141":3,"142":3,"143":1,"144":2,"145":2,"146":1,"147":16,"148":2,"149":14,"150":1,"151":1,"152":1,"153":1,"154":1,"155":1},"f":{"0":44,"1":0,"2":0,"3":4,"4":4,"5":4,"6":0,"7":5,"8":64,"9":2,"10":20,"11":1,"12":20,"13":2,"14":1,"15":1,"16":2,"17":0,"18":2,"19":1,"20":0,"21":0,"22":1,"23":6,"24":1,"25":1,"26":1,"27":1,"28":16,"29":1,"30":1},"b":{"0":[1],"1":[20],"2":[1],"3":[1,0],"4":[0],"5":[12,2],"6":[0],"7":[1,1],"8":[1,0],"9":[1],"10":[1,1],"11":[0,0],"12":[0,0],"13":[0,0],"14":[0,2],"15":[0],"16":[0,2],"17":[0],"18":[2,4],"19":[1,1],"20":[1,0],"21":[1,0],"22":[3,1],"23":[1,2],"24":[1,1],"25":[0,0],"26":[1],"27":[1,2],"28":[2,0],"29":[2,2],"30":[2,14],"31":[1,0],"32":[1,1]},"_coverageSchema":"1a1c01bbd47fc00a2c39e90264f33305004495a9","hash":"44419b993eb55c1b707409f9c8d1fc2c875d243f"}
}
