{"/Users/macbook/Documents/AperiodicMinesweepr/src/geometry.js": {"path":"/Users/macbook/Documents/AperiodicMinesweepr/src/geometry.js","statementMap":{"0":{"start":{"line":1,"column":11},"end":{"line":1,"column":29}},"1":{"start":{"line":2,"column":12},"end":{"line":2,"column":30}},"2":{"start":{"line":3,"column":14},"end":{"line":3,"column":32}},"3":{"start":{"line":5,"column":29},"end":{"line":5,"column":385}},"4":{"start":{"line":6,"column":34},"end":{"line":6,"column":282}},"5":{"start":{"line":11,"column":20},"end":{"line":25,"column":1}},"6":{"start":{"line":30,"column":2},"end":{"line":30,"column":24}},"7":{"start":{"line":34,"column":2},"end":{"line":34,"column":34}},"8":{"start":{"line":39,"column":14},"end":{"line":39,"column":39}},"9":{"start":{"line":40,"column":2},"end":{"line":47,"column":4}},"10":{"start":{"line":52,"column":2},"end":{"line":60,"column":4}},"11":{"start":{"line":64,"column":16},"end":{"line":64,"column":51}},"12":{"start":{"line":66,"column":22},"end":{"line":66,"column":64}},"13":{"start":{"line":68,"column":22},"end":{"line":71,"column":4}},"14":{"start":{"line":73,"column":2},"end":{"line":77,"column":44}},"15":{"start":{"line":77,"column":15},"end":{"line":77,"column":42}},"16":{"start":{"line":82,"column":2},"end":{"line":82,"column":40}},"17":{"start":{"line":86,"column":2},"end":{"line":86,"column":40}},"18":{"start":{"line":91,"column":12},"end":{"line":91,"column":20}},"19":{"start":{"line":92,"column":12},"end":{"line":92,"column":20}},"20":{"start":{"line":93,"column":2},"end":{"line":93,"column":29}},"21":{"start":{"line":97,"column":24},"end":{"line":97,"column":25}},"22":{"start":{"line":98,"column":2},"end":{"line":98,"column":26}},"23":{"start":{"line":103,"column":2},"end":{"line":103,"column":30}},"24":{"start":{"line":107,"column":2},"end":{"line":107,"column":67}},"25":{"start":{"line":112,"column":2},"end":{"line":112,"column":76}},"26":{"start":{"line":117,"column":2},"end":{"line":117,"column":64}},"27":{"start":{"line":122,"column":2},"end":{"line":122,"column":54}},"28":{"start":{"line":127,"column":12},"end":{"line":127,"column":73}},"29":{"start":{"line":129,"column":4},"end":{"line":129,"column":71}},"30":{"start":{"line":132,"column":2},"end":{"line":132,"column":66}},"31":{"start":{"line":136,"column":0},"end":{"line":154,"column":1}},"32":{"start":{"line":137,"column":2},"end":{"line":153,"column":4}}},"fnMap":{"0":{"name":"pt","decl":{"start":{"line":29,"column":9},"end":{"line":29,"column":11}},"loc":{"start":{"line":29,"column":18},"end":{"line":31,"column":1}},"line":29},"1":{"name":"hexPt","decl":{"start":{"line":33,"column":9},"end":{"line":33,"column":14}},"loc":{"start":{"line":33,"column":21},"end":{"line":35,"column":1}},"line":33},"2":{"name":"inv","decl":{"start":{"line":38,"column":9},"end":{"line":38,"column":12}},"loc":{"start":{"line":38,"column":16},"end":{"line":48,"column":1}},"line":38},"3":{"name":"mul","decl":{"start":{"line":51,"column":9},"end":{"line":51,"column":12}},"loc":{"start":{"line":51,"column":19},"end":{"line":61,"column":1}},"line":51},"4":{"name":"matrixTo","decl":{"start":{"line":63,"column":9},"end":{"line":63,"column":17}},"loc":{"start":{"line":63,"column":24},"end":{"line":78,"column":1}},"line":63},"5":{"name":"(anonymous_5)","decl":{"start":{"line":77,"column":8},"end":{"line":77,"column":9}},"loc":{"start":{"line":77,"column":15},"end":{"line":77,"column":42}},"line":77},"6":{"name":"padd","decl":{"start":{"line":81,"column":9},"end":{"line":81,"column":13}},"loc":{"start":{"line":81,"column":20},"end":{"line":83,"column":1}},"line":81},"7":{"name":"psub","decl":{"start":{"line":85,"column":9},"end":{"line":85,"column":13}},"loc":{"start":{"line":85,"column":20},"end":{"line":87,"column":1}},"line":85},"8":{"name":"trot","decl":{"start":{"line":90,"column":9},"end":{"line":90,"column":13}},"loc":{"start":{"line":90,"column":19},"end":{"line":94,"column":1}},"line":90},"9":{"name":"getRotation","decl":{"start":{"line":96,"column":9},"end":{"line":96,"column":20}},"loc":{"start":{"line":96,"column":24},"end":{"line":99,"column":1}},"line":96},"10":{"name":"ttrans","decl":{"start":{"line":102,"column":9},"end":{"line":102,"column":15}},"loc":{"start":{"line":102,"column":24},"end":{"line":104,"column":1}},"line":102},"11":{"name":"rotAbout","decl":{"start":{"line":106,"column":9},"end":{"line":106,"column":17}},"loc":{"start":{"line":106,"column":26},"end":{"line":108,"column":1}},"line":106},"12":{"name":"transPt","decl":{"start":{"line":111,"column":9},"end":{"line":111,"column":16}},"loc":{"start":{"line":111,"column":23},"end":{"line":113,"column":1}},"line":111},"13":{"name":"matchSeg","decl":{"start":{"line":116,"column":9},"end":{"line":116,"column":17}},"loc":{"start":{"line":116,"column":24},"end":{"line":118,"column":1}},"line":116},"14":{"name":"matchTwo","decl":{"start":{"line":121,"column":9},"end":{"line":121,"column":17}},"loc":{"start":{"line":121,"column":34},"end":{"line":123,"column":1}},"line":121},"15":{"name":"intersect","decl":{"start":{"line":126,"column":9},"end":{"line":126,"column":18}},"loc":{"start":{"line":126,"column":35},"end":{"line":133,"column":1}},"line":126}},"branchMap":{"0":{"loc":{"start":{"line":136,"column":0},"end":{"line":154,"column":1}},"type":"if","locations":[{"start":{"line":136,"column":0},"end":{"line":154,"column":1}},{"start":{},"end":{}}],"line":136},"1":{"loc":{"start":{"line":136,"column":4},"end":{"line":136,"column":51}},"type":"binary-expr","locations":[{"start":{"line":136,"column":4},"end":{"line":136,"column":33}},{"start":{"line":136,"column":37},"end":{"line":136,"column":51}}],"line":136}},"s":{"0":1,"1":1,"2":1,"3":1,"4":1,"5":1,"6":15,"7":13,"8":0,"9":0,"10":0,"11":0,"12":0,"13":0,"14":0,"15":0,"16":0,"17":0,"18":0,"19":0,"20":0,"21":0,"22":0,"23":0,"24":0,"25":2,"26":0,"27":0,"28":0,"29":0,"30":0,"31":1,"32":1},"f":{"0":15,"1":13,"2":0,"3":0,"4":0,"5":0,"6":0,"7":0,"8":0,"9":0,"10":0,"11":0,"12":2,"13":0,"14":0,"15":0},"b":{"0":[1,0],"1":[1,1]},"_coverageSchema":"1a1c01bbd47fc00a2c39e90264f33305004495a9","hash":"5c4e1900c1896ef776128d235effb50d5c54c750"}
,"/Users/macbook/Documents/AperiodicMinesweepr/src/hat.js": {"path":"/Users/macbook/Documents/AperiodicMinesweepr/src/hat.js","statementMap":{"0":{"start":{"line":3,"column":16},"end":{"line":3,"column":37}},"1":{"start":{"line":4,"column":25},"end":{"line":4,"column":43}},"2":{"start":{"line":5,"column":18},"end":{"line":5,"column":20}},"3":{"start":{"line":6,"column":15},"end":{"line":6,"column":16}},"4":{"start":{"line":10,"column":14},"end":{"line":10,"column":16}},"5":{"start":{"line":12,"column":24},"end":{"line":12,"column":50}},"6":{"start":{"line":13,"column":21},"end":{"line":17,"column":1}},"7":{"start":{"line":18,"column":31},"end":{"line":18,"column":32}},"8":{"start":{"line":19,"column":22},"end":{"line":19,"column":81}},"9":{"start":{"line":37,"column":19},"end":{"line":37,"column":23}},"10":{"start":{"line":38,"column":20},"end":{"line":38,"column":24}},"11":{"start":{"line":40,"column":15},"end":{"line":40,"column":20}},"12":{"start":{"line":41,"column":15},"end":{"line":41,"column":20}},"13":{"start":{"line":42,"column":21},"end":{"line":42,"column":26}},"14":{"start":{"line":43,"column":20},"end":{"line":43,"column":25}},"15":{"start":{"line":44,"column":15},"end":{"line":44,"column":20}},"16":{"start":{"line":45,"column":12},"end":{"line":45,"column":16}},"17":{"start":{"line":46,"column":17},"end":{"line":46,"column":20}},"18":{"start":{"line":47,"column":21},"end":{"line":47,"column":24}},"19":{"start":{"line":48,"column":17},"end":{"line":48,"column":19}},"20":{"start":{"line":50,"column":19},"end":{"line":50,"column":20}},"21":{"start":{"line":51,"column":18},"end":{"line":51,"column":19}},"22":{"start":{"line":52,"column":23},"end":{"line":52,"column":25}},"23":{"start":{"line":55,"column":17},"end":{"line":55,"column":18}},"24":{"start":{"line":58,"column":13},"end":{"line":58,"column":15}},"25":{"start":{"line":65,"column":2},"end":{"line":65,"column":39}},"26":{"start":{"line":65,"column":15},"end":{"line":65,"column":39}},"27":{"start":{"line":67,"column":2},"end":{"line":71,"column":3}},"28":{"start":{"line":68,"column":4},"end":{"line":70,"column":34}},"29":{"start":{"line":69,"column":6},"end":{"line":69,"column":27}},"30":{"start":{"line":70,"column":11},"end":{"line":70,"column":34}},"31":{"start":{"line":72,"column":2},"end":{"line":72,"column":24}},"32":{"start":{"line":77,"column":21},"end":{"line":77,"column":61}},"33":{"start":{"line":78,"column":2},"end":{"line":95,"column":3}},"34":{"start":{"line":79,"column":2},"end":{"line":85,"column":4}},"35":{"start":{"line":88,"column":4},"end":{"line":94,"column":6}},"36":{"start":{"line":99,"column":21},"end":{"line":99,"column":61}},"37":{"start":{"line":100,"column":16},"end":{"line":100,"column":88}},"38":{"start":{"line":101,"column":19},"end":{"line":101,"column":38}},"39":{"start":{"line":102,"column":19},"end":{"line":102,"column":38}},"40":{"start":{"line":103,"column":2},"end":{"line":109,"column":4}},"41":{"start":{"line":110,"column":2},"end":{"line":124,"column":3}},"42":{"start":{"line":111,"column":4},"end":{"line":111,"column":30}},"43":{"start":{"line":112,"column":32},"end":{"line":117,"column":5}},"44":{"start":{"line":118,"column":4},"end":{"line":118,"column":55}},"45":{"start":{"line":119,"column":15},"end":{"line":119,"column":55}},"46":{"start":{"line":120,"column":4},"end":{"line":120,"column":24}},"47":{"start":{"line":121,"column":4},"end":{"line":121,"column":20}},"48":{"start":{"line":122,"column":4},"end":{"line":122,"column":16}},"49":{"start":{"line":123,"column":4},"end":{"line":123,"column":44}},"50":{"start":{"line":127,"column":2},"end":{"line":127,"column":9}},"51":{"start":{"line":128,"column":15},"end":{"line":128,"column":33}},"52":{"start":{"line":130,"column":2},"end":{"line":130,"column":15}},"53":{"start":{"line":131,"column":2},"end":{"line":131,"column":23}},"54":{"start":{"line":132,"column":2},"end":{"line":132,"column":18}},"55":{"start":{"line":134,"column":2},"end":{"line":134,"column":15}},"56":{"start":{"line":136,"column":2},"end":{"line":139,"column":3}},"57":{"start":{"line":137,"column":15},"end":{"line":137,"column":62}},"58":{"start":{"line":138,"column":4},"end":{"line":138,"column":23}},"59":{"start":{"line":141,"column":2},"end":{"line":141,"column":18}},"60":{"start":{"line":142,"column":2},"end":{"line":153,"column":3}},"61":{"start":{"line":143,"column":4},"end":{"line":143,"column":30}},"62":{"start":{"line":144,"column":23},"end":{"line":144,"column":113}},"63":{"start":{"line":145,"column":4},"end":{"line":149,"column":5}},"64":{"start":{"line":146,"column":6},"end":{"line":146,"column":14}},"65":{"start":{"line":148,"column":6},"end":{"line":148,"column":16}},"66":{"start":{"line":150,"column":15},"end":{"line":150,"column":55}},"67":{"start":{"line":151,"column":4},"end":{"line":151,"column":16}},"68":{"start":{"line":152,"column":4},"end":{"line":152,"column":44}},"69":{"start":{"line":154,"column":2},"end":{"line":165,"column":3}},"70":{"start":{"line":156,"column":23},"end":{"line":156,"column":63}},"71":{"start":{"line":157,"column":4},"end":{"line":157,"column":16}},"72":{"start":{"line":158,"column":4},"end":{"line":158,"column":15}},"73":{"start":{"line":159,"column":4},"end":{"line":163,"column":6}},"74":{"start":{"line":164,"column":4},"end":{"line":164,"column":19}},"75":{"start":{"line":166,"column":2},"end":{"line":166,"column":8}},"76":{"start":{"line":171,"column":2},"end":{"line":171,"column":45}},"77":{"start":{"line":172,"column":2},"end":{"line":172,"column":45}},"78":{"start":{"line":177,"column":2},"end":{"line":177,"column":16}},"79":{"start":{"line":178,"column":2},"end":{"line":178,"column":21}},"80":{"start":{"line":179,"column":2},"end":{"line":179,"column":22}},"81":{"start":{"line":180,"column":2},"end":{"line":180,"column":22}},"82":{"start":{"line":181,"column":2},"end":{"line":181,"column":16}},"83":{"start":{"line":185,"column":14},"end":{"line":185,"column":27}},"84":{"start":{"line":186,"column":2},"end":{"line":186,"column":30}},"85":{"start":{"line":187,"column":2},"end":{"line":187,"column":30}},"86":{"start":{"line":191,"column":18},"end":{"line":191,"column":37}},"87":{"start":{"line":192,"column":2},"end":{"line":219,"column":5}},"88":{"start":{"line":194,"column":29},"end":{"line":194,"column":148}},"89":{"start":{"line":195,"column":6},"end":{"line":195,"column":46}},"90":{"start":{"line":196,"column":6},"end":{"line":196,"column":40}},"91":{"start":{"line":199,"column":25},"end":{"line":201,"column":53}},"92":{"start":{"line":202,"column":25},"end":{"line":202,"column":65}},"93":{"start":{"line":203,"column":6},"end":{"line":203,"column":44}},"94":{"start":{"line":206,"column":27},"end":{"line":210,"column":7}},"95":{"start":{"line":211,"column":33},"end":{"line":211,"column":111}},"96":{"start":{"line":213,"column":6},"end":{"line":213,"column":85}},"97":{"start":{"line":215,"column":20},"end":{"line":215,"column":38}},"98":{"start":{"line":216,"column":6},"end":{"line":218,"column":9}},"99":{"start":{"line":217,"column":10},"end":{"line":217,"column":67}},"100":{"start":{"line":223,"column":26},"end":{"line":223,"column":54}},"101":{"start":{"line":224,"column":2},"end":{"line":224,"column":32}},"102":{"start":{"line":226,"column":23},"end":{"line":226,"column":61}},"103":{"start":{"line":227,"column":2},"end":{"line":227,"column":29}},"104":{"start":{"line":228,"column":2},"end":{"line":230,"column":5}},"105":{"start":{"line":229,"column":7},"end":{"line":229,"column":48}},"106":{"start":{"line":232,"column":28},"end":{"line":232,"column":56}},"107":{"start":{"line":233,"column":2},"end":{"line":233,"column":34}},"108":{"start":{"line":235,"column":25},"end":{"line":235,"column":65}},"109":{"start":{"line":236,"column":2},"end":{"line":236,"column":31}},"110":{"start":{"line":238,"column":2},"end":{"line":241,"column":5}},"111":{"start":{"line":239,"column":6},"end":{"line":239,"column":51}},"112":{"start":{"line":240,"column":6},"end":{"line":240,"column":27}},"113":{"start":{"line":243,"column":22},"end":{"line":243,"column":52}},"114":{"start":{"line":244,"column":2},"end":{"line":244,"column":28}},"115":{"start":{"line":245,"column":2},"end":{"line":247,"column":5}},"116":{"start":{"line":246,"column":6},"end":{"line":246,"column":27}},"117":{"start":{"line":249,"column":17},"end":{"line":249,"column":28}},"118":{"start":{"line":250,"column":2},"end":{"line":250,"column":23}},"119":{"start":{"line":251,"column":2},"end":{"line":251,"column":33}},"120":{"start":{"line":254,"column":23},"end":{"line":254,"column":63}},"121":{"start":{"line":255,"column":2},"end":{"line":255,"column":29}},"122":{"start":{"line":256,"column":2},"end":{"line":256,"column":37}},"123":{"start":{"line":259,"column":21},"end":{"line":259,"column":43}},"124":{"start":{"line":260,"column":2},"end":{"line":260,"column":27}},"125":{"start":{"line":261,"column":2},"end":{"line":267,"column":5}},"126":{"start":{"line":262,"column":4},"end":{"line":262,"column":37}},"127":{"start":{"line":263,"column":4},"end":{"line":263,"column":39}},"128":{"start":{"line":264,"column":4},"end":{"line":264,"column":45}},"129":{"start":{"line":265,"column":4},"end":{"line":265,"column":49}},"130":{"start":{"line":266,"column":4},"end":{"line":266,"column":25}},"131":{"start":{"line":270,"column":21},"end":{"line":270,"column":43}},"132":{"start":{"line":271,"column":2},"end":{"line":271,"column":27}},"133":{"start":{"line":272,"column":2},"end":{"line":278,"column":5}},"134":{"start":{"line":273,"column":4},"end":{"line":273,"column":37}},"135":{"start":{"line":274,"column":4},"end":{"line":274,"column":39}},"136":{"start":{"line":275,"column":4},"end":{"line":275,"column":45}},"137":{"start":{"line":276,"column":4},"end":{"line":276,"column":49}},"138":{"start":{"line":277,"column":4},"end":{"line":277,"column":25}},"139":{"start":{"line":281,"column":20},"end":{"line":281,"column":41}},"140":{"start":{"line":282,"column":2},"end":{"line":282,"column":26}},"141":{"start":{"line":283,"column":2},"end":{"line":289,"column":5}},"142":{"start":{"line":284,"column":4},"end":{"line":284,"column":37}},"143":{"start":{"line":285,"column":4},"end":{"line":285,"column":39}},"144":{"start":{"line":286,"column":4},"end":{"line":286,"column":45}},"145":{"start":{"line":287,"column":4},"end":{"line":287,"column":49}},"146":{"start":{"line":288,"column":4},"end":{"line":288,"column":25}},"147":{"start":{"line":292,"column":19},"end":{"line":292,"column":39}},"148":{"start":{"line":293,"column":2},"end":{"line":293,"column":25}},"149":{"start":{"line":294,"column":2},"end":{"line":300,"column":5}},"150":{"start":{"line":295,"column":4},"end":{"line":295,"column":37}},"151":{"start":{"line":296,"column":4},"end":{"line":296,"column":39}},"152":{"start":{"line":297,"column":4},"end":{"line":297,"column":45}},"153":{"start":{"line":298,"column":4},"end":{"line":298,"column":49}},"154":{"start":{"line":299,"column":4},"end":{"line":299,"column":25}},"155":{"start":{"line":304,"column":18},"end":{"line":304,"column":71}},"156":{"start":{"line":306,"column":19},"end":{"line":310,"column":3}},"157":{"start":{"line":311,"column":2},"end":{"line":311,"column":25}},"158":{"start":{"line":312,"column":2},"end":{"line":312,"column":63}},"159":{"start":{"line":314,"column":2},"end":{"line":314,"column":22}},"160":{"start":{"line":319,"column":2},"end":{"line":319,"column":29}},"161":{"start":{"line":319,"column":22},"end":{"line":319,"column":29}},"162":{"start":{"line":321,"column":21},"end":{"line":321,"column":29}},"163":{"start":{"line":322,"column":20},"end":{"line":322,"column":66}},"164":{"start":{"line":324,"column":16},"end":{"line":324,"column":44}},"165":{"start":{"line":325,"column":16},"end":{"line":325,"column":32}},"166":{"start":{"line":327,"column":2},"end":{"line":327,"column":48}},"167":{"start":{"line":328,"column":2},"end":{"line":328,"column":48}},"168":{"start":{"line":330,"column":2},"end":{"line":330,"column":52}},"169":{"start":{"line":334,"column":2},"end":{"line":334,"column":24}},"170":{"start":{"line":335,"column":2},"end":{"line":335,"column":25}},"171":{"start":{"line":339,"column":2},"end":{"line":339,"column":24}},"172":{"start":{"line":340,"column":2},"end":{"line":340,"column":10}},"173":{"start":{"line":343,"column":2},"end":{"line":343,"column":23}},"174":{"start":{"line":348,"column":15},"end":{"line":348,"column":39}},"175":{"start":{"line":349,"column":2},"end":{"line":349,"column":25}},"176":{"start":{"line":351,"column":2},"end":{"line":351,"column":36}},"177":{"start":{"line":352,"column":2},"end":{"line":364,"column":5}},"178":{"start":{"line":353,"column":4},"end":{"line":353,"column":45}},"179":{"start":{"line":354,"column":4},"end":{"line":354,"column":14}},"180":{"start":{"line":355,"column":4},"end":{"line":355,"column":14}},"181":{"start":{"line":356,"column":4},"end":{"line":356,"column":44}},"182":{"start":{"line":357,"column":4},"end":{"line":357,"column":33}},"183":{"start":{"line":358,"column":4},"end":{"line":358,"column":20}},"184":{"start":{"line":359,"column":4},"end":{"line":359,"column":19}},"185":{"start":{"line":360,"column":4},"end":{"line":360,"column":15}},"186":{"start":{"line":361,"column":4},"end":{"line":361,"column":16}},"187":{"start":{"line":362,"column":4},"end":{"line":362,"column":17}},"188":{"start":{"line":363,"column":4},"end":{"line":363,"column":11}},"189":{"start":{"line":366,"column":2},"end":{"line":366,"column":47}},"190":{"start":{"line":368,"column":2},"end":{"line":383,"column":5}},"191":{"start":{"line":369,"column":4},"end":{"line":382,"column":5}},"192":{"start":{"line":370,"column":6},"end":{"line":376,"column":7}},"193":{"start":{"line":370,"column":18},"end":{"line":370,"column":19}},"194":{"start":{"line":371,"column":22},"end":{"line":371,"column":46}},"195":{"start":{"line":372,"column":8},"end":{"line":372,"column":42}},"196":{"start":{"line":373,"column":20},"end":{"line":373,"column":61}},"197":{"start":{"line":374,"column":8},"end":{"line":374,"column":40}},"198":{"start":{"line":375,"column":8},"end":{"line":375,"column":16}},"199":{"start":{"line":377,"column":18},"end":{"line":377,"column":59}},"200":{"start":{"line":378,"column":6},"end":{"line":378,"column":38}},"201":{"start":{"line":379,"column":6},"end":{"line":379,"column":19}},"202":{"start":{"line":380,"column":6},"end":{"line":380,"column":19}},"203":{"start":{"line":381,"column":6},"end":{"line":381,"column":13}},"204":{"start":{"line":385,"column":2},"end":{"line":385,"column":42}},"205":{"start":{"line":387,"column":2},"end":{"line":395,"column":5}},"206":{"start":{"line":388,"column":4},"end":{"line":394,"column":5}},"207":{"start":{"line":389,"column":20},"end":{"line":389,"column":50}},"208":{"start":{"line":390,"column":6},"end":{"line":390,"column":40}},"209":{"start":{"line":391,"column":6},"end":{"line":391,"column":38}},"210":{"start":{"line":392,"column":6},"end":{"line":392,"column":45}},"211":{"start":{"line":393,"column":6},"end":{"line":393,"column":13}},"212":{"start":{"line":396,"column":2},"end":{"line":396,"column":58}},"213":{"start":{"line":397,"column":2},"end":{"line":397,"column":39}},"214":{"start":{"line":399,"column":2},"end":{"line":399,"column":54}},"215":{"start":{"line":400,"column":2},"end":{"line":400,"column":39}},"216":{"start":{"line":403,"column":2},"end":{"line":403,"column":46}},"217":{"start":{"line":404,"column":2},"end":{"line":407,"column":5}},"218":{"start":{"line":405,"column":4},"end":{"line":405,"column":23}},"219":{"start":{"line":406,"column":4},"end":{"line":406,"column":11}},"220":{"start":{"line":410,"column":23},"end":{"line":410,"column":104}},"221":{"start":{"line":411,"column":2},"end":{"line":417,"column":5}},"222":{"start":{"line":413,"column":4},"end":{"line":413,"column":89}},"223":{"start":{"line":414,"column":4},"end":{"line":414,"column":82}},"224":{"start":{"line":415,"column":4},"end":{"line":415,"column":93}},"225":{"start":{"line":418,"column":2},"end":{"line":418,"column":27}},"226":{"start":{"line":420,"column":2},"end":{"line":420,"column":27}},"227":{"start":{"line":421,"column":2},"end":{"line":421,"column":33}},"228":{"start":{"line":422,"column":2},"end":{"line":422,"column":31}},"229":{"start":{"line":423,"column":2},"end":{"line":423,"column":31}},"230":{"start":{"line":424,"column":2},"end":{"line":424,"column":25}},"231":{"start":{"line":425,"column":2},"end":{"line":425,"column":32}},"232":{"start":{"line":431,"column":15},"end":{"line":431,"column":28}},"233":{"start":{"line":432,"column":2},"end":{"line":432,"column":25}},"234":{"start":{"line":434,"column":2},"end":{"line":434,"column":40}},"235":{"start":{"line":435,"column":2},"end":{"line":435,"column":41}},"236":{"start":{"line":436,"column":2},"end":{"line":436,"column":36}},"237":{"start":{"line":438,"column":2},"end":{"line":438,"column":40}},"238":{"start":{"line":439,"column":2},"end":{"line":441,"column":5}},"239":{"start":{"line":440,"column":6},"end":{"line":440,"column":37}},"240":{"start":{"line":443,"column":2},"end":{"line":443,"column":34}},"241":{"start":{"line":444,"column":2},"end":{"line":446,"column":5}},"242":{"start":{"line":445,"column":6},"end":{"line":445,"column":34}},"243":{"start":{"line":448,"column":2},"end":{"line":448,"column":37}},"244":{"start":{"line":449,"column":2},"end":{"line":449,"column":38}},"245":{"start":{"line":450,"column":2},"end":{"line":450,"column":33}},"246":{"start":{"line":452,"column":2},"end":{"line":452,"column":30}},"247":{"start":{"line":453,"column":2},"end":{"line":453,"column":26}},"248":{"start":{"line":454,"column":2},"end":{"line":454,"column":29}},"249":{"start":{"line":455,"column":2},"end":{"line":455,"column":27}},"250":{"start":{"line":463,"column":4},"end":{"line":463,"column":16}},"251":{"start":{"line":466,"column":23},"end":{"line":466,"column":31}},"252":{"start":{"line":467,"column":22},"end":{"line":467,"column":68}},"253":{"start":{"line":468,"column":4},"end":{"line":468,"column":50}},"254":{"start":{"line":476,"column":18},"end":{"line":476,"column":55}},"255":{"start":{"line":477,"column":2},"end":{"line":480,"column":5}},"256":{"start":{"line":478,"column":4},"end":{"line":480,"column":5}},"257":{"start":{"line":479,"column":6},"end":{"line":479,"column":52}},"258":{"start":{"line":485,"column":2},"end":{"line":485,"column":28}},"259":{"start":{"line":487,"column":2},"end":{"line":487,"column":17}},"260":{"start":{"line":488,"column":2},"end":{"line":488,"column":27}},"261":{"start":{"line":489,"column":17},"end":{"line":492,"column":3}},"262":{"start":{"line":493,"column":2},"end":{"line":493,"column":56}},"263":{"start":{"line":495,"column":2},"end":{"line":495,"column":92}},"264":{"start":{"line":495,"column":72},"end":{"line":495,"column":90}},"265":{"start":{"line":497,"column":2},"end":{"line":497,"column":43}},"266":{"start":{"line":498,"column":2},"end":{"line":498,"column":12}},"267":{"start":{"line":499,"column":2},"end":{"line":499,"column":12}},"268":{"start":{"line":501,"column":2},"end":{"line":501,"column":32}},"269":{"start":{"line":502,"column":2},"end":{"line":502,"column":28}},"270":{"start":{"line":503,"column":2},"end":{"line":503,"column":30}},"271":{"start":{"line":504,"column":2},"end":{"line":504,"column":30}},"272":{"start":{"line":505,"column":2},"end":{"line":505,"column":34}},"273":{"start":{"line":506,"column":2},"end":{"line":506,"column":36}},"274":{"start":{"line":507,"column":2},"end":{"line":507,"column":30}},"275":{"start":{"line":508,"column":2},"end":{"line":508,"column":32}},"276":{"start":{"line":511,"column":2},"end":{"line":511,"column":32}},"277":{"start":{"line":512,"column":2},"end":{"line":512,"column":40}},"278":{"start":{"line":513,"column":2},"end":{"line":513,"column":38}},"279":{"start":{"line":514,"column":2},"end":{"line":514,"column":38}},"280":{"start":{"line":517,"column":2},"end":{"line":517,"column":16}},"281":{"start":{"line":519,"column":2},"end":{"line":519,"column":24}},"282":{"start":{"line":520,"column":2},"end":{"line":522,"column":5}},"283":{"start":{"line":521,"column":4},"end":{"line":521,"column":11}},"284":{"start":{"line":523,"column":2},"end":{"line":523,"column":38}},"285":{"start":{"line":524,"column":2},"end":{"line":527,"column":3}},"286":{"start":{"line":525,"column":12},"end":{"line":525,"column":27}},"287":{"start":{"line":526,"column":4},"end":{"line":526,"column":21}},"288":{"start":{"line":528,"column":2},"end":{"line":528,"column":22}},"289":{"start":{"line":529,"column":2},"end":{"line":529,"column":23}},"290":{"start":{"line":533,"column":2},"end":{"line":533,"column":18}},"291":{"start":{"line":534,"column":2},"end":{"line":534,"column":35}},"292":{"start":{"line":536,"column":2},"end":{"line":536,"column":9}},"293":{"start":{"line":538,"column":2},"end":{"line":540,"column":3}},"294":{"start":{"line":539,"column":4},"end":{"line":539,"column":37}},"295":{"start":{"line":542,"column":22},"end":{"line":547,"column":3}},"296":{"start":{"line":548,"column":2},"end":{"line":557,"column":3}},"297":{"start":{"line":549,"column":4},"end":{"line":556,"column":5}},"298":{"start":{"line":550,"column":6},"end":{"line":552,"column":40}},"299":{"start":{"line":551,"column":8},"end":{"line":551,"column":33}},"300":{"start":{"line":552,"column":15},"end":{"line":552,"column":39}},"301":{"start":{"line":555,"column":6},"end":{"line":555,"column":22}},"302":{"start":{"line":561,"column":2},"end":{"line":563,"column":3}},"303":{"start":{"line":562,"column":4},"end":{"line":562,"column":23}},"304":{"start":{"line":564,"column":2},"end":{"line":564,"column":8}},"305":{"start":{"line":565,"column":2},"end":{"line":565,"column":16}},"306":{"start":{"line":568,"column":2},"end":{"line":588,"column":3}},"307":{"start":{"line":570,"column":24},"end":{"line":575,"column":5}},"308":{"start":{"line":576,"column":4},"end":{"line":585,"column":5}},"309":{"start":{"line":577,"column":6},"end":{"line":581,"column":7}},"310":{"start":{"line":578,"column":8},"end":{"line":578,"column":28}},"311":{"start":{"line":580,"column":8},"end":{"line":580,"column":24}},"312":{"start":{"line":582,"column":6},"end":{"line":584,"column":7}},"313":{"start":{"line":583,"column":8},"end":{"line":583,"column":33}},"314":{"start":{"line":592,"column":2},"end":{"line":592,"column":19}},"315":{"start":{"line":593,"column":2},"end":{"line":593,"column":40}},"316":{"start":{"line":596,"column":2},"end":{"line":601,"column":4}},"317":{"start":{"line":604,"column":16},"end":{"line":607,"column":3}},"318":{"start":{"line":608,"column":2},"end":{"line":608,"column":15}},"319":{"start":{"line":612,"column":22},"end":{"line":612,"column":55}},"320":{"start":{"line":613,"column":23},"end":{"line":613,"column":58}},"321":{"start":{"line":614,"column":2},"end":{"line":614,"column":42}},"322":{"start":{"line":617,"column":2},"end":{"line":617,"column":60}},"323":{"start":{"line":617,"column":53},"end":{"line":617,"column":60}},"324":{"start":{"line":619,"column":2},"end":{"line":619,"column":19}},"325":{"start":{"line":620,"column":2},"end":{"line":620,"column":43}},"326":{"start":{"line":622,"column":16},"end":{"line":622,"column":48}},"327":{"start":{"line":623,"column":18},"end":{"line":623,"column":50}},"328":{"start":{"line":624,"column":2},"end":{"line":632,"column":3}},"329":{"start":{"line":625,"column":4},"end":{"line":628,"column":5}},"330":{"start":{"line":626,"column":6},"end":{"line":626,"column":32}},"331":{"start":{"line":627,"column":6},"end":{"line":627,"column":28}},"332":{"start":{"line":629,"column":6},"end":{"line":629,"column":29}},"333":{"start":{"line":630,"column":6},"end":{"line":630,"column":38}},"334":{"start":{"line":631,"column":6},"end":{"line":631,"column":15}},"335":{"start":{"line":634,"column":2},"end":{"line":634,"column":9}},"336":{"start":{"line":638,"column":2},"end":{"line":638,"column":60}},"337":{"start":{"line":638,"column":53},"end":{"line":638,"column":60}},"338":{"start":{"line":640,"column":23},"end":{"line":640,"column":77}},"339":{"start":{"line":641,"column":24},"end":{"line":641,"column":25}},"340":{"start":{"line":643,"column":2},"end":{"line":656,"column":3}},"341":{"start":{"line":644,"column":6},"end":{"line":644,"column":22}},"342":{"start":{"line":647,"column":6},"end":{"line":651,"column":7}},"343":{"start":{"line":648,"column":10},"end":{"line":648,"column":39}},"344":{"start":{"line":649,"column":10},"end":{"line":649,"column":30}},"345":{"start":{"line":650,"column":10},"end":{"line":650,"column":19}},"346":{"start":{"line":653,"column":20},"end":{"line":653,"column":62}},"347":{"start":{"line":654,"column":6},"end":{"line":654,"column":40}},"348":{"start":{"line":655,"column":6},"end":{"line":655,"column":58}},"349":{"start":{"line":658,"column":2},"end":{"line":658,"column":9}},"350":{"start":{"line":659,"column":2},"end":{"line":659,"column":15}},"351":{"start":{"line":663,"column":2},"end":{"line":663,"column":60}},"352":{"start":{"line":663,"column":53},"end":{"line":663,"column":60}},"353":{"start":{"line":665,"column":2},"end":{"line":670,"column":6}},"354":{"start":{"line":666,"column":4},"end":{"line":670,"column":3}},"355":{"start":{"line":667,"column":6},"end":{"line":667,"column":53}},"356":{"start":{"line":668,"column":9},"end":{"line":670,"column":3}},"357":{"start":{"line":669,"column":6},"end":{"line":669,"column":52}},"358":{"start":{"line":672,"column":2},"end":{"line":672,"column":19}},"359":{"start":{"line":673,"column":2},"end":{"line":673,"column":31}},"360":{"start":{"line":674,"column":2},"end":{"line":674,"column":23}},"361":{"start":{"line":676,"column":2},"end":{"line":676,"column":9}},"362":{"start":{"line":679,"column":0},"end":{"line":683,"column":1}},"363":{"start":{"line":680,"column":2},"end":{"line":682,"column":4}}},"fnMap":{"0":{"name":"decideColour","decl":{"start":{"line":63,"column":9},"end":{"line":63,"column":21}},"loc":{"start":{"line":63,"column":28},"end":{"line":73,"column":1}},"line":63},"1":{"name":"drawSpriteAt","decl":{"start":{"line":76,"column":9},"end":{"line":76,"column":21}},"loc":{"start":{"line":76,"column":37},"end":{"line":96,"column":1}},"line":76},"2":{"name":"drawShapeIMG","decl":{"start":{"line":97,"column":9},"end":{"line":97,"column":21}},"loc":{"start":{"line":97,"column":40},"end":{"line":125,"column":1}},"line":97},"3":{"name":"drawShape","decl":{"start":{"line":126,"column":9},"end":{"line":126,"column":18}},"loc":{"start":{"line":126,"column":40},"end":{"line":167,"column":1}},"line":126},"4":{"name":"preload","decl":{"start":{"line":170,"column":9},"end":{"line":170,"column":16}},"loc":{"start":{"line":170,"column":18},"end":{"line":173,"column":1}},"line":170},"5":{"name":"setupPanels","decl":{"start":{"line":176,"column":9},"end":{"line":176,"column":20}},"loc":{"start":{"line":176,"column":23},"end":{"line":182,"column":1}},"line":176},"6":{"name":"setupColourSelect","decl":{"start":{"line":184,"column":9},"end":{"line":184,"column":26}},"loc":{"start":{"line":184,"column":29},"end":{"line":188,"column":1}},"line":184},"7":{"name":"changeButtonColour","decl":{"start":{"line":190,"column":9},"end":{"line":190,"column":27}},"loc":{"start":{"line":190,"column":30},"end":{"line":220,"column":1}},"line":190},"8":{"name":"(anonymous_8)","decl":{"start":{"line":192,"column":18},"end":{"line":192,"column":19}},"loc":{"start":{"line":192,"column":25},"end":{"line":219,"column":3}},"line":192},"9":{"name":"(anonymous_9)","decl":{"start":{"line":216,"column":20},"end":{"line":216,"column":21}},"loc":{"start":{"line":216,"column":28},"end":{"line":218,"column":7}},"line":216},"10":{"name":"populateColourSelect","decl":{"start":{"line":222,"column":9},"end":{"line":222,"column":29}},"loc":{"start":{"line":222,"column":37},"end":{"line":301,"column":1}},"line":222},"11":{"name":"(anonymous_11)","decl":{"start":{"line":228,"column":28},"end":{"line":228,"column":29}},"loc":{"start":{"line":228,"column":34},"end":{"line":230,"column":3}},"line":228},"12":{"name":"(anonymous_12)","decl":{"start":{"line":238,"column":30},"end":{"line":238,"column":31}},"loc":{"start":{"line":238,"column":36},"end":{"line":241,"column":3}},"line":238},"13":{"name":"(anonymous_13)","decl":{"start":{"line":245,"column":27},"end":{"line":245,"column":28}},"loc":{"start":{"line":245,"column":33},"end":{"line":247,"column":3}},"line":245},"14":{"name":"(anonymous_14)","decl":{"start":{"line":261,"column":26},"end":{"line":261,"column":27}},"loc":{"start":{"line":261,"column":32},"end":{"line":267,"column":3}},"line":261},"15":{"name":"(anonymous_15)","decl":{"start":{"line":272,"column":26},"end":{"line":272,"column":27}},"loc":{"start":{"line":272,"column":32},"end":{"line":278,"column":3}},"line":272},"16":{"name":"(anonymous_16)","decl":{"start":{"line":283,"column":25},"end":{"line":283,"column":26}},"loc":{"start":{"line":283,"column":31},"end":{"line":289,"column":3}},"line":283},"17":{"name":"(anonymous_17)","decl":{"start":{"line":294,"column":24},"end":{"line":294,"column":25}},"loc":{"start":{"line":294,"column":30},"end":{"line":300,"column":3}},"line":294},"18":{"name":"saveGameEntry","decl":{"start":{"line":303,"column":9},"end":{"line":303,"column":22}},"loc":{"start":{"line":303,"column":59},"end":{"line":315,"column":1}},"line":303},"19":{"name":"updateTimer","decl":{"start":{"line":318,"column":9},"end":{"line":318,"column":20}},"loc":{"start":{"line":318,"column":23},"end":{"line":331,"column":1}},"line":318},"20":{"name":"stopTimer","decl":{"start":{"line":333,"column":9},"end":{"line":333,"column":18}},"loc":{"start":{"line":333,"column":21},"end":{"line":336,"column":1}},"line":333},"21":{"name":"resetTimer","decl":{"start":{"line":338,"column":9},"end":{"line":338,"column":19}},"loc":{"start":{"line":338,"column":22},"end":{"line":341,"column":1}},"line":338},"22":{"name":"startTimer","decl":{"start":{"line":342,"column":9},"end":{"line":342,"column":19}},"loc":{"start":{"line":342,"column":21},"end":{"line":344,"column":1}},"line":342},"23":{"name":"setupHeader","decl":{"start":{"line":347,"column":9},"end":{"line":347,"column":20}},"loc":{"start":{"line":347,"column":23},"end":{"line":426,"column":1}},"line":347},"24":{"name":"(anonymous_24)","decl":{"start":{"line":352,"column":25},"end":{"line":352,"column":26}},"loc":{"start":{"line":352,"column":31},"end":{"line":364,"column":3}},"line":352},"25":{"name":"(anonymous_25)","decl":{"start":{"line":368,"column":31},"end":{"line":368,"column":32}},"loc":{"start":{"line":368,"column":37},"end":{"line":383,"column":3}},"line":368},"26":{"name":"(anonymous_26)","decl":{"start":{"line":387,"column":26},"end":{"line":387,"column":27}},"loc":{"start":{"line":387,"column":32},"end":{"line":395,"column":3}},"line":387},"27":{"name":"(anonymous_27)","decl":{"start":{"line":404,"column":23},"end":{"line":404,"column":24}},"loc":{"start":{"line":404,"column":29},"end":{"line":407,"column":3}},"line":404},"28":{"name":"(anonymous_28)","decl":{"start":{"line":411,"column":30},"end":{"line":411,"column":31}},"loc":{"start":{"line":411,"column":36},"end":{"line":417,"column":3}},"line":411},"29":{"name":"setupFooter","decl":{"start":{"line":430,"column":9},"end":{"line":430,"column":20}},"loc":{"start":{"line":430,"column":22},"end":{"line":457,"column":1}},"line":430},"30":{"name":"(anonymous_30)","decl":{"start":{"line":439,"column":27},"end":{"line":439,"column":28}},"loc":{"start":{"line":439,"column":33},"end":{"line":441,"column":3}},"line":439},"31":{"name":"(anonymous_31)","decl":{"start":{"line":444,"column":24},"end":{"line":444,"column":25}},"loc":{"start":{"line":444,"column":30},"end":{"line":446,"column":3}},"line":444},"32":{"name":"handleGameOver","decl":{"start":{"line":460,"column":9},"end":{"line":460,"column":23}},"loc":{"start":{"line":460,"column":38},"end":{"line":472,"column":1}},"line":460},"33":{"name":"handleFirstClick","decl":{"start":{"line":474,"column":9},"end":{"line":474,"column":25}},"loc":{"start":{"line":474,"column":40},"end":{"line":481,"column":1}},"line":474},"34":{"name":"setup","decl":{"start":{"line":484,"column":9},"end":{"line":484,"column":14}},"loc":{"start":{"line":484,"column":17},"end":{"line":530,"column":1}},"line":484},"35":{"name":"(anonymous_35)","decl":{"start":{"line":495,"column":67},"end":{"line":495,"column":68}},"loc":{"start":{"line":495,"column":72},"end":{"line":495,"column":90}},"line":495},"36":{"name":"(anonymous_36)","decl":{"start":{"line":520,"column":21},"end":{"line":520,"column":22}},"loc":{"start":{"line":520,"column":33},"end":{"line":522,"column":3}},"line":520},"37":{"name":"draw","decl":{"start":{"line":532,"column":9},"end":{"line":532,"column":13}},"loc":{"start":{"line":532,"column":16},"end":{"line":589,"column":1}},"line":532},"38":{"name":"updateScore","decl":{"start":{"line":591,"column":9},"end":{"line":591,"column":20}},"loc":{"start":{"line":591,"column":31},"end":{"line":594,"column":1}},"line":591},"39":{"name":"isOnCanvas","decl":{"start":{"line":595,"column":9},"end":{"line":595,"column":19}},"loc":{"start":{"line":595,"column":26},"end":{"line":602,"column":1}},"line":595},"40":{"name":"translateMousePt","decl":{"start":{"line":603,"column":9},"end":{"line":603,"column":25}},"loc":{"start":{"line":603,"column":30},"end":{"line":609,"column":1}},"line":603},"41":{"name":"windowResized","decl":{"start":{"line":611,"column":9},"end":{"line":611,"column":22}},"loc":{"start":{"line":611,"column":25},"end":{"line":615,"column":1}},"line":611},"42":{"name":"mousePressed","decl":{"start":{"line":616,"column":9},"end":{"line":616,"column":21}},"loc":{"start":{"line":616,"column":24},"end":{"line":635,"column":1}},"line":616},"43":{"name":"mouseDragged","decl":{"start":{"line":637,"column":9},"end":{"line":637,"column":21}},"loc":{"start":{"line":637,"column":24},"end":{"line":660,"column":1}},"line":637},"44":{"name":"mouseReleased","decl":{"start":{"line":662,"column":9},"end":{"line":662,"column":22}},"loc":{"start":{"line":662,"column":25},"end":{"line":677,"column":1}},"line":662}},"branchMap":{"0":{"loc":{"start":{"line":65,"column":2},"end":{"line":65,"column":39}},"type":"if","locations":[{"start":{"line":65,"column":2},"end":{"line":65,"column":39}},{"start":{},"end":{}}],"line":65},"1":{"loc":{"start":{"line":67,"column":2},"end":{"line":71,"column":3}},"type":"if","locations":[{"start":{"line":67,"column":2},"end":{"line":71,"column":3}},{"start":{},"end":{}}],"line":67},"2":{"loc":{"start":{"line":68,"column":4},"end":{"line":70,"column":34}},"type":"if","locations":[{"start":{"line":68,"column":4},"end":{"line":70,"column":34}},{"start":{"line":70,"column":11},"end":{"line":70,"column":34}}],"line":68},"3":{"loc":{"start":{"line":76,"column":27},"end":{"line":76,"column":36}},"type":"default-arg","locations":[{"start":{"line":76,"column":32},"end":{"line":76,"column":36}}],"line":76},"4":{"loc":{"start":{"line":78,"column":2},"end":{"line":95,"column":3}},"type":"if","locations":[{"start":{"line":78,"column":2},"end":{"line":95,"column":3}},{"start":{"line":87,"column":7},"end":{"line":95,"column":3}}],"line":78},"5":{"loc":{"start":{"line":97,"column":27},"end":{"line":97,"column":38}},"type":"default-arg","locations":[{"start":{"line":97,"column":34},"end":{"line":97,"column":38}}],"line":97},"6":{"loc":{"start":{"line":100,"column":16},"end":{"line":100,"column":88}},"type":"cond-expr","locations":[{"start":{"line":100,"column":25},"end":{"line":100,"column":55}},{"start":{"line":100,"column":58},"end":{"line":100,"column":88}}],"line":100},"7":{"loc":{"start":{"line":110,"column":2},"end":{"line":124,"column":3}},"type":"if","locations":[{"start":{"line":110,"column":2},"end":{"line":124,"column":3}},{"start":{},"end":{}}],"line":110},"8":{"loc":{"start":{"line":110,"column":6},"end":{"line":110,"column":47}},"type":"binary-expr","locations":[{"start":{"line":110,"column":6},"end":{"line":110,"column":22}},{"start":{"line":110,"column":26},"end":{"line":110,"column":47}}],"line":110},"9":{"loc":{"start":{"line":126,"column":25},"end":{"line":126,"column":38}},"type":"default-arg","locations":[{"start":{"line":126,"column":33},"end":{"line":126,"column":38}}],"line":126},"10":{"loc":{"start":{"line":142,"column":2},"end":{"line":153,"column":3}},"type":"if","locations":[{"start":{"line":142,"column":2},"end":{"line":153,"column":3}},{"start":{},"end":{}}],"line":142},"11":{"loc":{"start":{"line":145,"column":4},"end":{"line":149,"column":5}},"type":"if","locations":[{"start":{"line":145,"column":4},"end":{"line":149,"column":5}},{"start":{"line":147,"column":11},"end":{"line":149,"column":5}}],"line":145},"12":{"loc":{"start":{"line":154,"column":2},"end":{"line":165,"column":3}},"type":"if","locations":[{"start":{"line":154,"column":2},"end":{"line":165,"column":3}},{"start":{},"end":{}}],"line":154},"13":{"loc":{"start":{"line":202,"column":25},"end":{"line":202,"column":65}},"type":"cond-expr","locations":[{"start":{"line":202,"column":44},"end":{"line":202,"column":53}},{"start":{"line":202,"column":56},"end":{"line":202,"column":65}}],"line":202},"14":{"loc":{"start":{"line":304,"column":18},"end":{"line":304,"column":71}},"type":"binary-expr","locations":[{"start":{"line":304,"column":18},"end":{"line":304,"column":65}},{"start":{"line":304,"column":69},"end":{"line":304,"column":71}}],"line":304},"15":{"loc":{"start":{"line":319,"column":2},"end":{"line":319,"column":29}},"type":"if","locations":[{"start":{"line":319,"column":2},"end":{"line":319,"column":29}},{"start":{},"end":{}}],"line":319},"16":{"loc":{"start":{"line":369,"column":4},"end":{"line":382,"column":5}},"type":"if","locations":[{"start":{"line":369,"column":4},"end":{"line":382,"column":5}},{"start":{},"end":{}}],"line":369},"17":{"loc":{"start":{"line":388,"column":4},"end":{"line":394,"column":5}},"type":"if","locations":[{"start":{"line":388,"column":4},"end":{"line":394,"column":5}},{"start":{},"end":{}}],"line":388},"18":{"loc":{"start":{"line":478,"column":4},"end":{"line":480,"column":5}},"type":"if","locations":[{"start":{"line":478,"column":4},"end":{"line":480,"column":5}},{"start":{},"end":{}}],"line":478},"19":{"loc":{"start":{"line":478,"column":8},"end":{"line":478,"column":58}},"type":"binary-expr","locations":[{"start":{"line":478,"column":8},"end":{"line":478,"column":29}},{"start":{"line":478,"column":33},"end":{"line":478,"column":58}}],"line":478},"20":{"loc":{"start":{"line":538,"column":2},"end":{"line":540,"column":3}},"type":"if","locations":[{"start":{"line":538,"column":2},"end":{"line":540,"column":3}},{"start":{},"end":{}}],"line":538},"21":{"loc":{"start":{"line":549,"column":4},"end":{"line":556,"column":5}},"type":"if","locations":[{"start":{"line":549,"column":4},"end":{"line":556,"column":5}},{"start":{"line":554,"column":11},"end":{"line":556,"column":5}}],"line":549},"22":{"loc":{"start":{"line":550,"column":6},"end":{"line":552,"column":40}},"type":"if","locations":[{"start":{"line":550,"column":6},"end":{"line":552,"column":40}},{"start":{"line":552,"column":13},"end":{"line":552,"column":40}}],"line":550},"23":{"loc":{"start":{"line":550,"column":10},"end":{"line":550,"column":59}},"type":"binary-expr","locations":[{"start":{"line":550,"column":10},"end":{"line":550,"column":26}},{"start":{"line":550,"column":30},"end":{"line":550,"column":59}}],"line":550},"24":{"loc":{"start":{"line":568,"column":2},"end":{"line":588,"column":3}},"type":"if","locations":[{"start":{"line":568,"column":2},"end":{"line":588,"column":3}},{"start":{},"end":{}}],"line":568},"25":{"loc":{"start":{"line":577,"column":6},"end":{"line":581,"column":7}},"type":"if","locations":[{"start":{"line":577,"column":6},"end":{"line":581,"column":7}},{"start":{"line":579,"column":13},"end":{"line":581,"column":7}}],"line":577},"26":{"loc":{"start":{"line":582,"column":6},"end":{"line":584,"column":7}},"type":"if","locations":[{"start":{"line":582,"column":6},"end":{"line":584,"column":7}},{"start":{},"end":{}}],"line":582},"27":{"loc":{"start":{"line":597,"column":4},"end":{"line":600,"column":15}},"type":"binary-expr","locations":[{"start":{"line":597,"column":4},"end":{"line":597,"column":10}},{"start":{"line":598,"column":4},"end":{"line":598,"column":14}},{"start":{"line":599,"column":4},"end":{"line":599,"column":10}},{"start":{"line":600,"column":4},"end":{"line":600,"column":15}}],"line":597},"28":{"loc":{"start":{"line":617,"column":2},"end":{"line":617,"column":60}},"type":"if","locations":[{"start":{"line":617,"column":2},"end":{"line":617,"column":60}},{"start":{},"end":{}}],"line":617},"29":{"loc":{"start":{"line":617,"column":6},"end":{"line":617,"column":51}},"type":"binary-expr","locations":[{"start":{"line":617,"column":6},"end":{"line":617,"column":33}},{"start":{"line":617,"column":37},"end":{"line":617,"column":51}}],"line":617},"30":{"loc":{"start":{"line":624,"column":2},"end":{"line":632,"column":3}},"type":"if","locations":[{"start":{"line":624,"column":2},"end":{"line":632,"column":3}},{"start":{},"end":{}}],"line":624},"31":{"loc":{"start":{"line":624,"column":6},"end":{"line":624,"column":37}},"type":"binary-expr","locations":[{"start":{"line":624,"column":6},"end":{"line":624,"column":13}},{"start":{"line":624,"column":17},"end":{"line":624,"column":37}}],"line":624},"32":{"loc":{"start":{"line":625,"column":4},"end":{"line":628,"column":5}},"type":"if","locations":[{"start":{"line":625,"column":4},"end":{"line":628,"column":5}},{"start":{},"end":{}}],"line":625},"33":{"loc":{"start":{"line":638,"column":2},"end":{"line":638,"column":60}},"type":"if","locations":[{"start":{"line":638,"column":2},"end":{"line":638,"column":60}},{"start":{},"end":{}}],"line":638},"34":{"loc":{"start":{"line":638,"column":6},"end":{"line":638,"column":51}},"type":"binary-expr","locations":[{"start":{"line":638,"column":6},"end":{"line":638,"column":33}},{"start":{"line":638,"column":37},"end":{"line":638,"column":51}}],"line":638},"35":{"loc":{"start":{"line":643,"column":2},"end":{"line":656,"column":3}},"type":"if","locations":[{"start":{"line":643,"column":2},"end":{"line":656,"column":3}},{"start":{},"end":{}}],"line":643},"36":{"loc":{"start":{"line":647,"column":6},"end":{"line":651,"column":7}},"type":"if","locations":[{"start":{"line":647,"column":6},"end":{"line":651,"column":7}},{"start":{},"end":{}}],"line":647},"37":{"loc":{"start":{"line":663,"column":2},"end":{"line":663,"column":60}},"type":"if","locations":[{"start":{"line":663,"column":2},"end":{"line":663,"column":60}},{"start":{},"end":{}}],"line":663},"38":{"loc":{"start":{"line":663,"column":6},"end":{"line":663,"column":51}},"type":"binary-expr","locations":[{"start":{"line":663,"column":6},"end":{"line":663,"column":33}},{"start":{"line":663,"column":37},"end":{"line":663,"column":51}}],"line":663},"39":{"loc":{"start":{"line":665,"column":2},"end":{"line":670,"column":6}},"type":"if","locations":[{"start":{"line":665,"column":2},"end":{"line":670,"column":6}},{"start":{},"end":{}}],"line":665},"40":{"loc":{"start":{"line":665,"column":6},"end":{"line":665,"column":31}},"type":"binary-expr","locations":[{"start":{"line":665,"column":6},"end":{"line":665,"column":18}},{"start":{"line":665,"column":22},"end":{"line":665,"column":31}}],"line":665},"41":{"loc":{"start":{"line":666,"column":4},"end":{"line":670,"column":3}},"type":"if","locations":[{"start":{"line":666,"column":4},"end":{"line":670,"column":3}},{"start":{"line":668,"column":9},"end":{"line":670,"column":3}}],"line":666},"42":{"loc":{"start":{"line":668,"column":9},"end":{"line":670,"column":3}},"type":"if","locations":[{"start":{"line":668,"column":9},"end":{"line":670,"column":3}},{"start":{},"end":{}}],"line":668},"43":{"loc":{"start":{"line":679,"column":0},"end":{"line":683,"column":1}},"type":"if","locations":[{"start":{"line":679,"column":0},"end":{"line":683,"column":1}},{"start":{},"end":{}}],"line":679},"44":{"loc":{"start":{"line":679,"column":4},"end":{"line":679,"column":51}},"type":"binary-expr","locations":[{"start":{"line":679,"column":4},"end":{"line":679,"column":33}},{"start":{"line":679,"column":37},"end":{"line":679,"column":51}}],"line":679}},"s":{"0":1,"1":1,"2":1,"3":1,"4":1,"5":1,"6":1,"7":1,"8":1,"9":1,"10":1,"11":1,"12":1,"13":1,"14":1,"15":1,"16":1,"17":1,"18":1,"19":1,"20":1,"21":1,"22":1,"23":1,"24":1,"25":3,"26":0,"27":3,"28":2,"29":1,"30":1,"31":1,"32":0,"33":0,"34":0,"35":0,"36":0,"37":0,"38":0,"39":0,"40":0,"41":0,"42":0,"43":0,"44":0,"45":0,"46":0,"47":0,"48":0,"49":0,"50":0,"51":0,"52":0,"53":0,"54":0,"55":0,"56":0,"57":0,"58":0,"59":0,"60":0,"61":0,"62":0,"63":0,"64":0,"65":0,"66":0,"67":0,"68":0,"69":0,"70":0,"71":0,"72":0,"73":0,"74":0,"75":0,"76":0,"77":0,"78":0,"79":0,"80":0,"81":0,"82":0,"83":0,"84":0,"85":0,"86":0,"87":0,"88":0,"89":0,"90":0,"91":0,"92":0,"93":0,"94":0,"95":0,"96":0,"97":0,"98":0,"99":0,"100":0,"101":0,"102":0,"103":0,"104":0,"105":0,"106":0,"107":0,"108":0,"109":0,"110":0,"111":0,"112":0,"113":0,"114":0,"115":0,"116":0,"117":0,"118":0,"119":0,"120":0,"121":0,"122":0,"123":0,"124":0,"125":0,"126":0,"127":0,"128":0,"129":0,"130":0,"131":0,"132":0,"133":0,"134":0,"135":0,"136":0,"137":0,"138":0,"139":0,"140":0,"141":0,"142":0,"143":0,"144":0,"145":0,"146":0,"147":0,"148":0,"149":0,"150":0,"151":0,"152":0,"153":0,"154":0,"155":0,"156":0,"157":0,"158":0,"159":0,"160":0,"161":0,"162":0,"163":0,"164":0,"165":0,"166":0,"167":0,"168":0,"169":0,"170":0,"171":0,"172":0,"173":0,"174":0,"175":0,"176":0,"177":0,"178":0,"179":0,"180":0,"181":0,"182":0,"183":0,"184":0,"185":0,"186":0,"187":0,"188":0,"189":0,"190":0,"191":0,"192":0,"193":0,"194":0,"195":0,"196":0,"197":0,"198":0,"199":0,"200":0,"201":0,"202":0,"203":0,"204":0,"205":0,"206":0,"207":0,"208":0,"209":0,"210":0,"211":0,"212":0,"213":0,"214":0,"215":0,"216":0,"217":0,"218":0,"219":0,"220":0,"221":0,"222":0,"223":0,"224":0,"225":0,"226":0,"227":0,"228":0,"229":0,"230":0,"231":0,"232":0,"233":0,"234":0,"235":0,"236":0,"237":0,"238":0,"239":0,"240":0,"241":0,"242":0,"243":0,"244":0,"245":0,"246":0,"247":0,"248":0,"249":0,"250":0,"251":0,"252":0,"253":0,"254":0,"255":0,"256":0,"257":0,"258":0,"259":0,"260":0,"261":0,"262":0,"263":0,"264":0,"265":0,"266":0,"267":0,"268":0,"269":0,"270":0,"271":0,"272":0,"273":0,"274":0,"275":0,"276":0,"277":0,"278":0,"279":0,"280":0,"281":0,"282":0,"283":0,"284":0,"285":0,"286":0,"287":0,"288":0,"289":0,"290":0,"291":0,"292":0,"293":0,"294":0,"295":0,"296":0,"297":0,"298":0,"299":0,"300":0,"301":0,"302":0,"303":0,"304":0,"305":0,"306":0,"307":0,"308":0,"309":0,"310":0,"311":0,"312":0,"313":0,"314":0,"315":0,"316":0,"317":0,"318":0,"319":0,"320":0,"321":0,"322":0,"323":0,"324":0,"325":0,"326":0,"327":0,"328":0,"329":0,"330":0,"331":0,"332":0,"333":0,"334":0,"335":0,"336":0,"337":0,"338":0,"339":0,"340":0,"341":0,"342":0,"343":0,"344":0,"345":0,"346":0,"347":0,"348":0,"349":0,"350":0,"351":0,"352":0,"353":0,"354":0,"355":0,"356":0,"357":0,"358":0,"359":0,"360":0,"361":0,"362":1,"363":1},"f":{"0":3,"1":0,"2":0,"3":0,"4":0,"5":0,"6":0,"7":0,"8":0,"9":0,"10":0,"11":0,"12":0,"13":0,"14":0,"15":0,"16":0,"17":0,"18":0,"19":0,"20":0,"21":0,"22":0,"23":0,"24":0,"25":0,"26":0,"27":0,"28":0,"29":0,"30":0,"31":0,"32":0,"33":0,"34":0,"35":0,"36":0,"37":0,"38":0,"39":0,"40":0,"41":0,"42":0,"43":0,"44":0},"b":{"0":[0,3],"1":[2,1],"2":[1,1],"3":[0],"4":[0,0],"5":[0],"6":[0,0],"7":[0,0],"8":[0,0],"9":[0],"10":[0,0],"11":[0,0],"12":[0,0],"13":[0,0],"14":[0,0],"15":[0,0],"16":[0,0],"17":[0,0],"18":[0,0],"19":[0,0],"20":[0,0],"21":[0,0],"22":[0,0],"23":[0,0],"24":[0,0],"25":[0,0],"26":[0,0],"27":[0,0,0,0],"28":[0,0],"29":[0,0],"30":[0,0],"31":[0,0],"32":[0,0],"33":[0,0],"34":[0,0],"35":[0,0],"36":[0,0],"37":[0,0],"38":[0,0],"39":[0,0],"40":[0,0],"41":[0,0],"42":[0,0],"43":[1,0],"44":[1,1]},"_coverageSchema":"1a1c01bbd47fc00a2c39e90264f33305004495a9","hash":"8fea234fcaa9f2874633773638d50cba6d2efba0"}
,"/Users/macbook/Documents/AperiodicMinesweepr/src/tiles.js": {"path":"/Users/macbook/Documents/AperiodicMinesweepr/src/tiles.js","statementMap":{"0":{"start":{"line":1,"column":20},"end":{"line":1,"column":49}},"1":{"start":{"line":4,"column":27},"end":{"line":4,"column":31}},"2":{"start":{"line":7,"column":4},"end":{"line":7,"column":25}},"3":{"start":{"line":8,"column":4},"end":{"line":8,"column":23}},"4":{"start":{"line":9,"column":4},"end":{"line":9,"column":23}},"5":{"start":{"line":10,"column":4},"end":{"line":10,"column":25}},"6":{"start":{"line":11,"column":4},"end":{"line":11,"column":44}},"7":{"start":{"line":12,"column":4},"end":{"line":12,"column":29}},"8":{"start":{"line":13,"column":4},"end":{"line":13,"column":33}},"9":{"start":{"line":14,"column":4},"end":{"line":14,"column":25}},"10":{"start":{"line":19,"column":4},"end":{"line":19,"column":24}},"11":{"start":{"line":22,"column":4},"end":{"line":22,"column":24}},"12":{"start":{"line":25,"column":4},"end":{"line":25,"column":22}},"13":{"start":{"line":28,"column":4},"end":{"line":28,"column":32}},"14":{"start":{"line":31,"column":4},"end":{"line":31,"column":28}},"15":{"start":{"line":32,"column":4},"end":{"line":32,"column":33}},"16":{"start":{"line":35,"column":4},"end":{"line":35,"column":25}},"17":{"start":{"line":38,"column":4},"end":{"line":38,"column":33}},"18":{"start":{"line":47,"column":4},"end":{"line":47,"column":24}},"19":{"start":{"line":48,"column":4},"end":{"line":48,"column":26}},"20":{"start":{"line":49,"column":4},"end":{"line":49,"column":30}},"21":{"start":{"line":50,"column":4},"end":{"line":50,"column":24}},"22":{"start":{"line":51,"column":4},"end":{"line":51,"column":27}},"23":{"start":{"line":56,"column":4},"end":{"line":56,"column":28}},"24":{"start":{"line":61,"column":18},"end":{"line":61,"column":43}},"25":{"start":{"line":62,"column":4},"end":{"line":62,"column":31}},"26":{"start":{"line":66,"column":18},"end":{"line":66,"column":44}},"27":{"start":{"line":68,"column":4},"end":{"line":70,"column":5}},"28":{"start":{"line":69,"column":8},"end":{"line":69,"column":29}},"29":{"start":{"line":77,"column":14},"end":{"line":77,"column":15}},"30":{"start":{"line":78,"column":15},"end":{"line":78,"column":25}},"31":{"start":{"line":80,"column":4},"end":{"line":89,"column":5}},"32":{"start":{"line":81,"column":18},"end":{"line":81,"column":46}},"33":{"start":{"line":82,"column":25},"end":{"line":82,"column":53}},"34":{"start":{"line":84,"column":6},"end":{"line":88,"column":7}},"35":{"start":{"line":85,"column":8},"end":{"line":85,"column":22}},"36":{"start":{"line":87,"column":8},"end":{"line":87,"column":19}},"37":{"start":{"line":90,"column":4},"end":{"line":90,"column":15}},"38":{"start":{"line":94,"column":14},"end":{"line":94,"column":15}},"39":{"start":{"line":95,"column":15},"end":{"line":95,"column":25}},"40":{"start":{"line":97,"column":4},"end":{"line":109,"column":5}},"41":{"start":{"line":98,"column":20},"end":{"line":98,"column":48}},"42":{"start":{"line":99,"column":27},"end":{"line":99,"column":55}},"43":{"start":{"line":101,"column":8},"end":{"line":108,"column":9}},"44":{"start":{"line":103,"column":12},"end":{"line":103,"column":23}},"45":{"start":{"line":104,"column":15},"end":{"line":108,"column":9}},"46":{"start":{"line":105,"column":12},"end":{"line":105,"column":26}},"47":{"start":{"line":107,"column":12},"end":{"line":107,"column":23}},"48":{"start":{"line":112,"column":4},"end":{"line":112,"column":14}},"49":{"start":{"line":118,"column":15},"end":{"line":118,"column":22}},"50":{"start":{"line":119,"column":25},"end":{"line":124,"column":5}},"51":{"start":{"line":125,"column":18},"end":{"line":125,"column":22}},"52":{"start":{"line":126,"column":16},"end":{"line":126,"column":24}},"53":{"start":{"line":127,"column":4},"end":{"line":137,"column":5}},"54":{"start":{"line":128,"column":17},"end":{"line":128,"column":57}},"55":{"start":{"line":129,"column":17},"end":{"line":129,"column":30}},"56":{"start":{"line":130,"column":17},"end":{"line":130,"column":30}},"57":{"start":{"line":131,"column":23},"end":{"line":131,"column":40}},"58":{"start":{"line":132,"column":6},"end":{"line":132,"column":34}},"59":{"start":{"line":133,"column":6},"end":{"line":136,"column":7}},"60":{"start":{"line":134,"column":8},"end":{"line":134,"column":25}},"61":{"start":{"line":135,"column":8},"end":{"line":135,"column":23}},"62":{"start":{"line":138,"column":4},"end":{"line":138,"column":19}},"63":{"start":{"line":142,"column":4},"end":{"line":142,"column":79}},"64":{"start":{"line":146,"column":17},"end":{"line":146,"column":26}},"65":{"start":{"line":147,"column":4},"end":{"line":151,"column":5}},"66":{"start":{"line":148,"column":22},"end":{"line":148,"column":51}},"67":{"start":{"line":149,"column":6},"end":{"line":149,"column":52}},"68":{"start":{"line":149,"column":30},"end":{"line":149,"column":52}},"69":{"start":{"line":150,"column":6},"end":{"line":150,"column":33}},"70":{"start":{"line":152,"column":4},"end":{"line":152,"column":16}},"71":{"start":{"line":156,"column":14},"end":{"line":156,"column":44}},"72":{"start":{"line":157,"column":14},"end":{"line":157,"column":44}},"73":{"start":{"line":158,"column":4},"end":{"line":158,"column":23}},"74":{"start":{"line":162,"column":29},"end":{"line":162,"column":51}},"75":{"start":{"line":163,"column":21},"end":{"line":163,"column":30}},"76":{"start":{"line":164,"column":17},"end":{"line":164,"column":55}},"77":{"start":{"line":166,"column":4},"end":{"line":183,"column":5}},"78":{"start":{"line":167,"column":22},"end":{"line":167,"column":52}},"79":{"start":{"line":169,"column":6},"end":{"line":182,"column":7}},"80":{"start":{"line":169,"column":20},"end":{"line":169,"column":22}},"81":{"start":{"line":170,"column":8},"end":{"line":181,"column":9}},"82":{"start":{"line":170,"column":22},"end":{"line":170,"column":24}},"83":{"start":{"line":171,"column":30},"end":{"line":173,"column":12}},"84":{"start":{"line":174,"column":10},"end":{"line":180,"column":11}},"85":{"start":{"line":175,"column":12},"end":{"line":179,"column":13}},"86":{"start":{"line":176,"column":14},"end":{"line":178,"column":15}},"87":{"start":{"line":177,"column":16},"end":{"line":177,"column":28}},"88":{"start":{"line":184,"column":4},"end":{"line":184,"column":17}},"89":{"start":{"line":188,"column":12},"end":{"line":188,"column":52}},"90":{"start":{"line":189,"column":25},"end":{"line":194,"column":5}},"91":{"start":{"line":196,"column":21},"end":{"line":200,"column":5}},"92":{"start":{"line":198,"column":6},"end":{"line":198,"column":28}},"93":{"start":{"line":201,"column":20},"end":{"line":201,"column":22}},"94":{"start":{"line":202,"column":4},"end":{"line":212,"column":5}},"95":{"start":{"line":203,"column":22},"end":{"line":207,"column":7}},"96":{"start":{"line":205,"column":8},"end":{"line":205,"column":34}},"97":{"start":{"line":209,"column":6},"end":{"line":211,"column":7}},"98":{"start":{"line":210,"column":8},"end":{"line":210,"column":32}},"99":{"start":{"line":213,"column":4},"end":{"line":213,"column":21}},"100":{"start":{"line":217,"column":14},"end":{"line":217,"column":15}},"101":{"start":{"line":218,"column":15},"end":{"line":218,"column":25}},"102":{"start":{"line":219,"column":26},"end":{"line":219,"column":27}},"103":{"start":{"line":221,"column":4},"end":{"line":234,"column":5}},"104":{"start":{"line":222,"column":18},"end":{"line":222,"column":46}},"105":{"start":{"line":223,"column":19},"end":{"line":223,"column":27}},"106":{"start":{"line":225,"column":32},"end":{"line":225,"column":72}},"107":{"start":{"line":227,"column":6},"end":{"line":233,"column":7}},"108":{"start":{"line":228,"column":8},"end":{"line":228,"column":22}},"109":{"start":{"line":229,"column":8},"end":{"line":229,"column":26}},"110":{"start":{"line":231,"column":8},"end":{"line":231,"column":19}},"111":{"start":{"line":232,"column":8},"end":{"line":232,"column":26}},"112":{"start":{"line":235,"column":4},"end":{"line":235,"column":15}},"113":{"start":{"line":239,"column":4},"end":{"line":280,"column":5}},"114":{"start":{"line":240,"column":6},"end":{"line":252,"column":7}},"115":{"start":{"line":242,"column":8},"end":{"line":242,"column":92}},"116":{"start":{"line":242,"column":70},"end":{"line":242,"column":90}},"117":{"start":{"line":243,"column":8},"end":{"line":245,"column":9}},"118":{"start":{"line":244,"column":10},"end":{"line":244,"column":31}},"119":{"start":{"line":248,"column":8},"end":{"line":248,"column":37}},"120":{"start":{"line":249,"column":8},"end":{"line":251,"column":9}},"121":{"start":{"line":250,"column":10},"end":{"line":250,"column":31}},"122":{"start":{"line":254,"column":6},"end":{"line":254,"column":27}},"123":{"start":{"line":257,"column":6},"end":{"line":279,"column":5}},"124":{"start":{"line":258,"column":6},"end":{"line":278,"column":7}},"125":{"start":{"line":260,"column":8},"end":{"line":260,"column":29}},"126":{"start":{"line":263,"column":8},"end":{"line":263,"column":31}},"127":{"start":{"line":264,"column":29},"end":{"line":264,"column":54}},"128":{"start":{"line":265,"column":24},"end":{"line":265,"column":76}},"129":{"start":{"line":265,"column":56},"end":{"line":265,"column":68}},"130":{"start":{"line":266,"column":8},"end":{"line":277,"column":9}},"131":{"start":{"line":268,"column":10},"end":{"line":268,"column":25}},"132":{"start":{"line":269,"column":10},"end":{"line":273,"column":11}},"133":{"start":{"line":270,"column":12},"end":{"line":272,"column":13}},"134":{"start":{"line":271,"column":14},"end":{"line":271,"column":46}},"135":{"start":{"line":276,"column":10},"end":{"line":276,"column":34}},"136":{"start":{"line":286,"column":4},"end":{"line":286,"column":39}},"137":{"start":{"line":290,"column":19},"end":{"line":290,"column":21}},"138":{"start":{"line":291,"column":21},"end":{"line":291,"column":48}},"139":{"start":{"line":293,"column":4},"end":{"line":305,"column":5}},"140":{"start":{"line":293,"column":17},"end":{"line":293,"column":27}},"141":{"start":{"line":294,"column":19},"end":{"line":294,"column":25}},"142":{"start":{"line":296,"column":32},"end":{"line":296,"column":72}},"143":{"start":{"line":298,"column":6},"end":{"line":300,"column":7}},"144":{"start":{"line":299,"column":8},"end":{"line":299,"column":14}},"145":{"start":{"line":302,"column":6},"end":{"line":304,"column":7}},"146":{"start":{"line":303,"column":8},"end":{"line":303,"column":26}},"147":{"start":{"line":307,"column":4},"end":{"line":307,"column":18}},"148":{"start":{"line":313,"column":4},"end":{"line":315,"column":5}},"149":{"start":{"line":314,"column":6},"end":{"line":314,"column":45}},"150":{"start":{"line":316,"column":4},"end":{"line":316,"column":43}},"151":{"start":{"line":320,"column":4},"end":{"line":320,"column":26}},"152":{"start":{"line":324,"column":4},"end":{"line":324,"column":24}},"153":{"start":{"line":325,"column":4},"end":{"line":325,"column":26}},"154":{"start":{"line":326,"column":4},"end":{"line":326,"column":27}},"155":{"start":{"line":331,"column":0},"end":{"line":333,"column":1}},"156":{"start":{"line":332,"column":2},"end":{"line":332,"column":39}}},"fnMap":{"0":{"name":"(anonymous_0)","decl":{"start":{"line":6,"column":2},"end":{"line":6,"column":3}},"loc":{"start":{"line":6,"column":35},"end":{"line":16,"column":3}},"line":6},"1":{"name":"(anonymous_1)","decl":{"start":{"line":18,"column":2},"end":{"line":18,"column":3}},"loc":{"start":{"line":18,"column":15},"end":{"line":20,"column":3}},"line":18},"2":{"name":"(anonymous_2)","decl":{"start":{"line":21,"column":2},"end":{"line":21,"column":3}},"loc":{"start":{"line":21,"column":15},"end":{"line":23,"column":3}},"line":21},"3":{"name":"(anonymous_3)","decl":{"start":{"line":24,"column":2},"end":{"line":24,"column":3}},"loc":{"start":{"line":24,"column":15},"end":{"line":26,"column":3}},"line":24},"4":{"name":"(anonymous_4)","decl":{"start":{"line":27,"column":2},"end":{"line":27,"column":3}},"loc":{"start":{"line":27,"column":26},"end":{"line":29,"column":3}},"line":27},"5":{"name":"(anonymous_5)","decl":{"start":{"line":30,"column":2},"end":{"line":30,"column":3}},"loc":{"start":{"line":30,"column":19},"end":{"line":33,"column":3}},"line":30},"6":{"name":"(anonymous_6)","decl":{"start":{"line":34,"column":2},"end":{"line":34,"column":3}},"loc":{"start":{"line":34,"column":20},"end":{"line":36,"column":3}},"line":34},"7":{"name":"(anonymous_7)","decl":{"start":{"line":37,"column":2},"end":{"line":37,"column":3}},"loc":{"start":{"line":37,"column":18},"end":{"line":39,"column":3}},"line":37},"8":{"name":"(anonymous_8)","decl":{"start":{"line":46,"column":2},"end":{"line":46,"column":3}},"loc":{"start":{"line":46,"column":16},"end":{"line":52,"column":3}},"line":46},"9":{"name":"(anonymous_9)","decl":{"start":{"line":54,"column":2},"end":{"line":54,"column":3}},"loc":{"start":{"line":54,"column":23},"end":{"line":57,"column":3}},"line":54},"10":{"name":"(anonymous_10)","decl":{"start":{"line":59,"column":2},"end":{"line":59,"column":3}},"loc":{"start":{"line":59,"column":31},"end":{"line":63,"column":3}},"line":59},"11":{"name":"(anonymous_11)","decl":{"start":{"line":65,"column":2},"end":{"line":65,"column":3}},"loc":{"start":{"line":65,"column":35},"end":{"line":71,"column":3}},"line":65},"12":{"name":"(anonymous_12)","decl":{"start":{"line":72,"column":2},"end":{"line":72,"column":3}},"loc":{"start":{"line":72,"column":27},"end":{"line":74,"column":3}},"line":72},"13":{"name":"(anonymous_13)","decl":{"start":{"line":76,"column":2},"end":{"line":76,"column":3}},"loc":{"start":{"line":76,"column":37},"end":{"line":91,"column":3}},"line":76},"14":{"name":"(anonymous_14)","decl":{"start":{"line":93,"column":2},"end":{"line":93,"column":3}},"loc":{"start":{"line":93,"column":39},"end":{"line":113,"column":1}},"line":93},"15":{"name":"(anonymous_15)","decl":{"start":{"line":117,"column":2},"end":{"line":117,"column":3}},"loc":{"start":{"line":117,"column":46},"end":{"line":139,"column":3}},"line":117},"16":{"name":"(anonymous_16)","decl":{"start":{"line":141,"column":2},"end":{"line":141,"column":3}},"loc":{"start":{"line":141,"column":34},"end":{"line":143,"column":3}},"line":141},"17":{"name":"(anonymous_17)","decl":{"start":{"line":145,"column":2},"end":{"line":145,"column":3}},"loc":{"start":{"line":145,"column":38},"end":{"line":153,"column":3}},"line":145},"18":{"name":"(anonymous_18)","decl":{"start":{"line":155,"column":2},"end":{"line":155,"column":3}},"loc":{"start":{"line":155,"column":30},"end":{"line":159,"column":3}},"line":155},"19":{"name":"(anonymous_19)","decl":{"start":{"line":161,"column":2},"end":{"line":161,"column":3}},"loc":{"start":{"line":161,"column":40},"end":{"line":185,"column":3}},"line":161},"20":{"name":"(anonymous_20)","decl":{"start":{"line":187,"column":2},"end":{"line":187,"column":3}},"loc":{"start":{"line":187,"column":23},"end":{"line":214,"column":3}},"line":187},"21":{"name":"(anonymous_21)","decl":{"start":{"line":196,"column":37},"end":{"line":196,"column":38}},"loc":{"start":{"line":198,"column":6},"end":{"line":198,"column":28}},"line":198},"22":{"name":"(anonymous_22)","decl":{"start":{"line":203,"column":38},"end":{"line":203,"column":39}},"loc":{"start":{"line":205,"column":8},"end":{"line":205,"column":34}},"line":205},"23":{"name":"(anonymous_23)","decl":{"start":{"line":216,"column":2},"end":{"line":216,"column":3}},"loc":{"start":{"line":216,"column":40},"end":{"line":236,"column":3}},"line":216},"24":{"name":"(anonymous_24)","decl":{"start":{"line":238,"column":2},"end":{"line":238,"column":3}},"loc":{"start":{"line":238,"column":44},"end":{"line":281,"column":3}},"line":238},"25":{"name":"(anonymous_25)","decl":{"start":{"line":242,"column":55},"end":{"line":242,"column":56}},"loc":{"start":{"line":242,"column":70},"end":{"line":242,"column":90}},"line":242},"26":{"name":"(anonymous_26)","decl":{"start":{"line":265,"column":46},"end":{"line":265,"column":47}},"loc":{"start":{"line":265,"column":56},"end":{"line":265,"column":68}},"line":265},"27":{"name":"(anonymous_27)","decl":{"start":{"line":282,"column":2},"end":{"line":282,"column":3}},"loc":{"start":{"line":282,"column":18},"end":{"line":287,"column":3}},"line":282},"28":{"name":"(anonymous_28)","decl":{"start":{"line":289,"column":2},"end":{"line":289,"column":3}},"loc":{"start":{"line":289,"column":57},"end":{"line":308,"column":3}},"line":289},"29":{"name":"(anonymous_29)","decl":{"start":{"line":312,"column":2},"end":{"line":312,"column":3}},"loc":{"start":{"line":312,"column":24},"end":{"line":317,"column":3}},"line":312},"30":{"name":"(anonymous_30)","decl":{"start":{"line":319,"column":2},"end":{"line":319,"column":3}},"loc":{"start":{"line":319,"column":13},"end":{"line":321,"column":3}},"line":319},"31":{"name":"(anonymous_31)","decl":{"start":{"line":323,"column":2},"end":{"line":323,"column":3}},"loc":{"start":{"line":323,"column":10},"end":{"line":327,"column":3}},"line":323}},"branchMap":{"0":{"loc":{"start":{"line":30,"column":10},"end":{"line":30,"column":17}},"type":"default-arg","locations":[{"start":{"line":30,"column":16},"end":{"line":30,"column":17}}],"line":30},"1":{"loc":{"start":{"line":59,"column":11},"end":{"line":59,"column":29}},"type":"default-arg","locations":[{"start":{"line":59,"column":15},"end":{"line":59,"column":29}}],"line":59},"2":{"loc":{"start":{"line":65,"column":15},"end":{"line":65,"column":33}},"type":"default-arg","locations":[{"start":{"line":65,"column":19},"end":{"line":65,"column":33}}],"line":65},"3":{"loc":{"start":{"line":68,"column":4},"end":{"line":70,"column":5}},"type":"if","locations":[{"start":{"line":68,"column":4},"end":{"line":70,"column":5}},{"start":{},"end":{}}],"line":68},"4":{"loc":{"start":{"line":76,"column":17},"end":{"line":76,"column":35}},"type":"default-arg","locations":[{"start":{"line":76,"column":21},"end":{"line":76,"column":35}}],"line":76},"5":{"loc":{"start":{"line":84,"column":6},"end":{"line":88,"column":7}},"type":"if","locations":[{"start":{"line":84,"column":6},"end":{"line":88,"column":7}},{"start":{"line":86,"column":13},"end":{"line":88,"column":7}}],"line":84},"6":{"loc":{"start":{"line":93,"column":19},"end":{"line":93,"column":37}},"type":"default-arg","locations":[{"start":{"line":93,"column":23},"end":{"line":93,"column":37}}],"line":93},"7":{"loc":{"start":{"line":101,"column":8},"end":{"line":108,"column":9}},"type":"if","locations":[{"start":{"line":101,"column":8},"end":{"line":108,"column":9}},{"start":{"line":104,"column":15},"end":{"line":108,"column":9}}],"line":101},"8":{"loc":{"start":{"line":104,"column":15},"end":{"line":108,"column":9}},"type":"if","locations":[{"start":{"line":104,"column":15},"end":{"line":108,"column":9}},{"start":{"line":106,"column":15},"end":{"line":108,"column":9}}],"line":104},"9":{"loc":{"start":{"line":117,"column":26},"end":{"line":117,"column":44}},"type":"default-arg","locations":[{"start":{"line":117,"column":30},"end":{"line":117,"column":44}}],"line":117},"10":{"loc":{"start":{"line":133,"column":6},"end":{"line":136,"column":7}},"type":"if","locations":[{"start":{"line":133,"column":6},"end":{"line":136,"column":7}},{"start":{},"end":{}}],"line":133},"11":{"loc":{"start":{"line":149,"column":6},"end":{"line":149,"column":52}},"type":"if","locations":[{"start":{"line":149,"column":6},"end":{"line":149,"column":52}},{"start":{},"end":{}}],"line":149},"12":{"loc":{"start":{"line":174,"column":10},"end":{"line":180,"column":11}},"type":"if","locations":[{"start":{"line":174,"column":10},"end":{"line":180,"column":11}},{"start":{},"end":{}}],"line":174},"13":{"loc":{"start":{"line":176,"column":14},"end":{"line":178,"column":15}},"type":"if","locations":[{"start":{"line":176,"column":14},"end":{"line":178,"column":15}},{"start":{},"end":{}}],"line":176},"14":{"loc":{"start":{"line":209,"column":6},"end":{"line":211,"column":7}},"type":"if","locations":[{"start":{"line":209,"column":6},"end":{"line":211,"column":7}},{"start":{},"end":{}}],"line":209},"15":{"loc":{"start":{"line":216,"column":20},"end":{"line":216,"column":38}},"type":"default-arg","locations":[{"start":{"line":216,"column":24},"end":{"line":216,"column":38}}],"line":216},"16":{"loc":{"start":{"line":227,"column":6},"end":{"line":233,"column":7}},"type":"if","locations":[{"start":{"line":227,"column":6},"end":{"line":233,"column":7}},{"start":{"line":230,"column":13},"end":{"line":233,"column":7}}],"line":227},"17":{"loc":{"start":{"line":238,"column":26},"end":{"line":238,"column":42}},"type":"default-arg","locations":[{"start":{"line":238,"column":37},"end":{"line":238,"column":42}}],"line":238},"18":{"loc":{"start":{"line":239,"column":4},"end":{"line":280,"column":5}},"type":"if","locations":[{"start":{"line":239,"column":4},"end":{"line":280,"column":5}},{"start":{"line":255,"column":11},"end":{"line":280,"column":5}}],"line":239},"19":{"loc":{"start":{"line":240,"column":6},"end":{"line":252,"column":7}},"type":"if","locations":[{"start":{"line":240,"column":6},"end":{"line":252,"column":7}},{"start":{"line":246,"column":13},"end":{"line":252,"column":7}}],"line":240},"20":{"loc":{"start":{"line":243,"column":8},"end":{"line":245,"column":9}},"type":"if","locations":[{"start":{"line":243,"column":8},"end":{"line":245,"column":9}},{"start":{},"end":{}}],"line":243},"21":{"loc":{"start":{"line":249,"column":8},"end":{"line":251,"column":9}},"type":"if","locations":[{"start":{"line":249,"column":8},"end":{"line":251,"column":9}},{"start":{},"end":{}}],"line":249},"22":{"loc":{"start":{"line":257,"column":6},"end":{"line":279,"column":5}},"type":"if","locations":[{"start":{"line":257,"column":6},"end":{"line":279,"column":5}},{"start":{},"end":{}}],"line":257},"23":{"loc":{"start":{"line":258,"column":6},"end":{"line":278,"column":7}},"type":"if","locations":[{"start":{"line":258,"column":6},"end":{"line":278,"column":7}},{"start":{"line":261,"column":13},"end":{"line":278,"column":7}}],"line":258},"24":{"loc":{"start":{"line":266,"column":8},"end":{"line":277,"column":9}},"type":"if","locations":[{"start":{"line":266,"column":8},"end":{"line":277,"column":9}},{"start":{"line":274,"column":15},"end":{"line":277,"column":9}}],"line":266},"25":{"loc":{"start":{"line":270,"column":12},"end":{"line":272,"column":13}},"type":"if","locations":[{"start":{"line":270,"column":12},"end":{"line":272,"column":13}},{"start":{},"end":{}}],"line":270},"26":{"loc":{"start":{"line":289,"column":37},"end":{"line":289,"column":55}},"type":"default-arg","locations":[{"start":{"line":289,"column":41},"end":{"line":289,"column":55}}],"line":289},"27":{"loc":{"start":{"line":298,"column":6},"end":{"line":300,"column":7}},"type":"if","locations":[{"start":{"line":298,"column":6},"end":{"line":300,"column":7}},{"start":{},"end":{}}],"line":298},"28":{"loc":{"start":{"line":302,"column":6},"end":{"line":304,"column":7}},"type":"if","locations":[{"start":{"line":302,"column":6},"end":{"line":304,"column":7}},{"start":{},"end":{}}],"line":302},"29":{"loc":{"start":{"line":302,"column":10},"end":{"line":302,"column":66}},"type":"binary-expr","locations":[{"start":{"line":302,"column":10},"end":{"line":302,"column":36}},{"start":{"line":302,"column":40},"end":{"line":302,"column":66}}],"line":302},"30":{"loc":{"start":{"line":313,"column":4},"end":{"line":315,"column":5}},"type":"if","locations":[{"start":{"line":313,"column":4},"end":{"line":315,"column":5}},{"start":{},"end":{}}],"line":313},"31":{"loc":{"start":{"line":331,"column":0},"end":{"line":333,"column":1}},"type":"if","locations":[{"start":{"line":331,"column":0},"end":{"line":333,"column":1}},{"start":{},"end":{}}],"line":331},"32":{"loc":{"start":{"line":331,"column":4},"end":{"line":331,"column":51}},"type":"binary-expr","locations":[{"start":{"line":331,"column":4},"end":{"line":331,"column":33}},{"start":{"line":331,"column":37},"end":{"line":331,"column":51}}],"line":331}},"s":{"0":1,"1":1,"2":15,"3":15,"4":15,"5":15,"6":15,"7":15,"8":15,"9":15,"10":0,"11":0,"12":0,"13":3,"14":3,"15":3,"16":0,"17":4,"18":10,"19":10,"20":10,"21":10,"22":10,"23":2,"24":3,"25":3,"26":1,"27":1,"28":1,"29":2,"30":2,"31":2,"32":1,"33":1,"34":1,"35":1,"36":0,"37":2,"38":0,"39":0,"40":0,"41":0,"42":0,"43":0,"44":0,"45":0,"46":0,"47":0,"48":0,"49":1,"50":1,"51":1,"52":1,"53":1,"54":2,"55":2,"56":2,"57":2,"58":2,"59":2,"60":1,"61":1,"62":1,"63":0,"64":0,"65":0,"66":0,"67":0,"68":0,"69":0,"70":0,"71":0,"72":0,"73":0,"74":0,"75":0,"76":0,"77":0,"78":0,"79":0,"80":0,"81":0,"82":0,"83":0,"84":0,"85":0,"86":0,"87":0,"88":0,"89":0,"90":0,"91":0,"92":0,"93":0,"94":0,"95":0,"96":0,"97":0,"98":0,"99":0,"100":0,"101":0,"102":0,"103":0,"104":0,"105":0,"106":0,"107":0,"108":0,"109":0,"110":0,"111":0,"112":0,"113":4,"114":2,"115":1,"116":1,"117":1,"118":1,"119":1,"120":1,"121":1,"122":2,"123":2,"124":2,"125":1,"126":1,"127":1,"128":1,"129":0,"130":1,"131":1,"132":1,"133":0,"134":0,"135":0,"136":1,"137":0,"138":0,"139":0,"140":0,"141":0,"142":0,"143":0,"144":0,"145":0,"146":0,"147":0,"148":1,"149":0,"150":1,"151":0,"152":1,"153":1,"154":1,"155":1,"156":1},"f":{"0":15,"1":0,"2":0,"3":0,"4":3,"5":3,"6":0,"7":4,"8":10,"9":2,"10":3,"11":1,"12":0,"13":2,"14":0,"15":1,"16":0,"17":0,"18":0,"19":0,"20":0,"21":0,"22":0,"23":0,"24":4,"25":1,"26":0,"27":1,"28":0,"29":1,"30":0,"31":1},"b":{"0":[1],"1":[3],"2":[1],"3":[1,0],"4":[0],"5":[1,0],"6":[0],"7":[0,0],"8":[0,0],"9":[1],"10":[1,1],"11":[0,0],"12":[0,0],"13":[0,0],"14":[0,0],"15":[0],"16":[0,0],"17":[0],"18":[2,2],"19":[1,1],"20":[1,0],"21":[1,0],"22":[2,0],"23":[1,1],"24":[1,0],"25":[0,0],"26":[0],"27":[0,0],"28":[0,0],"29":[0,0],"30":[0,1],"31":[1,0],"32":[1,1]},"_coverageSchema":"1a1c01bbd47fc00a2c39e90264f33305004495a9","hash":"d936ee0e9125587be3e9b92e307fa9c4b4c58648"}
}
