TN:
SF:src/geometry.js
FN:29,pt
FN:33,hexPt
FN:38,inv
FN:51,mul
FN:63,matrixTo
FN:77,(anonymous_5)
FN:81,padd
FN:85,psub
FN:90,trot
FN:96,getRotation
FN:102,ttrans
FN:106,rotAbout
FN:111,transPt
FN:116,matchSeg
FN:121,matchTwo
FN:126,intersect
FNF:16
FNH:16
FNDA:42,pt
FNDA:14,hexPt
FNDA:3,inv
FNDA:7,mul
FNDA:1,matrixTo
FNDA:9,(anonymous_5)
FNDA:1,padd
FNDA:1,psub
FNDA:2,trot
FNDA:1,getRotation
FNDA:5,ttrans
FNDA:1,rotAbout
FNDA:10,transPt
FNDA:3,matchSeg
FNDA:1,matchTwo
FNDA:1,intersect
DA:1,1
DA:2,1
DA:3,1
DA:5,1
DA:6,1
DA:11,1
DA:30,42
DA:34,14
DA:39,3
DA:40,3
DA:52,7
DA:64,1
DA:66,1
DA:68,1
DA:73,1
DA:77,9
DA:82,1
DA:86,1
DA:91,2
DA:92,2
DA:93,2
DA:97,1
DA:98,1
DA:103,5
DA:107,1
DA:112,10
DA:117,3
DA:122,1
DA:127,1
DA:129,1
DA:132,1
DA:136,1
DA:137,1
LF:33
LH:33
BRDA:136,0,0,1
BRDA:136,0,1,0
BRDA:136,1,0,1
BRDA:136,1,1,1
BRF:4
BRH:3
end_of_record
TN:
SF:src/hat.js
FN:63,decideColour
FN:76,drawSpriteAt
FN:97,drawShapeIMG
FN:126,drawShape
FN:170,preload
FN:176,setupPanels
FN:184,setupColourSelect
FN:190,changeButtonColour
FN:192,(anonymous_8)
FN:216,(anonymous_9)
FN:222,populateColourSelect
FN:228,(anonymous_11)
FN:238,(anonymous_12)
FN:245,(anonymous_13)
FN:261,(anonymous_14)
FN:272,(anonymous_15)
FN:283,(anonymous_16)
FN:294,(anonymous_17)
FN:303,saveGameEntry
FN:318,updateTimer
FN:333,stopTimer
FN:338,resetTimer
FN:342,startTimer
FN:347,setupHeader
FN:352,(anonymous_24)
FN:368,(anonymous_25)
FN:393,(anonymous_26)
FN:400,(anonymous_27)
FN:418,setupFooter
FN:427,(anonymous_29)
FN:432,(anonymous_30)
FN:448,handleGameOver
FN:462,handleFirstClick
FN:472,setup
FN:483,(anonymous_34)
FN:508,(anonymous_35)
FN:520,draw
FN:575,updateScore
FN:579,isOnCanvas
FN:587,translateMousePt
FN:595,windowResized
FN:600,mousePressed
FN:621,mouseDragged
FN:646,mouseReleased
FNF:44
FNH:1
FNDA:3,decideColour
FNDA:0,drawSpriteAt
FNDA:0,drawShapeIMG
FNDA:0,drawShape
FNDA:0,preload
FNDA:0,setupPanels
FNDA:0,setupColourSelect
FNDA:0,changeButtonColour
FNDA:0,(anonymous_8)
FNDA:0,(anonymous_9)
FNDA:0,populateColourSelect
FNDA:0,(anonymous_11)
FNDA:0,(anonymous_12)
FNDA:0,(anonymous_13)
FNDA:0,(anonymous_14)
FNDA:0,(anonymous_15)
FNDA:0,(anonymous_16)
FNDA:0,(anonymous_17)
FNDA:0,saveGameEntry
FNDA:0,updateTimer
FNDA:0,stopTimer
FNDA:0,resetTimer
FNDA:0,startTimer
FNDA:0,setupHeader
FNDA:0,(anonymous_24)
FNDA:0,(anonymous_25)
FNDA:0,(anonymous_26)
FNDA:0,(anonymous_27)
FNDA:0,setupFooter
FNDA:0,(anonymous_29)
FNDA:0,(anonymous_30)
FNDA:0,handleGameOver
FNDA:0,handleFirstClick
FNDA:0,setup
FNDA:0,(anonymous_34)
FNDA:0,(anonymous_35)
FNDA:0,draw
FNDA:0,updateScore
FNDA:0,isOnCanvas
FNDA:0,translateMousePt
FNDA:0,windowResized
FNDA:0,mousePressed
FNDA:0,mouseDragged
FNDA:0,mouseReleased
DA:3,1
DA:4,1
DA:5,1
DA:6,1
DA:10,1
DA:12,1
DA:13,1
DA:18,1
DA:19,1
DA:37,1
DA:38,1
DA:40,1
DA:41,1
DA:42,1
DA:43,1
DA:44,1
DA:45,1
DA:46,1
DA:47,1
DA:48,1
DA:50,1
DA:51,1
DA:52,1
DA:55,1
DA:58,1
DA:65,3
DA:67,3
DA:68,2
DA:69,1
DA:70,1
DA:72,1
DA:77,0
DA:78,0
DA:79,0
DA:88,0
DA:99,0
DA:100,0
DA:101,0
DA:102,0
DA:103,0
DA:110,0
DA:111,0
DA:112,0
DA:118,0
DA:119,0
DA:120,0
DA:121,0
DA:122,0
DA:123,0
DA:127,0
DA:128,0
DA:130,0
DA:131,0
DA:132,0
DA:134,0
DA:136,0
DA:137,0
DA:138,0
DA:141,0
DA:142,0
DA:143,0
DA:144,0
DA:145,0
DA:146,0
DA:148,0
DA:150,0
DA:151,0
DA:152,0
DA:154,0
DA:156,0
DA:157,0
DA:158,0
DA:159,0
DA:164,0
DA:166,0
DA:171,0
DA:172,0
DA:177,0
DA:178,0
DA:179,0
DA:180,0
DA:181,0
DA:185,0
DA:186,0
DA:187,0
DA:191,0
DA:192,0
DA:194,0
DA:195,0
DA:196,0
DA:199,0
DA:202,0
DA:203,0
DA:206,0
DA:211,0
DA:213,0
DA:215,0
DA:216,0
DA:217,0
DA:223,0
DA:224,0
DA:226,0
DA:227,0
DA:228,0
DA:229,0
DA:232,0
DA:233,0
DA:235,0
DA:236,0
DA:238,0
DA:239,0
DA:240,0
DA:243,0
DA:244,0
DA:245,0
DA:246,0
DA:249,0
DA:250,0
DA:251,0
DA:254,0
DA:255,0
DA:256,0
DA:259,0
DA:260,0
DA:261,0
DA:262,0
DA:263,0
DA:264,0
DA:265,0
DA:266,0
DA:270,0
DA:271,0
DA:272,0
DA:273,0
DA:274,0
DA:275,0
DA:276,0
DA:277,0
DA:281,0
DA:282,0
DA:283,0
DA:284,0
DA:285,0
DA:286,0
DA:287,0
DA:288,0
DA:292,0
DA:293,0
DA:294,0
DA:295,0
DA:296,0
DA:297,0
DA:298,0
DA:299,0
DA:304,0
DA:306,0
DA:311,0
DA:312,0
DA:314,0
DA:319,0
DA:321,0
DA:322,0
DA:324,0
DA:325,0
DA:327,0
DA:328,0
DA:330,0
DA:334,0
DA:335,0
DA:339,0
DA:340,0
DA:343,0
DA:348,0
DA:349,0
DA:351,0
DA:352,0
DA:353,0
DA:354,0
DA:355,0
DA:356,0
DA:357,0
DA:358,0
DA:359,0
DA:360,0
DA:361,0
DA:362,0
DA:363,0
DA:366,0
DA:368,0
DA:369,0
DA:370,0
DA:371,0
DA:372,0
DA:373,0
DA:374,0
DA:375,0
DA:377,0
DA:378,0
DA:379,0
DA:380,0
DA:381,0
DA:385,0
DA:386,0
DA:388,0
DA:389,0
DA:392,0
DA:393,0
DA:394,0
DA:395,0
DA:399,0
DA:400,0
DA:402,0
DA:403,0
DA:404,0
DA:408,0
DA:409,0
DA:410,0
DA:411,0
DA:412,0
DA:413,0
DA:419,0
DA:420,0
DA:422,0
DA:423,0
DA:424,0
DA:426,0
DA:427,0
DA:428,0
DA:431,0
DA:432,0
DA:433,0
DA:436,0
DA:437,0
DA:438,0
DA:440,0
DA:441,0
DA:442,0
DA:443,0
DA:451,0
DA:454,0
DA:455,0
DA:456,0
DA:464,0
DA:465,0
DA:466,0
DA:467,0
DA:473,0
DA:475,0
DA:476,0
DA:477,0
DA:481,0
DA:483,0
DA:485,0
DA:486,0
DA:487,0
DA:489,0
DA:490,0
DA:491,0
DA:492,0
DA:493,0
DA:494,0
DA:495,0
DA:496,0
DA:499,0
DA:500,0
DA:501,0
DA:502,0
DA:505,0
DA:507,0
DA:508,0
DA:509,0
DA:511,0
DA:512,0
DA:513,0
DA:514,0
DA:516,0
DA:517,0
DA:521,0
DA:522,0
DA:524,0
DA:526,0
DA:527,0
DA:530,0
DA:536,0
DA:537,0
DA:538,0
DA:539,0
DA:540,0
DA:543,0
DA:549,0
DA:550,0
DA:552,0
DA:553,0
DA:556,0
DA:558,0
DA:564,0
DA:565,0
DA:566,0
DA:567,0
DA:576,0
DA:577,0
DA:580,0
DA:588,0
DA:592,0
DA:596,0
DA:597,0
DA:598,0
DA:601,0
DA:603,0
DA:604,0
DA:606,0
DA:607,0
DA:608,0
DA:609,0
DA:610,0
DA:611,0
DA:613,0
DA:614,0
DA:615,0
DA:618,0
DA:622,0
DA:624,0
DA:625,0
DA:627,0
DA:628,0
DA:631,0
DA:632,0
DA:633,0
DA:634,0
DA:637,0
DA:638,0
DA:639,0
DA:642,0
DA:643,0
DA:647,0
DA:649,0
DA:650,0
DA:651,0
DA:652,0
DA:653,0
DA:656,0
DA:657,0
DA:658,0
DA:660,0
DA:663,1
DA:664,1
LF:346
LH:33
BRDA:65,0,0,0
BRDA:65,0,1,3
BRDA:67,1,0,2
BRDA:67,1,1,1
BRDA:68,2,0,1
BRDA:68,2,1,1
BRDA:76,3,0,0
BRDA:78,4,0,0
BRDA:78,4,1,0
BRDA:97,5,0,0
BRDA:100,6,0,0
BRDA:100,6,1,0
BRDA:110,7,0,0
BRDA:110,7,1,0
BRDA:110,8,0,0
BRDA:110,8,1,0
BRDA:126,9,0,0
BRDA:142,10,0,0
BRDA:142,10,1,0
BRDA:145,11,0,0
BRDA:145,11,1,0
BRDA:154,12,0,0
BRDA:154,12,1,0
BRDA:202,13,0,0
BRDA:202,13,1,0
BRDA:304,14,0,0
BRDA:304,14,1,0
BRDA:319,15,0,0
BRDA:319,15,1,0
BRDA:369,16,0,0
BRDA:369,16,1,0
BRDA:466,17,0,0
BRDA:466,17,1,0
BRDA:466,18,0,0
BRDA:466,18,1,0
BRDA:526,19,0,0
BRDA:526,19,1,0
BRDA:537,20,0,0
BRDA:537,20,1,0
BRDA:538,21,0,0
BRDA:538,21,1,0
BRDA:538,22,0,0
BRDA:538,22,1,0
BRDA:556,23,0,0
BRDA:556,23,1,0
BRDA:566,24,0,0
BRDA:566,24,1,0
BRDA:581,25,0,0
BRDA:581,25,1,0
BRDA:581,25,2,0
BRDA:581,25,3,0
BRDA:601,26,0,0
BRDA:601,26,1,0
BRDA:601,27,0,0
BRDA:601,27,1,0
BRDA:608,28,0,0
BRDA:608,28,1,0
BRDA:608,29,0,0
BRDA:608,29,1,0
BRDA:609,30,0,0
BRDA:609,30,1,0
BRDA:622,31,0,0
BRDA:622,31,1,0
BRDA:622,32,0,0
BRDA:622,32,1,0
BRDA:627,33,0,0
BRDA:627,33,1,0
BRDA:631,34,0,0
BRDA:631,34,1,0
BRDA:647,35,0,0
BRDA:647,35,1,0
BRDA:647,36,0,0
BRDA:647,36,1,0
BRDA:649,37,0,0
BRDA:649,37,1,0
BRDA:649,38,0,0
BRDA:649,38,1,0
BRDA:650,39,0,0
BRDA:650,39,1,0
BRDA:652,40,0,0
BRDA:652,40,1,0
BRDA:663,41,0,1
BRDA:663,41,1,0
BRDA:663,42,0,1
BRDA:663,42,1,1
BRF:85
BRH:8
end_of_record
TN:
SF:src/tiles.js
FN:6,(anonymous_0)
FN:18,(anonymous_1)
FN:21,(anonymous_2)
FN:24,(anonymous_3)
FN:27,(anonymous_4)
FN:30,(anonymous_5)
FN:34,(anonymous_6)
FN:37,(anonymous_7)
FN:46,(anonymous_8)
FN:54,(anonymous_9)
FN:59,(anonymous_10)
FN:65,(anonymous_11)
FN:73,(anonymous_12)
FN:90,(anonymous_13)
FN:114,(anonymous_14)
FN:137,(anonymous_15)
FN:141,(anonymous_16)
FN:151,(anonymous_17)
FN:157,(anonymous_18)
FN:183,(anonymous_19)
FN:192,(anonymous_20)
FN:198,(anonymous_21)
FN:210,(anonymous_22)
FN:232,(anonymous_23)
FN:236,(anonymous_24)
FN:259,(anonymous_25)
FN:276,(anonymous_26)
FN:280,(anonymous_27)
FN:303,(anonymous_28)
FN:310,(anonymous_29)
FN:314,(anonymous_30)
FNF:31
FNH:25
FNDA:44,(anonymous_0)
FNDA:0,(anonymous_1)
FNDA:0,(anonymous_2)
FNDA:4,(anonymous_3)
FNDA:4,(anonymous_4)
FNDA:4,(anonymous_5)
FNDA:0,(anonymous_6)
FNDA:5,(anonymous_7)
FNDA:64,(anonymous_8)
FNDA:2,(anonymous_9)
FNDA:20,(anonymous_10)
FNDA:1,(anonymous_11)
FNDA:20,(anonymous_12)
FNDA:2,(anonymous_13)
FNDA:1,(anonymous_14)
FNDA:1,(anonymous_15)
FNDA:2,(anonymous_16)
FNDA:0,(anonymous_17)
FNDA:2,(anonymous_18)
FNDA:1,(anonymous_19)
FNDA:0,(anonymous_20)
FNDA:0,(anonymous_21)
FNDA:1,(anonymous_22)
FNDA:6,(anonymous_23)
FNDA:1,(anonymous_24)
FNDA:1,(anonymous_25)
FNDA:1,(anonymous_26)
FNDA:1,(anonymous_27)
FNDA:16,(anonymous_28)
FNDA:1,(anonymous_29)
FNDA:1,(anonymous_30)
DA:1,1
DA:4,1
DA:7,44
DA:8,44
DA:9,44
DA:10,44
DA:11,44
DA:12,44
DA:13,44
DA:14,44
DA:19,0
DA:22,0
DA:25,4
DA:28,4
DA:31,4
DA:32,4
DA:35,0
DA:38,5
DA:47,64
DA:48,64
DA:49,64
DA:50,64
DA:51,64
DA:56,2
DA:61,20
DA:62,20
DA:66,1
DA:68,1
DA:69,1
DA:74,20
DA:75,20
DA:77,20
DA:78,14
DA:79,14
DA:81,14
DA:82,12
DA:84,2
DA:87,20
DA:91,2
DA:92,2
DA:94,2
DA:95,2
DA:96,2
DA:98,2
DA:100,1
DA:101,1
DA:102,1
DA:104,0
DA:109,1
DA:115,1
DA:116,1
DA:122,1
DA:123,1
DA:124,1
DA:125,2
DA:126,2
DA:127,2
DA:128,2
DA:129,2
DA:130,1
DA:131,1
DA:134,1
DA:138,1
DA:142,2
DA:143,2
DA:144,0
DA:145,0
DA:146,0
DA:148,2
DA:152,0
DA:153,0
DA:154,0
DA:158,2
DA:159,2
DA:160,2
DA:162,2
DA:163,0
DA:165,0
DA:166,0
DA:167,0
DA:170,0
DA:171,0
DA:172,0
DA:173,0
DA:180,2
DA:184,1
DA:185,1
DA:192,1
DA:193,0
DA:196,1
DA:197,1
DA:198,2
DA:199,0
DA:203,2
DA:204,0
DA:207,1
DA:211,1
DA:212,1
DA:213,1
DA:215,1
DA:216,2
DA:217,2
DA:219,2
DA:221,2
DA:222,0
DA:223,0
DA:225,2
DA:226,2
DA:229,1
DA:233,6
DA:234,2
DA:236,1
DA:237,1
DA:238,1
DA:242,1
DA:243,1
DA:244,1
DA:248,2
DA:251,4
DA:252,3
DA:254,1
DA:257,2
DA:258,2
DA:259,2
DA:260,2
DA:262,1
DA:263,1
DA:264,0
DA:265,0
DA:270,1
DA:277,1
DA:281,1
DA:282,1
DA:284,1
DA:285,3
DA:287,3
DA:289,3
DA:290,1
DA:293,2
DA:294,2
DA:298,1
DA:304,16
DA:305,2
DA:307,14
DA:311,1
DA:315,1
DA:316,1
DA:317,1
DA:322,1
DA:323,1
LF:150
LH:125
BRDA:30,0,0,1
BRDA:59,1,0,20
BRDA:65,2,0,1
BRDA:68,3,0,1
BRDA:68,3,1,0
BRDA:73,4,0,0
BRDA:81,5,0,12
BRDA:81,5,1,2
BRDA:90,6,0,0
BRDA:98,7,0,1
BRDA:98,7,1,1
BRDA:101,8,0,1
BRDA:101,8,1,0
BRDA:114,9,0,1
BRDA:129,10,0,1
BRDA:129,10,1,1
BRDA:145,11,0,0
BRDA:145,11,1,0
BRDA:170,12,0,0
BRDA:170,12,1,0
BRDA:172,13,0,0
BRDA:172,13,1,0
BRDA:203,14,0,0
BRDA:203,14,1,2
BRDA:210,15,0,0
BRDA:221,16,0,0
BRDA:221,16,1,2
BRDA:232,17,0,0
BRDA:233,18,0,2
BRDA:233,18,1,4
BRDA:234,19,0,1
BRDA:234,19,1,1
BRDA:237,20,0,1
BRDA:237,20,1,0
BRDA:243,21,0,1
BRDA:243,21,1,0
BRDA:251,22,0,3
BRDA:251,22,1,1
BRDA:252,23,0,1
BRDA:252,23,1,2
BRDA:260,24,0,1
BRDA:260,24,1,1
BRDA:264,25,0,0
BRDA:264,25,1,0
BRDA:280,26,0,1
BRDA:289,27,0,1
BRDA:289,27,1,2
BRDA:293,28,0,2
BRDA:293,28,1,0
BRDA:293,29,0,2
BRDA:293,29,1,2
BRDA:304,30,0,2
BRDA:304,30,1,14
BRDA:322,31,0,1
BRDA:322,31,1,0
BRDA:322,32,0,1
BRDA:322,32,1,1
BRF:57
BRH:37
end_of_record
