TN:
SF:src/geometry.js
FN:29,pt
FN:33,hexPt
FN:38,inv
FN:51,mul
FN:63,matrixTo
FN:77,(anonymous_5)
FN:81,padd
FN:85,psub
FN:90,trot
FN:96,getRotation
FN:102,ttrans
FN:106,rotAbout
FN:111,transPt
FN:116,matchSeg
FN:121,matchTwo
FN:126,intersect
FNF:16
FNH:3
FNDA:15,pt
FNDA:13,hexPt
FNDA:0,inv
FNDA:0,mul
FNDA:0,matrixTo
FNDA:0,(anonymous_5)
FNDA:0,padd
FNDA:0,psub
FNDA:0,trot
FNDA:0,getRotation
FNDA:0,ttrans
FNDA:0,rotAbout
FNDA:2,transPt
FNDA:0,matchSeg
FNDA:0,matchTwo
FNDA:0,intersect
DA:1,1
DA:2,1
DA:3,1
DA:5,1
DA:6,1
DA:11,1
DA:30,15
DA:34,13
DA:39,0
DA:40,0
DA:52,0
DA:64,0
DA:66,0
DA:68,0
DA:73,0
DA:77,0
DA:82,0
DA:86,0
DA:91,0
DA:92,0
DA:93,0
DA:97,0
DA:98,0
DA:103,0
DA:107,0
DA:112,2
DA:117,0
DA:122,0
DA:127,0
DA:129,0
DA:132,0
DA:136,1
DA:137,1
LF:33
LH:11
BRDA:136,0,0,1
BRDA:136,0,1,0
BRDA:136,1,0,1
BRDA:136,1,1,1
BRF:4
BRH:3
end_of_record
TN:
SF:src/hat.js
FN:63,decideColour
FN:76,drawSpriteAt
FN:97,drawShapeIMG
FN:126,drawShape
FN:170,preload
FN:176,setupPanels
FN:184,setupColourSelect
FN:190,changeButtonColour
FN:192,(anonymous_8)
FN:216,(anonymous_9)
FN:222,populateColourSelect
FN:228,(anonymous_11)
FN:238,(anonymous_12)
FN:245,(anonymous_13)
FN:261,(anonymous_14)
FN:272,(anonymous_15)
FN:283,(anonymous_16)
FN:294,(anonymous_17)
FN:303,saveGameEntry
FN:318,updateTimer
FN:333,stopTimer
FN:338,resetTimer
FN:342,startTimer
FN:347,setupHeader
FN:352,(anonymous_24)
FN:368,(anonymous_25)
FN:387,(anonymous_26)
FN:404,(anonymous_27)
FN:411,(anonymous_28)
FN:430,setupFooter
FN:439,(anonymous_30)
FN:444,(anonymous_31)
FN:460,handleGameOver
FN:474,handleFirstClick
FN:484,setup
FN:495,(anonymous_35)
FN:520,(anonymous_36)
FN:532,draw
FN:591,updateScore
FN:595,isOnCanvas
FN:603,translateMousePt
FN:611,windowResized
FN:616,mousePressed
FN:637,mouseDragged
FN:662,mouseReleased
FNF:45
FNH:1
FNDA:3,decideColour
FNDA:0,drawSpriteAt
FNDA:0,drawShapeIMG
FNDA:0,drawShape
FNDA:0,preload
FNDA:0,setupPanels
FNDA:0,setupColourSelect
FNDA:0,changeButtonColour
FNDA:0,(anonymous_8)
FNDA:0,(anonymous_9)
FNDA:0,populateColourSelect
FNDA:0,(anonymous_11)
FNDA:0,(anonymous_12)
FNDA:0,(anonymous_13)
FNDA:0,(anonymous_14)
FNDA:0,(anonymous_15)
FNDA:0,(anonymous_16)
FNDA:0,(anonymous_17)
FNDA:0,saveGameEntry
FNDA:0,updateTimer
FNDA:0,stopTimer
FNDA:0,resetTimer
FNDA:0,startTimer
FNDA:0,setupHeader
FNDA:0,(anonymous_24)
FNDA:0,(anonymous_25)
FNDA:0,(anonymous_26)
FNDA:0,(anonymous_27)
FNDA:0,(anonymous_28)
FNDA:0,setupFooter
FNDA:0,(anonymous_30)
FNDA:0,(anonymous_31)
FNDA:0,handleGameOver
FNDA:0,handleFirstClick
FNDA:0,setup
FNDA:0,(anonymous_35)
FNDA:0,(anonymous_36)
FNDA:0,draw
FNDA:0,updateScore
FNDA:0,isOnCanvas
FNDA:0,translateMousePt
FNDA:0,windowResized
FNDA:0,mousePressed
FNDA:0,mouseDragged
FNDA:0,mouseReleased
DA:3,1
DA:4,1
DA:5,1
DA:6,1
DA:10,1
DA:12,1
DA:13,1
DA:18,1
DA:19,1
DA:37,1
DA:38,1
DA:40,1
DA:41,1
DA:42,1
DA:43,1
DA:44,1
DA:45,1
DA:46,1
DA:47,1
DA:48,1
DA:50,1
DA:51,1
DA:52,1
DA:55,1
DA:58,1
DA:65,3
DA:67,3
DA:68,2
DA:69,1
DA:70,1
DA:72,1
DA:77,0
DA:78,0
DA:79,0
DA:88,0
DA:99,0
DA:100,0
DA:101,0
DA:102,0
DA:103,0
DA:110,0
DA:111,0
DA:112,0
DA:118,0
DA:119,0
DA:120,0
DA:121,0
DA:122,0
DA:123,0
DA:127,0
DA:128,0
DA:130,0
DA:131,0
DA:132,0
DA:134,0
DA:136,0
DA:137,0
DA:138,0
DA:141,0
DA:142,0
DA:143,0
DA:144,0
DA:145,0
DA:146,0
DA:148,0
DA:150,0
DA:151,0
DA:152,0
DA:154,0
DA:156,0
DA:157,0
DA:158,0
DA:159,0
DA:164,0
DA:166,0
DA:171,0
DA:172,0
DA:177,0
DA:178,0
DA:179,0
DA:180,0
DA:181,0
DA:185,0
DA:186,0
DA:187,0
DA:191,0
DA:192,0
DA:194,0
DA:195,0
DA:196,0
DA:199,0
DA:202,0
DA:203,0
DA:206,0
DA:211,0
DA:213,0
DA:215,0
DA:216,0
DA:217,0
DA:223,0
DA:224,0
DA:226,0
DA:227,0
DA:228,0
DA:229,0
DA:232,0
DA:233,0
DA:235,0
DA:236,0
DA:238,0
DA:239,0
DA:240,0
DA:243,0
DA:244,0
DA:245,0
DA:246,0
DA:249,0
DA:250,0
DA:251,0
DA:254,0
DA:255,0
DA:256,0
DA:259,0
DA:260,0
DA:261,0
DA:262,0
DA:263,0
DA:264,0
DA:265,0
DA:266,0
DA:270,0
DA:271,0
DA:272,0
DA:273,0
DA:274,0
DA:275,0
DA:276,0
DA:277,0
DA:281,0
DA:282,0
DA:283,0
DA:284,0
DA:285,0
DA:286,0
DA:287,0
DA:288,0
DA:292,0
DA:293,0
DA:294,0
DA:295,0
DA:296,0
DA:297,0
DA:298,0
DA:299,0
DA:304,0
DA:306,0
DA:311,0
DA:312,0
DA:314,0
DA:319,0
DA:321,0
DA:322,0
DA:324,0
DA:325,0
DA:327,0
DA:328,0
DA:330,0
DA:334,0
DA:335,0
DA:339,0
DA:340,0
DA:343,0
DA:348,0
DA:349,0
DA:351,0
DA:352,0
DA:353,0
DA:354,0
DA:355,0
DA:356,0
DA:357,0
DA:358,0
DA:359,0
DA:360,0
DA:361,0
DA:362,0
DA:363,0
DA:366,0
DA:368,0
DA:369,0
DA:370,0
DA:371,0
DA:372,0
DA:373,0
DA:374,0
DA:375,0
DA:377,0
DA:378,0
DA:379,0
DA:380,0
DA:381,0
DA:385,0
DA:387,0
DA:388,0
DA:389,0
DA:390,0
DA:391,0
DA:392,0
DA:393,0
DA:396,0
DA:397,0
DA:399,0
DA:400,0
DA:403,0
DA:404,0
DA:405,0
DA:406,0
DA:410,0
DA:411,0
DA:413,0
DA:414,0
DA:415,0
DA:418,0
DA:420,0
DA:421,0
DA:422,0
DA:423,0
DA:424,0
DA:425,0
DA:431,0
DA:432,0
DA:434,0
DA:435,0
DA:436,0
DA:438,0
DA:439,0
DA:440,0
DA:443,0
DA:444,0
DA:445,0
DA:448,0
DA:449,0
DA:450,0
DA:452,0
DA:453,0
DA:454,0
DA:455,0
DA:463,0
DA:466,0
DA:467,0
DA:468,0
DA:476,0
DA:477,0
DA:478,0
DA:479,0
DA:485,0
DA:487,0
DA:488,0
DA:489,0
DA:493,0
DA:495,0
DA:497,0
DA:498,0
DA:499,0
DA:501,0
DA:502,0
DA:503,0
DA:504,0
DA:505,0
DA:506,0
DA:507,0
DA:508,0
DA:511,0
DA:512,0
DA:513,0
DA:514,0
DA:517,0
DA:519,0
DA:520,0
DA:521,0
DA:523,0
DA:524,0
DA:525,0
DA:526,0
DA:528,0
DA:529,0
DA:533,0
DA:534,0
DA:536,0
DA:538,0
DA:539,0
DA:542,0
DA:548,0
DA:549,0
DA:550,0
DA:551,0
DA:552,0
DA:555,0
DA:561,0
DA:562,0
DA:564,0
DA:565,0
DA:568,0
DA:570,0
DA:576,0
DA:577,0
DA:578,0
DA:580,0
DA:582,0
DA:583,0
DA:592,0
DA:593,0
DA:596,0
DA:604,0
DA:608,0
DA:612,0
DA:613,0
DA:614,0
DA:617,0
DA:619,0
DA:620,0
DA:622,0
DA:623,0
DA:624,0
DA:625,0
DA:626,0
DA:627,0
DA:629,0
DA:630,0
DA:631,0
DA:634,0
DA:638,0
DA:640,0
DA:641,0
DA:643,0
DA:644,0
DA:647,0
DA:648,0
DA:649,0
DA:650,0
DA:653,0
DA:654,0
DA:655,0
DA:658,0
DA:659,0
DA:663,0
DA:665,0
DA:666,0
DA:667,0
DA:668,0
DA:669,0
DA:672,0
DA:673,0
DA:674,0
DA:676,0
DA:679,1
DA:680,1
LF:357
LH:33
BRDA:65,0,0,0
BRDA:65,0,1,3
BRDA:67,1,0,2
BRDA:67,1,1,1
BRDA:68,2,0,1
BRDA:68,2,1,1
BRDA:76,3,0,0
BRDA:78,4,0,0
BRDA:78,4,1,0
BRDA:97,5,0,0
BRDA:100,6,0,0
BRDA:100,6,1,0
BRDA:110,7,0,0
BRDA:110,7,1,0
BRDA:110,8,0,0
BRDA:110,8,1,0
BRDA:126,9,0,0
BRDA:142,10,0,0
BRDA:142,10,1,0
BRDA:145,11,0,0
BRDA:145,11,1,0
BRDA:154,12,0,0
BRDA:154,12,1,0
BRDA:202,13,0,0
BRDA:202,13,1,0
BRDA:304,14,0,0
BRDA:304,14,1,0
BRDA:319,15,0,0
BRDA:319,15,1,0
BRDA:369,16,0,0
BRDA:369,16,1,0
BRDA:388,17,0,0
BRDA:388,17,1,0
BRDA:478,18,0,0
BRDA:478,18,1,0
BRDA:478,19,0,0
BRDA:478,19,1,0
BRDA:538,20,0,0
BRDA:538,20,1,0
BRDA:549,21,0,0
BRDA:549,21,1,0
BRDA:550,22,0,0
BRDA:550,22,1,0
BRDA:550,23,0,0
BRDA:550,23,1,0
BRDA:568,24,0,0
BRDA:568,24,1,0
BRDA:577,25,0,0
BRDA:577,25,1,0
BRDA:582,26,0,0
BRDA:582,26,1,0
BRDA:597,27,0,0
BRDA:597,27,1,0
BRDA:597,27,2,0
BRDA:597,27,3,0
BRDA:617,28,0,0
BRDA:617,28,1,0
BRDA:617,29,0,0
BRDA:617,29,1,0
BRDA:624,30,0,0
BRDA:624,30,1,0
BRDA:624,31,0,0
BRDA:624,31,1,0
BRDA:625,32,0,0
BRDA:625,32,1,0
BRDA:638,33,0,0
BRDA:638,33,1,0
BRDA:638,34,0,0
BRDA:638,34,1,0
BRDA:643,35,0,0
BRDA:643,35,1,0
BRDA:647,36,0,0
BRDA:647,36,1,0
BRDA:663,37,0,0
BRDA:663,37,1,0
BRDA:663,38,0,0
BRDA:663,38,1,0
BRDA:665,39,0,0
BRDA:665,39,1,0
BRDA:665,40,0,0
BRDA:665,40,1,0
BRDA:666,41,0,0
BRDA:666,41,1,0
BRDA:668,42,0,0
BRDA:668,42,1,0
BRDA:679,43,0,1
BRDA:679,43,1,0
BRDA:679,44,0,1
BRDA:679,44,1,1
BRF:89
BRH:8
end_of_record
TN:
SF:src/tiles.js
FN:6,(anonymous_0)
FN:18,(anonymous_1)
FN:21,(anonymous_2)
FN:24,(anonymous_3)
FN:27,(anonymous_4)
FN:30,(anonymous_5)
FN:34,(anonymous_6)
FN:37,(anonymous_7)
FN:46,(anonymous_8)
FN:54,(anonymous_9)
FN:59,(anonymous_10)
FN:65,(anonymous_11)
FN:72,(anonymous_12)
FN:76,(anonymous_13)
FN:93,(anonymous_14)
FN:117,(anonymous_15)
FN:141,(anonymous_16)
FN:145,(anonymous_17)
FN:155,(anonymous_18)
FN:161,(anonymous_19)
FN:187,(anonymous_20)
FN:196,(anonymous_21)
FN:203,(anonymous_22)
FN:216,(anonymous_23)
FN:238,(anonymous_24)
FN:242,(anonymous_25)
FN:265,(anonymous_26)
FN:282,(anonymous_27)
FN:289,(anonymous_28)
FN:312,(anonymous_29)
FN:319,(anonymous_30)
FN:323,(anonymous_31)
FNF:32
FNH:15
FNDA:15,(anonymous_0)
FNDA:0,(anonymous_1)
FNDA:0,(anonymous_2)
FNDA:0,(anonymous_3)
FNDA:3,(anonymous_4)
FNDA:3,(anonymous_5)
FNDA:0,(anonymous_6)
FNDA:4,(anonymous_7)
FNDA:10,(anonymous_8)
FNDA:2,(anonymous_9)
FNDA:3,(anonymous_10)
FNDA:1,(anonymous_11)
FNDA:0,(anonymous_12)
FNDA:2,(anonymous_13)
FNDA:0,(anonymous_14)
FNDA:1,(anonymous_15)
FNDA:0,(anonymous_16)
FNDA:0,(anonymous_17)
FNDA:0,(anonymous_18)
FNDA:0,(anonymous_19)
FNDA:0,(anonymous_20)
FNDA:0,(anonymous_21)
FNDA:0,(anonymous_22)
FNDA:0,(anonymous_23)
FNDA:4,(anonymous_24)
FNDA:1,(anonymous_25)
FNDA:0,(anonymous_26)
FNDA:1,(anonymous_27)
FNDA:0,(anonymous_28)
FNDA:1,(anonymous_29)
FNDA:0,(anonymous_30)
FNDA:1,(anonymous_31)
DA:1,1
DA:4,1
DA:7,15
DA:8,15
DA:9,15
DA:10,15
DA:11,15
DA:12,15
DA:13,15
DA:14,15
DA:19,0
DA:22,0
DA:25,0
DA:28,3
DA:31,3
DA:32,3
DA:35,0
DA:38,4
DA:47,10
DA:48,10
DA:49,10
DA:50,10
DA:51,10
DA:56,2
DA:61,3
DA:62,3
DA:66,1
DA:68,1
DA:69,1
DA:77,2
DA:78,2
DA:80,2
DA:81,1
DA:82,1
DA:84,1
DA:85,1
DA:87,0
DA:90,2
DA:94,0
DA:95,0
DA:97,0
DA:98,0
DA:99,0
DA:101,0
DA:103,0
DA:104,0
DA:105,0
DA:107,0
DA:112,0
DA:118,1
DA:119,1
DA:125,1
DA:126,1
DA:127,1
DA:128,2
DA:129,2
DA:130,2
DA:131,2
DA:132,2
DA:133,2
DA:134,1
DA:135,1
DA:138,1
DA:142,0
DA:146,0
DA:147,0
DA:148,0
DA:149,0
DA:150,0
DA:152,0
DA:156,0
DA:157,0
DA:158,0
DA:162,0
DA:163,0
DA:164,0
DA:166,0
DA:167,0
DA:169,0
DA:170,0
DA:171,0
DA:174,0
DA:175,0
DA:176,0
DA:177,0
DA:184,0
DA:188,0
DA:189,0
DA:196,0
DA:198,0
DA:201,0
DA:202,0
DA:203,0
DA:205,0
DA:209,0
DA:210,0
DA:213,0
DA:217,0
DA:218,0
DA:219,0
DA:221,0
DA:222,0
DA:223,0
DA:225,0
DA:227,0
DA:228,0
DA:229,0
DA:231,0
DA:232,0
DA:235,0
DA:239,4
DA:240,2
DA:242,1
DA:243,1
DA:244,1
DA:248,1
DA:249,1
DA:250,1
DA:254,2
DA:257,2
DA:258,2
DA:260,1
DA:263,1
DA:264,1
DA:265,1
DA:266,1
DA:268,1
DA:269,1
DA:270,0
DA:271,0
DA:276,0
DA:286,1
DA:290,0
DA:291,0
DA:293,0
DA:294,0
DA:296,0
DA:298,0
DA:299,0
DA:302,0
DA:303,0
DA:307,0
DA:313,1
DA:314,0
DA:316,1
DA:320,0
DA:324,1
DA:325,1
DA:326,1
DA:331,1
DA:332,1
LF:151
LH:73
BRDA:30,0,0,1
BRDA:59,1,0,3
BRDA:65,2,0,1
BRDA:68,3,0,1
BRDA:68,3,1,0
BRDA:76,4,0,0
BRDA:84,5,0,1
BRDA:84,5,1,0
BRDA:93,6,0,0
BRDA:101,7,0,0
BRDA:101,7,1,0
BRDA:104,8,0,0
BRDA:104,8,1,0
BRDA:117,9,0,1
BRDA:133,10,0,1
BRDA:133,10,1,1
BRDA:149,11,0,0
BRDA:149,11,1,0
BRDA:174,12,0,0
BRDA:174,12,1,0
BRDA:176,13,0,0
BRDA:176,13,1,0
BRDA:209,14,0,0
BRDA:209,14,1,0
BRDA:216,15,0,0
BRDA:227,16,0,0
BRDA:227,16,1,0
BRDA:238,17,0,0
BRDA:239,18,0,2
BRDA:239,18,1,2
BRDA:240,19,0,1
BRDA:240,19,1,1
BRDA:243,20,0,1
BRDA:243,20,1,0
BRDA:249,21,0,1
BRDA:249,21,1,0
BRDA:257,22,0,2
BRDA:257,22,1,0
BRDA:258,23,0,1
BRDA:258,23,1,1
BRDA:266,24,0,1
BRDA:266,24,1,0
BRDA:270,25,0,0
BRDA:270,25,1,0
BRDA:289,26,0,0
BRDA:298,27,0,0
BRDA:298,27,1,0
BRDA:302,28,0,0
BRDA:302,28,1,0
BRDA:302,29,0,0
BRDA:302,29,1,0
BRDA:313,30,0,0
BRDA:313,30,1,1
BRDA:331,31,0,1
BRDA:331,31,1,0
BRDA:331,32,0,1
BRDA:331,32,1,1
BRF:57
BRH:22
end_of_record
